#
# There is insufficient memory for the Java Runtime Environment to continue.
# Native memory allocation (malloc) failed to allocate 88560 bytes for Chunk::new
# Possible reasons:
#   The system is out of physical RAM or swap space
#   The process is running with CompressedOops enabled, and the Java Heap may be blocking the growth of the native heap
# Possible solutions:
#   Reduce memory load on the system
#   Increase physical memory or swap space
#   Check if swap backing store is full
#   Decrease Java heap size (-Xmx/-Xms)
#   Decrease number of Java threads
#   Decrease Java thread stack sizes (-Xss)
#   Set larger code cache with -XX:ReservedCodeCacheSize=
#   JVM is running with Unscaled Compressed Oops mode in which the Java heap is
#     placed in the first 4GB address space. The Java Heap base address is the
#     maximum limit for the native heap growth. Please use -XX:HeapBaseMinAddress
#     to set the Java Heap base and to place the Java Heap above 4GB virtual address.
# This output file may be truncated or incomplete.
#
#  Out of Memory Error (./open/src/hotspot/share/memory/arena.cpp:195), pid=10156, tid=7292
#
# JRE version: Java(TM) SE Runtime Environment (15.0.1+9) (build 15.0.1+9-18)
# Java VM: Java HotSpot(TM) 64-Bit Server VM (15.0.1+9-18, mixed mode, sharing, tiered, compressed oops, g1 gc, windows-amd64)
# No core dump will be written. Minidumps are not enabled by default on client versions of Windows
#

---------------  S U M M A R Y ------------

Command Line: --add-opens=java.base/java.util=ALL-UNNAMED --add-opens=java.base/java.lang=ALL-UNNAMED --add-opens=java.base/java.lang.invoke=ALL-UNNAMED --add-opens=java.prefs/java.util.prefs=ALL-UNNAMED -Xmx2048m -Dfile.encoding=windows-1256 -Duser.country=US -Duser.language=en -Duser.variant org.gradle.launcher.daemon.bootstrap.GradleDaemon 6.3

Host: AMD A4-4300M APU with Radeon(tm) HD Graphics   , 2 cores, 7G,  Windows 10 , 64 bit Build 18362 (10.0.18362.1500)
Time: Mon May 24 18:54:31 2021 Egypt Standard Time elapsed time: 39.812916 seconds (0d 0h 0m 39s)

---------------  T H R E A D  ---------------

Current thread (0x0000026aa7407a50):  JavaThread "C2 CompilerThread0" daemon [_thread_in_native, id=7292, stack(0x0000007bfab00000,0x0000007bfac00000)]


Current CompileTask:
C2:  39813 5474       4       java.util.WeakHashMap$HashIterator::nextEntry (81 bytes)

Stack: [0x0000007bfab00000,0x0000007bfac00000]
Native frames: (J=compiled Java code, j=interpreted, Vv=VM code, C=native code)
V  [jvm.dll+0x62ae9a]
V  [jvm.dll+0x781389]
V  [jvm.dll+0x782ae3]
V  [jvm.dll+0x783143]
V  [jvm.dll+0x216265]
V  [jvm.dll+0x97efa]
V  [jvm.dll+0x985dc]
V  [jvm.dll+0x32e525]
V  [jvm.dll+0x2f78aa]
V  [jvm.dll+0x2f6c6a]
V  [jvm.dll+0x1ea645]
V  [jvm.dll+0x1e98ae]
V  [jvm.dll+0x1784c7]
V  [jvm.dll+0x1f9165]
V  [jvm.dll+0x1f720c]
V  [jvm.dll+0x74485d]
V  [jvm.dll+0x73d65a]
V  [jvm.dll+0x629c56]
C  [ucrtbase.dll+0x210b2]
C  [KERNEL32.DLL+0x17c24]
C  [ntdll.dll+0x6d721]


---------------  P R O C E S S  ---------------

Threads class SMR info:
_java_thread_list=0x0000026aa7f9a6c0, length=32, elements={
0x0000026a87632780, 0x0000026aa73e4230, 0x0000026aa73e70d0, 0x0000026aa73ff580,
0x0000026aa7402b70, 0x0000026aa7407150, 0x0000026aa7407a50, 0x0000026aa746e350,
0x0000026aa746e860, 0x0000026aa7e3be50, 0x0000026aa7e3d0c0, 0x0000026aa85d2910,
0x0000026aa95820c0, 0x0000026aa8d71b10, 0x0000026aa8e09000, 0x0000026aa95e6f10,
0x0000026aa952b600, 0x0000026aa952eaf0, 0x0000026aa952efc0, 0x0000026aa9dd1d70,
0x0000026aabdf86e0, 0x0000026aabdfb700, 0x0000026aabdf8bb0, 0x0000026aabdf9a20,
0x0000026aabdf6530, 0x0000026aabdfa3c0, 0x0000026aabdf8210, 0x0000026aabdf73a0,
0x0000026aabdf7d40, 0x0000026aabdf6a00, 0x0000026aabdfa890, 0x0000026aabdf6ed0
}

Java Threads: ( => current thread )
  0x0000026a87632780 JavaThread "main" [_thread_blocked, id=5360, stack(0x0000007bf9f00000,0x0000007bfa000000)]
  0x0000026aa73e4230 JavaThread "Reference Handler" daemon [_thread_blocked, id=444, stack(0x0000007bfa600000,0x0000007bfa700000)]
  0x0000026aa73e70d0 JavaThread "Finalizer" daemon [_thread_blocked, id=10632, stack(0x0000007bfa700000,0x0000007bfa800000)]
  0x0000026aa73ff580 JavaThread "Signal Dispatcher" daemon [_thread_blocked, id=6804, stack(0x0000007bfa800000,0x0000007bfa900000)]
  0x0000026aa7402b70 JavaThread "Attach Listener" daemon [_thread_blocked, id=3124, stack(0x0000007bfa900000,0x0000007bfaa00000)]
  0x0000026aa7407150 JavaThread "Service Thread" daemon [_thread_blocked, id=8856, stack(0x0000007bfaa00000,0x0000007bfab00000)]
=>0x0000026aa7407a50 JavaThread "C2 CompilerThread0" daemon [_thread_in_native, id=7292, stack(0x0000007bfab00000,0x0000007bfac00000)]
  0x0000026aa746e350 JavaThread "C1 CompilerThread0" daemon [_thread_blocked, id=6068, stack(0x0000007bfac00000,0x0000007bfad00000)]
  0x0000026aa746e860 JavaThread "Sweeper thread" daemon [_thread_blocked, id=9520, stack(0x0000007bfad00000,0x0000007bfae00000)]
  0x0000026aa7e3be50 JavaThread "Common-Cleaner" daemon [_thread_blocked, id=6164, stack(0x0000007bfae00000,0x0000007bfaf00000)]
  0x0000026aa7e3d0c0 JavaThread "Notification Thread" daemon [_thread_blocked, id=9832, stack(0x0000007bfaf00000,0x0000007bfb000000)]
  0x0000026aa85d2910 JavaThread "Daemon health stats" [_thread_blocked, id=8936, stack(0x0000007bfb200000,0x0000007bfb300000)]
  0x0000026aa95820c0 JavaThread "Incoming local TCP Connector on port 53396" [_thread_in_native, id=6600, stack(0x0000007bfb300000,0x0000007bfb400000)]
  0x0000026aa8d71b10 JavaThread "Daemon" [_thread_blocked, id=6372, stack(0x0000007bfb400000,0x0000007bfb500000)]
  0x0000026aa8e09000 JavaThread "Daemon periodic checks" [_thread_blocked, id=7156, stack(0x0000007bfb600000,0x0000007bfb700000)]
  0x0000026aa95e6f10 JavaThread "Daemon worker" [_thread_in_native, id=164, stack(0x0000007bfb800000,0x0000007bfb900000)]
  0x0000026aa952b600 JavaThread "Cache worker for journal cache (C:\Users\Abdulla\.gradle\caches\journal-1)" [_thread_blocked, id=6188, stack(0x0000007bfbd00000,0x0000007bfbe00000)]
  0x0000026aa952eaf0 JavaThread "File lock request listener" [_thread_in_native, id=6900, stack(0x0000007bfbe00000,0x0000007bfbf00000)]
  0x0000026aa952efc0 JavaThread "Cache worker for file hash cache (C:\Users\Abdulla\.gradle\caches\6.3\fileHashes)" [_thread_blocked, id=9140, stack(0x0000007bfbf00000,0x0000007bfc000000)]
  0x0000026aa9dd1d70 JavaThread "Cache worker for execution history cache (C:\Users\Abdulla\.gradle\caches\6.3\executionHistory)" [_thread_blocked, id=7232, stack(0x0000007bfc400000,0x0000007bfc500000)]
  0x0000026aabdf86e0 JavaThread "Handler for socket connection from /127.0.0.1:53396 to /127.0.0.1:53404" [_thread_in_native, id=10244, stack(0x0000007bfb900000,0x0000007bfba00000)]
  0x0000026aabdfb700 JavaThread "Cancel handler" [_thread_blocked, id=5756, stack(0x0000007bfba00000,0x0000007bfbb00000)]
  0x0000026aabdf8bb0 JavaThread "Asynchronous log dispatcher for DefaultDaemonConnection: socket connection from /127.0.0.1:53396 to /127.0.0.1:53404" [_thread_blocked, id=10800, stack(0x0000007bfbb00000,0x0000007bfbc00000)]
  0x0000026aabdf9a20 JavaThread "Stdin handler" [_thread_blocked, id=7744, stack(0x0000007bfc000000,0x0000007bfc100000)]
  0x0000026aabdf6530 JavaThread "Thread-23" [_thread_blocked, id=8100, stack(0x0000007bfc100000,0x0000007bfc200000)]
  0x0000026aabdfa3c0 JavaThread "Cache worker for checksums cache (E:\Android\AndroidStudioProjects\ConvertAPIToSqlite\.gradle\checksums)" [_thread_blocked, id=3996, stack(0x0000007bfc200000,0x0000007bfc300000)]
  0x0000026aabdf8210 JavaThread "Cache worker for file hash cache (E:\Android\AndroidStudioProjects\ConvertAPIToSqlite\.gradle\6.3\fileHashes)" [_thread_blocked, id=396, stack(0x0000007bfc300000,0x0000007bfc400000)]
  0x0000026aabdf73a0 JavaThread "Cache worker for cache directory md-supplier (C:\Users\Abdulla\.gradle\caches\6.3\md-supplier)" [_thread_blocked, id=6488, stack(0x0000007bfc500000,0x0000007bfc600000)]
  0x0000026aabdf7d40 JavaThread "Cache worker for cache directory md-rule (C:\Users\Abdulla\.gradle\caches\6.3\md-rule)" [_thread_blocked, id=9656, stack(0x0000007bfc600000,0x0000007bfc700000)]
  0x0000026aabdf6a00 JavaThread "Cache worker for Build Output Cleanup Cache (E:\Android\AndroidStudioProjects\ConvertAPIToSqlite\.gradle\buildOutputCleanup)" [_thread_blocked, id=4188, stack(0x0000007bfc700000,0x0000007bfc800000)]
  0x0000026aabdfa890 JavaThread "Build operations" [_thread_blocked, id=8004, stack(0x0000007bfc800000,0x0000007bfc900000)]
  0x0000026aabdf6ed0 JavaThread "Build operations Thread 2" [_thread_blocked, id=7924, stack(0x0000007bfc900000,0x0000007bfca00000)]

Other Threads:
  0x0000026aa73e12f0 VMThread "VM Thread" [stack: 0x0000007bfa500000,0x0000007bfa600000] [id=360]
  0x0000026aa7e45a40 WatcherThread [stack: 0x0000007bfb000000,0x0000007bfb100000] [id=4952]
  0x0000026a8766f530 GCTaskThread "GC Thread#0" [stack: 0x0000007bfa000000,0x0000007bfa100000] [id=6712]
  0x0000026aa7fd20d0 GCTaskThread "GC Thread#1" [stack: 0x0000007bfb100000,0x0000007bfb200000] [id=9196]
  0x0000026a87680710 ConcurrentGCThread "G1 Main Marker" [stack: 0x0000007bfa100000,0x0000007bfa200000] [id=8304]
  0x0000026a87682a40 ConcurrentGCThread "G1 Conc#0" [stack: 0x0000007bfa200000,0x0000007bfa300000] [id=7400]
  0x0000026a876e3770 ConcurrentGCThread "G1 Refine#0" [stack: 0x0000007bfa300000,0x0000007bfa400000] [id=6216]
  0x0000026aa87c1650 ConcurrentGCThread "G1 Refine#1" [stack: 0x0000007bfbc00000,0x0000007bfbd00000] [id=4256]
  0x0000026a876e4ea0 ConcurrentGCThread "G1 Young RemSet Sampling" [stack: 0x0000007bfa400000,0x0000007bfa500000] [id=7800]

Threads with active compile tasks:
C2 CompilerThread0    39900 5474       4       java.util.WeakHashMap$HashIterator::nextEntry (81 bytes)

VM state: not at safepoint (normal execution)

VM Mutex/Monitor currently owned by a thread: None

OutOfMemory and StackOverflow Exception counts:
OutOfMemoryError java_heap_errors=2
LinkageErrors=123

Heap address: 0x0000000080000000, size: 2048 MB, Compressed Oops mode: 32-bit
CDS archive(s) mapped at: [0x0000000800000000-0x0000000800b50000-0x0000000800b50000), size 11862016, SharedBaseAddress: 0x0000000800000000, ArchiveRelocationMode: 0.
Compressed class space mapped at: 0x0000000800b50000-0x0000000840b50000, size: 1073741824
Narrow klass base: 0x0000000800000000, Narrow klass shift: 3, Narrow klass range: 0x100000000

GC Precious Log:
 CPUs: 2 total, 2 available
 Memory: 7369M
 Large Page Support: Disabled
 NUMA Support: Disabled
 Compressed Oops: Enabled (32-bit)
 Heap Region Size: 1M
 Heap Min Capacity: 8M
 Heap Initial Capacity: 116M
 Heap Max Capacity: 2G
 Pre-touch: Disabled
 Parallel Workers: 2
 Concurrent Workers: 1
 Concurrent Refinement Workers: 2
 Periodic GC: Disabled

Heap:
 garbage-first heap   total 168960K, used 113908K [0x0000000080000000, 0x0000000100000000)
  region size 1024K, 34 young (34816K), 6 survivors (6144K)
 Metaspace       used 37847K, capacity 38912K, committed 39168K, reserved 1083392K
  class space    used 4959K, capacity 5274K, committed 5376K, reserved 1048576K

Heap Regions: E=young(eden), S=young(survivor), O=old, HS=humongous(starts), HC=humongous(continues), CS=collection set, F=free, OA=open archive, CA=closed archive, TAMS=top-at-mark-start (previous, next)
|   0|0x0000000080000000, 0x0000000080100000, 0x0000000080100000|100%| O|  |TAMS 0x0000000080100000, 0x0000000080000000| Untracked 
|   1|0x0000000080100000, 0x0000000080200000, 0x0000000080200000|100%| O|  |TAMS 0x0000000080100000, 0x0000000080100000| Untracked 
|   2|0x0000000080200000, 0x0000000080300000, 0x0000000080300000|100%| O|  |TAMS 0x0000000080300000, 0x0000000080200000| Untracked 
|   3|0x0000000080300000, 0x0000000080400000, 0x0000000080400000|100%| O|  |TAMS 0x0000000080400000, 0x0000000080300000| Untracked 
|   4|0x0000000080400000, 0x0000000080500000, 0x0000000080500000|100%|HS|  |TAMS 0x0000000080500000, 0x0000000080400000| Complete 
|   5|0x0000000080500000, 0x0000000080600000, 0x0000000080600000|100%|HC|  |TAMS 0x0000000080600000, 0x0000000080500000| Complete 
|   6|0x0000000080600000, 0x0000000080700000, 0x0000000080700000|100%|HC|  |TAMS 0x0000000080700000, 0x0000000080600000| Complete 
|   7|0x0000000080700000, 0x0000000080800000, 0x0000000080800000|100%| O|  |TAMS 0x0000000080800000, 0x0000000080700000| Untracked 
|   8|0x0000000080800000, 0x0000000080900000, 0x0000000080900000|100%| O|  |TAMS 0x0000000080900000, 0x0000000080800000| Untracked 
|   9|0x0000000080900000, 0x0000000080a00000, 0x0000000080a00000|100%| O|  |TAMS 0x0000000080a00000, 0x0000000080900000| Untracked 
|  10|0x0000000080a00000, 0x0000000080b00000, 0x0000000080b00000|100%| O|  |TAMS 0x0000000080b00000, 0x0000000080a00000| Untracked 
|  11|0x0000000080b00000, 0x0000000080c00000, 0x0000000080c00000|100%| O|  |TAMS 0x0000000080c00000, 0x0000000080b00000| Untracked 
|  12|0x0000000080c00000, 0x0000000080d00000, 0x0000000080d00000|100%| O|  |TAMS 0x0000000080d00000, 0x0000000080c00000| Untracked 
|  13|0x0000000080d00000, 0x0000000080e00000, 0x0000000080e00000|100%| O|  |TAMS 0x0000000080e00000, 0x0000000080d00000| Untracked 
|  14|0x0000000080e00000, 0x0000000080f00000, 0x0000000080f00000|100%| O|  |TAMS 0x0000000080f00000, 0x0000000080e00000| Untracked 
|  15|0x0000000080f00000, 0x0000000081000000, 0x0000000081000000|100%| O|  |TAMS 0x0000000081000000, 0x0000000080f00000| Untracked 
|  16|0x0000000081000000, 0x0000000081100000, 0x0000000081100000|100%| O|  |TAMS 0x0000000081000000, 0x0000000081000000| Untracked 
|  17|0x0000000081100000, 0x0000000081200000, 0x0000000081200000|100%|HS|  |TAMS 0x0000000081200000, 0x0000000081100000| Complete 
|  18|0x0000000081200000, 0x0000000081300000, 0x0000000081300000|100%|HC|  |TAMS 0x0000000081300000, 0x0000000081200000| Complete 
|  19|0x0000000081300000, 0x0000000081400000, 0x0000000081400000|100%|HS|  |TAMS 0x0000000081400000, 0x0000000081300000| Complete 
|  20|0x0000000081400000, 0x0000000081500000, 0x0000000081500000|100%|HC|  |TAMS 0x0000000081500000, 0x0000000081400000| Complete 
|  21|0x0000000081500000, 0x0000000081600000, 0x0000000081600000|100%|HC|  |TAMS 0x0000000081600000, 0x0000000081500000| Complete 
|  22|0x0000000081600000, 0x0000000081700000, 0x0000000081700000|100%|HS|  |TAMS 0x0000000081700000, 0x0000000081600000| Complete 
|  23|0x0000000081700000, 0x0000000081800000, 0x0000000081800000|100%|HC|  |TAMS 0x0000000081800000, 0x0000000081700000| Complete 
|  24|0x0000000081800000, 0x0000000081900000, 0x0000000081900000|100%|HC|  |TAMS 0x0000000081900000, 0x0000000081800000| Complete 
|  25|0x0000000081900000, 0x0000000081a00000, 0x0000000081a00000|100%|HC|  |TAMS 0x0000000081a00000, 0x0000000081900000| Complete 
|  26|0x0000000081a00000, 0x0000000081b00000, 0x0000000081b00000|100%| O|  |TAMS 0x0000000081b00000, 0x0000000081a00000| Untracked 
|  27|0x0000000081b00000, 0x0000000081c00000, 0x0000000081c00000|100%| O|  |TAMS 0x0000000081c00000, 0x0000000081b00000| Untracked 
|  28|0x0000000081c00000, 0x0000000081d00000, 0x0000000081d00000|100%|HS|  |TAMS 0x0000000081d00000, 0x0000000081c00000| Complete 
|  29|0x0000000081d00000, 0x0000000081e00000, 0x0000000081e00000|100%|HC|  |TAMS 0x0000000081e00000, 0x0000000081d00000| Complete 
|  30|0x0000000081e00000, 0x0000000081f00000, 0x0000000081f00000|100%|HC|  |TAMS 0x0000000081f00000, 0x0000000081e00000| Complete 
|  31|0x0000000081f00000, 0x0000000082000000, 0x0000000082000000|100%|HC|  |TAMS 0x0000000082000000, 0x0000000081f00000| Complete 
|  32|0x0000000082000000, 0x0000000082100000, 0x0000000082100000|100%| O|  |TAMS 0x0000000082100000, 0x0000000082000000| Untracked 
|  33|0x0000000082100000, 0x0000000082200000, 0x0000000082200000|100%| O|  |TAMS 0x0000000082200000, 0x0000000082100000| Untracked 
|  34|0x0000000082200000, 0x0000000082300000, 0x0000000082300000|100%| O|  |TAMS 0x0000000082300000, 0x0000000082200000| Untracked 
|  35|0x0000000082300000, 0x0000000082400000, 0x0000000082400000|100%| O|  |TAMS 0x0000000082400000, 0x0000000082300000| Untracked 
|  36|0x0000000082400000, 0x0000000082500000, 0x0000000082500000|100%| O|  |TAMS 0x0000000082400000, 0x0000000082400000| Untracked 
|  37|0x0000000082500000, 0x0000000082600000, 0x0000000082600000|100%| O|  |TAMS 0x0000000082500000, 0x0000000082500000| Untracked 
|  38|0x0000000082600000, 0x0000000082700000, 0x0000000082700000|100%| O|  |TAMS 0x0000000082600000, 0x0000000082600000| Untracked 
|  39|0x0000000082700000, 0x0000000082800000, 0x0000000082800000|100%| O|  |TAMS 0x0000000082700000, 0x0000000082700000| Untracked 
|  40|0x0000000082800000, 0x0000000082900000, 0x0000000082900000|100%| O|  |TAMS 0x0000000082900000, 0x0000000082800000| Untracked 
|  41|0x0000000082900000, 0x0000000082a00000, 0x0000000082a00000|100%| O|  |TAMS 0x0000000082a00000, 0x0000000082900000| Untracked 
|  42|0x0000000082a00000, 0x0000000082b00000, 0x0000000082b00000|100%| O|  |TAMS 0x0000000082b00000, 0x0000000082a00000| Untracked 
|  43|0x0000000082b00000, 0x0000000082c00000, 0x0000000082c00000|100%| O|  |TAMS 0x0000000082b00000, 0x0000000082b00000| Untracked 
|  44|0x0000000082c00000, 0x0000000082d00000, 0x0000000082d00000|100%| O|  |TAMS 0x0000000082c00000, 0x0000000082c00000| Untracked 
|  45|0x0000000082d00000, 0x0000000082e00000, 0x0000000082e00000|100%| O|  |TAMS 0x0000000082d00000, 0x0000000082d00000| Untracked 
|  46|0x0000000082e00000, 0x0000000082f00000, 0x0000000082f00000|100%| O|  |TAMS 0x0000000082e00000, 0x0000000082e00000| Untracked 
|  47|0x0000000082f00000, 0x0000000083000000, 0x0000000083000000|100%| O|  |TAMS 0x0000000082f00000, 0x0000000082f00000| Untracked 
|  48|0x0000000083000000, 0x0000000083100000, 0x0000000083100000|100%|HS|  |TAMS 0x0000000083100000, 0x0000000083000000| Complete 
|  49|0x0000000083100000, 0x0000000083200000, 0x0000000083200000|100%|HC|  |TAMS 0x0000000083200000, 0x0000000083100000| Complete 
|  50|0x0000000083200000, 0x0000000083300000, 0x0000000083300000|100%|HC|  |TAMS 0x0000000083300000, 0x0000000083200000| Complete 
|  51|0x0000000083300000, 0x0000000083400000, 0x0000000083400000|100%| O|  |TAMS 0x0000000083300000, 0x0000000083300000| Untracked 
|  52|0x0000000083400000, 0x0000000083500000, 0x0000000083500000|100%| O|  |TAMS 0x0000000083400000, 0x0000000083400000| Untracked 
|  53|0x0000000083500000, 0x0000000083600000, 0x0000000083600000|100%| O|  |TAMS 0x0000000083500000, 0x0000000083500000| Untracked 
|  54|0x0000000083600000, 0x0000000083700000, 0x0000000083700000|100%| O|  |TAMS 0x0000000083600000, 0x0000000083600000| Untracked 
|  55|0x0000000083700000, 0x0000000083800000, 0x0000000083800000|100%| O|  |TAMS 0x0000000083700000, 0x0000000083700000| Untracked 
|  56|0x0000000083800000, 0x0000000083900000, 0x0000000083900000|100%| O|  |TAMS 0x0000000083800000, 0x0000000083800000| Untracked 
|  57|0x0000000083900000, 0x0000000083a00000, 0x0000000083a00000|100%| O|  |TAMS 0x0000000083900000, 0x0000000083900000| Untracked 
|  58|0x0000000083a00000, 0x0000000083b00000, 0x0000000083b00000|100%| O|  |TAMS 0x0000000083a00000, 0x0000000083a00000| Untracked 
|  59|0x0000000083b00000, 0x0000000083b3d000, 0x0000000083c00000| 23%| O|  |TAMS 0x0000000083b00000, 0x0000000083b00000| Untracked 
|  60|0x0000000083c00000, 0x0000000083c00000, 0x0000000083d00000|  0%| F|  |TAMS 0x0000000083c00000, 0x0000000083c00000| Untracked 
|  61|0x0000000083d00000, 0x0000000083d00000, 0x0000000083e00000|  0%| F|  |TAMS 0x0000000083d00000, 0x0000000083d00000| Untracked 
|  62|0x0000000083e00000, 0x0000000083e00000, 0x0000000083f00000|  0%| F|  |TAMS 0x0000000083e00000, 0x0000000083e00000| Untracked 
|  63|0x0000000083f00000, 0x0000000083f00000, 0x0000000084000000|  0%| F|  |TAMS 0x0000000083f00000, 0x0000000083f00000| Untracked 
|  64|0x0000000084000000, 0x0000000084000000, 0x0000000084100000|  0%| F|  |TAMS 0x0000000084000000, 0x0000000084000000| Untracked 
|  65|0x0000000084100000, 0x0000000084200000, 0x0000000084200000|100%| O|  |TAMS 0x0000000084200000, 0x0000000084100000| Untracked 
|  66|0x0000000084200000, 0x0000000084300000, 0x0000000084300000|100%| O|  |TAMS 0x0000000084263e00, 0x0000000084200000| Untracked 
|  67|0x0000000084300000, 0x0000000084400000, 0x0000000084400000|100%| O|  |TAMS 0x0000000084300000, 0x0000000084300000| Untracked 
|  68|0x0000000084400000, 0x0000000084500000, 0x0000000084500000|100%| O|  |TAMS 0x0000000084400000, 0x0000000084400000| Untracked 
|  69|0x0000000084500000, 0x0000000084600000, 0x0000000084600000|100%| O|  |TAMS 0x0000000084600000, 0x0000000084500000| Untracked 
|  70|0x0000000084600000, 0x0000000084700000, 0x0000000084700000|100%| O|  |TAMS 0x0000000084700000, 0x0000000084600000| Untracked 
|  71|0x0000000084700000, 0x0000000084800000, 0x0000000084800000|100%| O|  |TAMS 0x0000000084800000, 0x0000000084700000| Untracked 
|  72|0x0000000084800000, 0x0000000084800000, 0x0000000084900000|  0%| F|  |TAMS 0x0000000084800000, 0x0000000084800000| Untracked 
|  73|0x0000000084900000, 0x0000000084a00000, 0x0000000084a00000|100%| O|  |TAMS 0x0000000084900000, 0x0000000084900000| Untracked 
|  74|0x0000000084a00000, 0x0000000084a00000, 0x0000000084b00000|  0%| F|  |TAMS 0x0000000084a00000, 0x0000000084a00000| Untracked 
|  75|0x0000000084b00000, 0x0000000084c00000, 0x0000000084c00000|100%| O|  |TAMS 0x0000000084c00000, 0x0000000084b00000| Untracked 
|  76|0x0000000084c00000, 0x0000000084c00000, 0x0000000084d00000|  0%| F|  |TAMS 0x0000000084c00000, 0x0000000084c00000| Untracked 
|  77|0x0000000084d00000, 0x0000000084d00000, 0x0000000084e00000|  0%| F|  |TAMS 0x0000000084d00000, 0x0000000084d00000| Untracked 
|  78|0x0000000084e00000, 0x0000000084e00000, 0x0000000084f00000|  0%| F|  |TAMS 0x0000000084e00000, 0x0000000084e00000| Untracked 
|  79|0x0000000084f00000, 0x0000000085000000, 0x0000000085000000|100%| O|  |TAMS 0x0000000085000000, 0x0000000084f00000| Untracked 
|  80|0x0000000085000000, 0x0000000085100000, 0x0000000085100000|100%| O|  |TAMS 0x0000000085100000, 0x0000000085000000| Untracked 
|  81|0x0000000085100000, 0x0000000085200000, 0x0000000085200000|100%| O|  |TAMS 0x0000000085200000, 0x0000000085100000| Untracked 
|  82|0x0000000085200000, 0x0000000085200000, 0x0000000085300000|  0%| F|  |TAMS 0x0000000085200000, 0x0000000085200000| Untracked 
|  83|0x0000000085300000, 0x0000000085400000, 0x0000000085400000|100%| O|  |TAMS 0x0000000085400000, 0x0000000085300000| Untracked 
|  84|0x0000000085400000, 0x0000000085500000, 0x0000000085500000|100%| O|  |TAMS 0x0000000085400000, 0x0000000085400000| Untracked 
|  85|0x0000000085500000, 0x0000000085600000, 0x0000000085600000|100%| O|  |TAMS 0x0000000085500000, 0x0000000085500000| Untracked 
|  86|0x0000000085600000, 0x0000000085700000, 0x0000000085700000|100%| O|  |TAMS 0x0000000085600000, 0x0000000085600000| Untracked 
|  87|0x0000000085700000, 0x0000000085700000, 0x0000000085800000|  0%| F|  |TAMS 0x0000000085700000, 0x0000000085700000| Untracked 
|  88|0x0000000085800000, 0x0000000085800000, 0x0000000085900000|  0%| F|  |TAMS 0x0000000085800000, 0x0000000085800000| Untracked 
|  89|0x0000000085900000, 0x0000000085900000, 0x0000000085a00000|  0%| F|  |TAMS 0x0000000085900000, 0x0000000085900000| Untracked 
|  90|0x0000000085a00000, 0x0000000085a00000, 0x0000000085b00000|  0%| F|  |TAMS 0x0000000085a00000, 0x0000000085a00000| Untracked 
|  91|0x0000000085b00000, 0x0000000085b00000, 0x0000000085c00000|  0%| F|  |TAMS 0x0000000085b00000, 0x0000000085b00000| Untracked 
|  92|0x0000000085c00000, 0x0000000085c00000, 0x0000000085d00000|  0%| F|  |TAMS 0x0000000085c00000, 0x0000000085c00000| Untracked 
|  93|0x0000000085d00000, 0x0000000085d00000, 0x0000000085e00000|  0%| F|  |TAMS 0x0000000085d00000, 0x0000000085d00000| Untracked 
|  94|0x0000000085e00000, 0x0000000085e00000, 0x0000000085f00000|  0%| F|  |TAMS 0x0000000085e00000, 0x0000000085e00000| Untracked 
|  95|0x0000000085f00000, 0x0000000085f00000, 0x0000000086000000|  0%| F|  |TAMS 0x0000000085f00000, 0x0000000085f00000| Untracked 
|  96|0x0000000086000000, 0x0000000086000000, 0x0000000086100000|  0%| F|  |TAMS 0x0000000086000000, 0x0000000086000000| Untracked 
|  97|0x0000000086100000, 0x0000000086100000, 0x0000000086200000|  0%| F|  |TAMS 0x0000000086100000, 0x0000000086100000| Untracked 
|  98|0x0000000086200000, 0x0000000086200000, 0x0000000086300000|  0%| F|  |TAMS 0x0000000086200000, 0x0000000086200000| Untracked 
|  99|0x0000000086300000, 0x0000000086300000, 0x0000000086400000|  0%| F|  |TAMS 0x0000000086300000, 0x0000000086300000| Untracked 
| 100|0x0000000086400000, 0x0000000086400000, 0x0000000086500000|  0%| F|  |TAMS 0x0000000086400000, 0x0000000086400000| Untracked 
| 101|0x0000000086500000, 0x0000000086500000, 0x0000000086600000|  0%| F|  |TAMS 0x0000000086500000, 0x0000000086500000| Untracked 
| 102|0x0000000086600000, 0x0000000086600000, 0x0000000086700000|  0%| F|  |TAMS 0x0000000086600000, 0x0000000086600000| Untracked 
| 103|0x0000000086700000, 0x0000000086700000, 0x0000000086800000|  0%| F|  |TAMS 0x0000000086700000, 0x0000000086700000| Untracked 
| 104|0x0000000086800000, 0x0000000086800000, 0x0000000086900000|  0%| F|  |TAMS 0x0000000086800000, 0x0000000086800000| Untracked 
| 105|0x0000000086900000, 0x0000000086900000, 0x0000000086a00000|  0%| F|  |TAMS 0x0000000086900000, 0x0000000086900000| Untracked 
| 106|0x0000000086a00000, 0x0000000086a00000, 0x0000000086b00000|  0%| F|  |TAMS 0x0000000086a00000, 0x0000000086a00000| Untracked 
| 107|0x0000000086b00000, 0x0000000086b00000, 0x0000000086c00000|  0%| F|  |TAMS 0x0000000086b00000, 0x0000000086b00000| Untracked 
| 108|0x0000000086c00000, 0x0000000086c00000, 0x0000000086d00000|  0%| F|  |TAMS 0x0000000086c00000, 0x0000000086c00000| Untracked 
| 109|0x0000000086d00000, 0x0000000086e00000, 0x0000000086e00000|100%| S|CS|TAMS 0x0000000086d00000, 0x0000000086d00000| Complete 
| 110|0x0000000086e00000, 0x0000000086f00000, 0x0000000086f00000|100%| S|CS|TAMS 0x0000000086e00000, 0x0000000086e00000| Complete 
| 111|0x0000000086f00000, 0x0000000087000000, 0x0000000087000000|100%| S|CS|TAMS 0x0000000086f00000, 0x0000000086f00000| Complete 
| 112|0x0000000087000000, 0x0000000087100000, 0x0000000087100000|100%| S|CS|TAMS 0x0000000087000000, 0x0000000087000000| Complete 
| 113|0x0000000087100000, 0x0000000087200000, 0x0000000087200000|100%| S|CS|TAMS 0x0000000087100000, 0x0000000087100000| Complete 
| 114|0x0000000087200000, 0x0000000087300000, 0x0000000087300000|100%| S|CS|TAMS 0x0000000087200000, 0x0000000087200000| Complete 
| 115|0x0000000087300000, 0x0000000087300000, 0x0000000087400000|  0%| F|  |TAMS 0x0000000087300000, 0x0000000087300000| Untracked 
| 116|0x0000000087400000, 0x0000000087400000, 0x0000000087500000|  0%| F|  |TAMS 0x0000000087400000, 0x0000000087400000| Untracked 
| 117|0x0000000087500000, 0x0000000087500000, 0x0000000087600000|  0%| F|  |TAMS 0x0000000087500000, 0x0000000087500000| Untracked 
| 118|0x0000000087600000, 0x0000000087600000, 0x0000000087700000|  0%| F|  |TAMS 0x0000000087600000, 0x0000000087600000| Untracked 
| 119|0x0000000087700000, 0x0000000087700000, 0x0000000087800000|  0%| F|  |TAMS 0x0000000087700000, 0x0000000087700000| Untracked 
| 120|0x0000000087800000, 0x0000000087800000, 0x0000000087900000|  0%| F|  |TAMS 0x0000000087800000, 0x0000000087800000| Untracked 
| 121|0x0000000087900000, 0x0000000087900000, 0x0000000087a00000|  0%| F|  |TAMS 0x0000000087900000, 0x0000000087900000| Untracked 
| 122|0x0000000087a00000, 0x0000000087a00000, 0x0000000087b00000|  0%| F|  |TAMS 0x0000000087a00000, 0x0000000087a00000| Untracked 
| 123|0x0000000087b00000, 0x0000000087b00000, 0x0000000087c00000|  0%| F|  |TAMS 0x0000000087b00000, 0x0000000087b00000| Untracked 
| 124|0x0000000087c00000, 0x0000000087c00000, 0x0000000087d00000|  0%| F|  |TAMS 0x0000000087c00000, 0x0000000087c00000| Untracked 
| 125|0x0000000087d00000, 0x0000000087d00000, 0x0000000087e00000|  0%| F|  |TAMS 0x0000000087d00000, 0x0000000087d00000| Untracked 
| 126|0x0000000087e00000, 0x0000000087e00000, 0x0000000087f00000|  0%| F|  |TAMS 0x0000000087e00000, 0x0000000087e00000| Untracked 
| 127|0x0000000087f00000, 0x0000000087f00000, 0x0000000088000000|  0%| F|  |TAMS 0x0000000087f00000, 0x0000000087f00000| Untracked 
| 128|0x0000000088000000, 0x0000000088000000, 0x0000000088100000|  0%| F|  |TAMS 0x0000000088000000, 0x0000000088000000| Untracked 
| 129|0x0000000088100000, 0x0000000088100000, 0x0000000088200000|  0%| F|  |TAMS 0x0000000088100000, 0x0000000088100000| Untracked 
| 130|0x0000000088200000, 0x0000000088200000, 0x0000000088300000|  0%| F|  |TAMS 0x0000000088200000, 0x0000000088200000| Untracked 
| 131|0x0000000088300000, 0x0000000088300000, 0x0000000088400000|  0%| F|  |TAMS 0x0000000088300000, 0x0000000088300000| Untracked 
| 132|0x0000000088400000, 0x0000000088400000, 0x0000000088500000|  0%| F|  |TAMS 0x0000000088400000, 0x0000000088400000| Untracked 
| 133|0x0000000088500000, 0x0000000088500000, 0x0000000088600000|  0%| F|  |TAMS 0x0000000088500000, 0x0000000088500000| Untracked 
| 134|0x0000000088600000, 0x0000000088682010, 0x0000000088700000| 50%| E|  |TAMS 0x0000000088600000, 0x0000000088600000| Complete 
| 135|0x0000000088700000, 0x0000000088800000, 0x0000000088800000|100%| E|CS|TAMS 0x0000000088700000, 0x0000000088700000| Complete 
| 136|0x0000000088800000, 0x0000000088900000, 0x0000000088900000|100%| E|CS|TAMS 0x0000000088800000, 0x0000000088800000| Complete 
| 137|0x0000000088900000, 0x0000000088a00000, 0x0000000088a00000|100%| E|CS|TAMS 0x0000000088900000, 0x0000000088900000| Complete 
| 138|0x0000000088a00000, 0x0000000088b00000, 0x0000000088b00000|100%| E|CS|TAMS 0x0000000088a00000, 0x0000000088a00000| Complete 
| 139|0x0000000088b00000, 0x0000000088c00000, 0x0000000088c00000|100%| E|CS|TAMS 0x0000000088b00000, 0x0000000088b00000| Complete 
| 140|0x0000000088c00000, 0x0000000088d00000, 0x0000000088d00000|100%| E|CS|TAMS 0x0000000088c00000, 0x0000000088c00000| Complete 
| 141|0x0000000088d00000, 0x0000000088e00000, 0x0000000088e00000|100%| E|CS|TAMS 0x0000000088d00000, 0x0000000088d00000| Complete 
| 142|0x0000000088e00000, 0x0000000088f00000, 0x0000000088f00000|100%| E|CS|TAMS 0x0000000088e00000, 0x0000000088e00000| Complete 
| 143|0x0000000088f00000, 0x0000000089000000, 0x0000000089000000|100%| E|CS|TAMS 0x0000000088f00000, 0x0000000088f00000| Complete 
| 144|0x0000000089000000, 0x0000000089100000, 0x0000000089100000|100%| E|CS|TAMS 0x0000000089000000, 0x0000000089000000| Complete 
| 145|0x0000000089100000, 0x0000000089200000, 0x0000000089200000|100%| E|CS|TAMS 0x0000000089100000, 0x0000000089100000| Complete 
| 146|0x0000000089200000, 0x0000000089300000, 0x0000000089300000|100%| E|CS|TAMS 0x0000000089200000, 0x0000000089200000| Complete 
| 147|0x0000000089300000, 0x0000000089400000, 0x0000000089400000|100%| E|CS|TAMS 0x0000000089300000, 0x0000000089300000| Complete 
| 148|0x0000000089400000, 0x0000000089500000, 0x0000000089500000|100%| E|CS|TAMS 0x0000000089400000, 0x0000000089400000| Complete 
| 149|0x0000000089500000, 0x0000000089600000, 0x0000000089600000|100%| E|CS|TAMS 0x0000000089500000, 0x0000000089500000| Complete 
| 150|0x0000000089600000, 0x0000000089700000, 0x0000000089700000|100%| E|CS|TAMS 0x0000000089600000, 0x0000000089600000| Complete 
| 151|0x0000000089700000, 0x0000000089800000, 0x0000000089800000|100%| E|CS|TAMS 0x0000000089700000, 0x0000000089700000| Complete 
| 152|0x0000000089800000, 0x0000000089900000, 0x0000000089900000|100%| E|CS|TAMS 0x0000000089800000, 0x0000000089800000| Complete 
| 153|0x0000000089900000, 0x0000000089a00000, 0x0000000089a00000|100%| E|CS|TAMS 0x0000000089900000, 0x0000000089900000| Complete 
| 154|0x0000000089a00000, 0x0000000089b00000, 0x0000000089b00000|100%| E|CS|TAMS 0x0000000089a00000, 0x0000000089a00000| Complete 
| 155|0x0000000089b00000, 0x0000000089c00000, 0x0000000089c00000|100%| E|CS|TAMS 0x0000000089b00000, 0x0000000089b00000| Complete 
| 156|0x0000000089c00000, 0x0000000089d00000, 0x0000000089d00000|100%| E|CS|TAMS 0x0000000089c00000, 0x0000000089c00000| Complete 
| 157|0x0000000089d00000, 0x0000000089e00000, 0x0000000089e00000|100%| E|CS|TAMS 0x0000000089d00000, 0x0000000089d00000| Complete 
| 158|0x0000000089e00000, 0x0000000089f00000, 0x0000000089f00000|100%| E|CS|TAMS 0x0000000089e00000, 0x0000000089e00000| Complete 
| 159|0x0000000089f00000, 0x000000008a000000, 0x000000008a000000|100%| E|CS|TAMS 0x0000000089f00000, 0x0000000089f00000| Complete 
| 160|0x000000008a000000, 0x000000008a100000, 0x000000008a100000|100%| E|CS|TAMS 0x000000008a000000, 0x000000008a000000| Complete 
| 161|0x000000008a100000, 0x000000008a200000, 0x000000008a200000|100%| E|CS|TAMS 0x000000008a100000, 0x000000008a100000| Complete 
|2045|0x00000000ffd00000, 0x00000000ffe00000, 0x00000000ffe00000|100%| O|  |TAMS 0x00000000ffe00000, 0x00000000ffd00000| Untracked 
|2046|0x00000000ffe00000, 0x00000000fff00000, 0x00000000fff00000|100%| O|  |TAMS 0x00000000fff00000, 0x00000000ffe00000| Untracked 
|2047|0x00000000fff00000, 0x0000000100000000, 0x0000000100000000|100%| O|  |TAMS 0x0000000100000000, 0x00000000fff00000| Untracked 

Card table byte_map: [0x0000026aa0850000,0x0000026aa0c50000] _byte_map_base: 0x0000026aa0450000

Marking Bits (Prev, Next): (CMBitMap*) 0x0000026a8766fcb0, (CMBitMap*) 0x0000026a8766fcf0
 Prev Bits: [0x0000026aa1050000, 0x0000026aa3050000)
 Next Bits: [0x0000026aa3050000, 0x0000026aa5050000)

Polling page: 0x0000026a87430000

Metaspace:

Usage:
  Non-class:     32.85 MB capacity,    32.12 MB ( 98%) used,   688.64 KB (  2%) free+waste,    61.63 KB ( <1%) overhead. 
      Class:      5.15 MB capacity,     4.84 MB ( 94%) used,   287.48 KB (  5%) free+waste,    26.75 KB ( <1%) overhead. 
       Both:     38.00 MB capacity,    36.96 MB ( 97%) used,   976.13 KB (  3%) free+waste,    88.38 KB ( <1%) overhead. 

Virtual space:
  Non-class space:       34.00 MB reserved,      33.00 MB ( 97%) committed 
      Class space:        1.00 GB reserved,       5.25 MB ( <1%) committed 
             Both:        1.03 GB reserved,      38.25 MB (  4%) committed 

Chunk freelists:
   Non-Class:  26.00 KB
       Class:  6.00 KB
        Both:  32.00 KB

MaxMetaspaceSize: 17179869184.00 GB
CompressedClassSpaceSize: 1.00 GB

CodeHeap 'non-profiled nmethods': size=120064Kb used=2766Kb max_used=2766Kb free=117298Kb
 bounds [0x0000026a98b10000, 0x0000026a98dd0000, 0x0000026aa0050000]
CodeHeap 'profiled nmethods': size=120000Kb used=10647Kb max_used=10647Kb free=109352Kb
 bounds [0x0000026a915e0000, 0x0000026a92050000, 0x0000026a98b10000]
CodeHeap 'non-nmethods': size=5696Kb used=2312Kb max_used=2355Kb free=3383Kb
 bounds [0x0000026a91050000, 0x0000026a912c0000, 0x0000026a915e0000]
 total_blobs=6215 nmethods=5426 adapters=702
 compilation: enabled
              stopped_count=0, restarted_count=0
 full_count=0

Compilation events (20 events):
Event: 37.968 Thread 0x0000026aa746e350 nmethod 5464 0x0000026a92043f10 code [0x0000026a920440c0, 0x0000026a92044438]
Event: 37.991 Thread 0x0000026aa7407a50 5465       4       com.google.common.collect.AbstractIterator::hasNext (65 bytes)
Event: 38.036 Thread 0x0000026aa746e350 5466       3       org.gradle.api.internal.changedetection.state.ZipHasher::isZipFile (43 bytes)
Event: 38.037 Thread 0x0000026aa746e350 nmethod 5466 0x0000026a92044510 code [0x0000026a92044780, 0x0000026a92045628]
Event: 38.080 Thread 0x0000026aa7407a50 nmethod 5465 0x0000026a98db9990 code [0x0000026a98db9be0, 0x0000026a98dbb4a8]
Event: 38.080 Thread 0x0000026aa7407a50 5467       4       java.util.zip.ZipCoder$UTF8ZipCoder::toString (12 bytes)
Event: 38.088 Thread 0x0000026aa7407a50 nmethod 5467 0x0000026a98dbc190 code [0x0000026a98dbc340, 0x0000026a98dbc948]
Event: 38.199 Thread 0x0000026aa7407a50 5468       4       sun.security.provider.MD5::implDigest (96 bytes)
Event: 38.222 Thread 0x0000026aa7407a50 nmethod 5468 0x0000026a98dbcb90 code [0x0000026a98dbcd80, 0x0000026a98dbd5a0]
Event: 38.323 Thread 0x0000026aa7407a50 5469       4       sun.security.provider.DigestBase::engineDigest (112 bytes)
Event: 38.351 Thread 0x0000026aa7407a50 nmethod 5469 0x0000026a98dbdc10 code [0x0000026a98dbde00, 0x0000026a98dbe6e0]
Event: 38.436 Thread 0x0000026aa7407a50 5470       4       org.gradle.api.internal.changedetection.state.ZipHasher::isZipFile (43 bytes)
Event: 38.474 Thread 0x0000026aa7407a50 nmethod 5470 0x0000026a98dbee90 code [0x0000026a98dbf080, 0x0000026a98dbfaa8]
Event: 38.565 Thread 0x0000026aa7407a50 5471       4       java.util.zip.ZipFile$InflaterCleanupAction::run (12 bytes)
Event: 38.597 Thread 0x0000026aa7407a50 nmethod 5471 0x0000026a98dc0290 code [0x0000026a98dc0460, 0x0000026a98dc17d8]
Event: 38.597 Thread 0x0000026aa7407a50 5472   !   4       java.util.zip.ZipFile$CleanableResource::releaseInflater (53 bytes)
Event: 38.630 Thread 0x0000026aa7407a50 nmethod 5472 0x0000026a98dc1e10 code [0x0000026a98dc1fe0, 0x0000026a98dc3218]
Event: 39.106 Thread 0x0000026aa746e350 5473       3       java.util.stream.Sink$ChainedReference::cancellationRequested (10 bytes)
Event: 39.106 Thread 0x0000026aa746e350 nmethod 5473 0x0000026a92045a90 code [0x0000026a92045c40, 0x0000026a92045e08]
Event: 39.803 Thread 0x0000026aa7407a50 5474       4       java.util.WeakHashMap$HashIterator::nextEntry (81 bytes)

GC Heap History (20 events):
Event: 20.792 GC heap before
{Heap before GC invocations=18 (full 0):
 garbage-first heap   total 128000K, used 77599K [0x0000000080000000, 0x0000000100000000)
  region size 1024K, 6 young (6144K), 3 survivors (3072K)
 Metaspace       used 36786K, capacity 37800K, committed 38016K, reserved 1081344K
  class space    used 4881K, capacity 5145K, committed 5248K, reserved 1048576K
}
Event: 20.805 GC heap after
{Heap after GC invocations=19 (full 0):
 garbage-first heap   total 128000K, used 66149K [0x0000000080000000, 0x0000000100000000)
  region size 1024K, 1 young (1024K), 1 survivors (1024K)
 Metaspace       used 36786K, capacity 37800K, committed 38016K, reserved 1081344K
  class space    used 4881K, capacity 5145K, committed 5248K, reserved 1048576K
}
Event: 21.033 GC heap before
{Heap before GC invocations=19 (full 0):
 garbage-first heap   total 128000K, used 92773K [0x0000000080000000, 0x0000000100000000)
  region size 1024K, 27 young (27648K), 1 survivors (1024K)
 Metaspace       used 36786K, capacity 37800K, committed 38016K, reserved 1081344K
  class space    used 4881K, capacity 5145K, committed 5248K, reserved 1048576K
}
Event: 21.046 GC heap after
{Heap after GC invocations=20 (full 0):
 garbage-first heap   total 128000K, used 75721K [0x0000000080000000, 0x0000000100000000)
  region size 1024K, 4 young (4096K), 4 survivors (4096K)
 Metaspace       used 36786K, capacity 37800K, committed 38016K, reserved 1081344K
  class space    used 4881K, capacity 5145K, committed 5248K, reserved 1048576K
}
Event: 21.290 GC heap before
{Heap before GC invocations=21 (full 0):
 garbage-first heap   total 140288K, used 96201K [0x0000000080000000, 0x0000000100000000)
  region size 1024K, 24 young (24576K), 4 survivors (4096K)
 Metaspace       used 36789K, capacity 37800K, committed 38016K, reserved 1081344K
  class space    used 4881K, capacity 5145K, committed 5248K, reserved 1048576K
}
Event: 21.299 GC heap after
{Heap after GC invocations=22 (full 0):
 garbage-first heap   total 168960K, used 82944K [0x0000000080000000, 0x0000000100000000)
  region size 1024K, 3 young (3072K), 3 survivors (3072K)
 Metaspace       used 36789K, capacity 37800K, committed 38016K, reserved 1081344K
  class space    used 4881K, capacity 5145K, committed 5248K, reserved 1048576K
}
Event: 21.350 GC heap before
{Heap before GC invocations=22 (full 0):
 garbage-first heap   total 168960K, used 87040K [0x0000000080000000, 0x0000000100000000)
  region size 1024K, 8 young (8192K), 3 survivors (3072K)
 Metaspace       used 36789K, capacity 37800K, committed 38016K, reserved 1081344K
  class space    used 4881K, capacity 5145K, committed 5248K, reserved 1048576K
}
Event: 21.375 GC heap after
{Heap after GC invocations=23 (full 0):
 garbage-first heap   total 168960K, used 72192K [0x0000000080000000, 0x0000000100000000)
  region size 1024K, 1 young (1024K), 1 survivors (1024K)
 Metaspace       used 36789K, capacity 37800K, committed 38016K, reserved 1081344K
  class space    used 4881K, capacity 5145K, committed 5248K, reserved 1048576K
}
Event: 38.046 GC heap before
{Heap before GC invocations=23 (full 0):
 garbage-first heap   total 168960K, used 118272K [0x0000000080000000, 0x0000000100000000)
  region size 1024K, 43 young (44032K), 1 survivors (1024K)
 Metaspace       used 37847K, capacity 38912K, committed 39168K, reserved 1083392K
  class space    used 4959K, capacity 5274K, committed 5376K, reserved 1048576K
}
Event: 38.056 GC heap after
{Heap after GC invocations=24 (full 0):
 garbage-first heap   total 168960K, used 74934K [0x0000000080000000, 0x0000000100000000)
  region size 1024K, 4 young (4096K), 4 survivors (4096K)
 Metaspace       used 37847K, capacity 38912K, committed 39168K, reserved 1083392K
  class space    used 4959K, capacity 5274K, committed 5376K, reserved 1048576K
}
Event: 38.543 GC heap before
{Heap before GC invocations=24 (full 0):
 garbage-first heap   total 168960K, used 119990K [0x0000000080000000, 0x0000000100000000)
  region size 1024K, 48 young (49152K), 4 survivors (4096K)
 Metaspace       used 37847K, capacity 38912K, committed 39168K, reserved 1083392K
  class space    used 4959K, capacity 5274K, committed 5376K, reserved 1048576K
}
Event: 38.562 GC heap after
{Heap after GC invocations=25 (full 0):
 garbage-first heap   total 168960K, used 91535K [0x0000000080000000, 0x0000000100000000)
  region size 1024K, 6 young (6144K), 6 survivors (6144K)
 Metaspace       used 37847K, capacity 38912K, committed 39168K, reserved 1083392K
  class space    used 4959K, capacity 5274K, committed 5376K, reserved 1048576K
}
Event: 38.819 GC heap before
{Heap before GC invocations=25 (full 0):
 garbage-first heap   total 168960K, used 124303K [0x0000000080000000, 0x0000000100000000)
  region size 1024K, 38 young (38912K), 6 survivors (6144K)
 Metaspace       used 37847K, capacity 38912K, committed 39168K, reserved 1083392K
  class space    used 4959K, capacity 5274K, committed 5376K, reserved 1048576K
}
Event: 38.833 GC heap after
{Heap after GC invocations=26 (full 0):
 garbage-first heap   total 168960K, used 97280K [0x0000000080000000, 0x0000000100000000)
  region size 1024K, 5 young (5120K), 5 survivors (5120K)
 Metaspace       used 37847K, capacity 38912K, committed 39168K, reserved 1083392K
  class space    used 4959K, capacity 5274K, committed 5376K, reserved 1048576K
}
Event: 39.138 GC heap before
{Heap before GC invocations=27 (full 0):
 garbage-first heap   total 168960K, used 112640K [0x0000000080000000, 0x0000000100000000)
  region size 1024K, 34 young (34816K), 5 survivors (5120K)
 Metaspace       used 37847K, capacity 38912K, committed 39168K, reserved 1083392K
  class space    used 4959K, capacity 5274K, committed 5376K, reserved 1048576K
}
Event: 39.146 GC heap after
{Heap after GC invocations=28 (full 0):
 garbage-first heap   total 168960K, used 88576K [0x0000000080000000, 0x0000000100000000)
  region size 1024K, 5 young (5120K), 5 survivors (5120K)
 Metaspace       used 37847K, capacity 38912K, committed 39168K, reserved 1083392K
  class space    used 4959K, capacity 5274K, committed 5376K, reserved 1048576K
}
Event: 39.172 GC heap before
{Heap before GC invocations=28 (full 0):
 garbage-first heap   total 168960K, used 90624K [0x0000000080000000, 0x0000000100000000)
  region size 1024K, 8 young (8192K), 5 survivors (5120K)
 Metaspace       used 37847K, capacity 38912K, committed 39168K, reserved 1083392K
  class space    used 4959K, capacity 5274K, committed 5376K, reserved 1048576K
}
Event: 39.177 GC heap after
{Heap after GC invocations=29 (full 0):
 garbage-first heap   total 168960K, used 68608K [0x0000000080000000, 0x0000000100000000)
  region size 1024K, 1 young (1024K), 1 survivors (1024K)
 Metaspace       used 37847K, capacity 38912K, committed 39168K, reserved 1083392K
  class space    used 4959K, capacity 5274K, committed 5376K, reserved 1048576K
}
Event: 39.525 GC heap before
{Heap before GC invocations=29 (full 0):
 garbage-first heap   total 168960K, used 115712K [0x0000000080000000, 0x0000000100000000)
  region size 1024K, 47 young (48128K), 1 survivors (1024K)
 Metaspace       used 37847K, capacity 38912K, committed 39168K, reserved 1083392K
  class space    used 4959K, capacity 5274K, committed 5376K, reserved 1048576K
}
Event: 39.540 GC heap after
{Heap after GC invocations=30 (full 0):
 garbage-first heap   total 168960K, used 86260K [0x0000000080000000, 0x0000000100000000)
  region size 1024K, 6 young (6144K), 6 survivors (6144K)
 Metaspace       used 37847K, capacity 38912K, committed 39168K, reserved 1083392K
  class space    used 4959K, capacity 5274K, committed 5376K, reserved 1048576K
}

Deoptimization events (20 events):
Event: 36.982 Thread 0x0000026aa95e6f10 DEOPT PACKING pc=0x0000026a98c510ac sp=0x0000007bfb8f9a30
Event: 36.982 Thread 0x0000026aa95e6f10 DEOPT UNPACKING pc=0x0000026a9109e12f sp=0x0000007bfb8f9a10 mode 2
Event: 37.403 Thread 0x0000026aa95e6f10 DEOPT PACKING pc=0x0000026a9169e1ba sp=0x0000007bfb8f9350
Event: 37.403 Thread 0x0000026aa95e6f10 DEOPT UNPACKING pc=0x0000026a9109df3f sp=0x0000007bfb8f87d8 mode 0
Event: 37.795 Thread 0x0000026aa95e6f10 DEOPT PACKING pc=0x0000026a91c490c0 sp=0x0000007bfb8f8d80
Event: 37.795 Thread 0x0000026aa95e6f10 DEOPT UNPACKING pc=0x0000026a9109df3f sp=0x0000007bfb8f8208 mode 0
Event: 37.839 Thread 0x0000026aabdfa890 Uncommon trap: trap_request=0xffffff45 fr.pc=0x0000026a98d73dfc relative=0x000000000000015c
Event: 37.839 Thread 0x0000026aabdfa890 Uncommon trap: reason=unstable_if action=reinterpret pc=0x0000026a98d73dfc method=java.util.concurrent.locks.AbstractQueuedSynchronizer.signalNext(Ljava/util/concurrent/locks/AbstractQueuedSynchronizer$Node;)V @ 17 c2
Event: 37.839 Thread 0x0000026aabdfa890 DEOPT PACKING pc=0x0000026a98d73dfc sp=0x0000007bfc8fdb70
Event: 37.839 Thread 0x0000026aabdfa890 DEOPT UNPACKING pc=0x0000026a9109e12f sp=0x0000007bfc8fda68 mode 2
Event: 37.851 Thread 0x0000026aabdf6ed0 Uncommon trap: trap_request=0xffffff45 fr.pc=0x0000026a98d68f20 relative=0x0000000000000080
Event: 37.851 Thread 0x0000026aabdf6ed0 Uncommon trap: reason=unstable_if action=reinterpret pc=0x0000026a98d68f20 method=java.util.concurrent.locks.AbstractQueuedSynchronizer.signalNext(Ljava/util/concurrent/locks/AbstractQueuedSynchronizer$Node;)V @ 17 c2
Event: 37.851 Thread 0x0000026aabdf6ed0 DEOPT PACKING pc=0x0000026a98d68f20 sp=0x0000007bfc9fea90
Event: 37.851 Thread 0x0000026aabdf6ed0 DEOPT UNPACKING pc=0x0000026a9109e12f sp=0x0000007bfc9fea20 mode 2
Event: 37.926 Thread 0x0000026aa95e6f10 DEOPT PACKING pc=0x0000026a91e6c587 sp=0x0000007bfb8fa640
Event: 37.926 Thread 0x0000026aa95e6f10 DEOPT UNPACKING pc=0x0000026a9109df3f sp=0x0000007bfb8f9b68 mode 0
Event: 39.805 Thread 0x0000026aa95e6f10 Uncommon trap: trap_request=0xffffff45 fr.pc=0x0000026a98d5ebdc relative=0x00000000000001bc
Event: 39.805 Thread 0x0000026aa95e6f10 Uncommon trap: reason=unstable_if action=reinterpret pc=0x0000026a98d5ebdc method=java.util.WeakHashMap$HashIterator.hasNext()Z @ 30 c2
Event: 39.805 Thread 0x0000026aa95e6f10 DEOPT PACKING pc=0x0000026a98d5ebdc sp=0x0000007bfb8fa280
Event: 39.805 Thread 0x0000026aa95e6f10 DEOPT UNPACKING pc=0x0000026a9109e12f sp=0x0000007bfb8fa228 mode 2

Classes unloaded (0 events):
No events

Classes redefined (0 events):
No events

Internal exceptions (20 events):
Event: 16.976 Thread 0x0000026aa95e6f10 Exception <a 'java/lang/ClassNotFoundException'{0x0000000083f5f928}: org/gradle/api/internal/DefaultNamedDomainObjectListCustomizer> (0x0000000083f5f928) 
thrown [./open/src/hotspot/share/classfile/systemDictionary.cpp, line 295]
Event: 16.982 Thread 0x0000026aa95e6f10 Exception <a 'java/lang/ClassNotFoundException'{0x0000000083f89dc0}: org/gradle/api/internal/artifacts/DefaultArtifactRepositoryContainerCustomizer> (0x0000000083f89dc0) 
thrown [./open/src/hotspot/share/classfile/systemDictionary.cpp, line 295]
Event: 16.986 Thread 0x0000026aa95e6f10 Exception <a 'java/lang/ClassNotFoundException'{0x0000000083fac4c0}: org/gradle/api/internal/artifacts/dsl/DefaultRepositoryHandlerCustomizer> (0x0000000083fac4c0) 
thrown [./open/src/hotspot/share/classfile/systemDictionary.cpp, line 295]
Event: 16.992 Thread 0x0000026aa95e6f10 Exception <a 'java/lang/ClassNotFoundException'{0x0000000083fdac90}: org/gradle/api/internal/artifacts/dsl/DefaultRepositoryHandler_DecoratedCustomizer> (0x0000000083fdac90) 
thrown [./open/src/hotspot/share/classfile/systemDictionary.cpp, line 295]
Event: 17.275 Thread 0x0000026aa95e6f10 Exception <a 'java/lang/NoSuchMethodError'{0x00000000864d12b0}: 'int java.lang.invoke.DirectMethodHandle$Holder.invokeStaticInit(java.lang.Object, java.lang.Object, java.lang.Object, java.lang.Object)'> (0x00000000864d12b0) 
thrown [./open/src/hotspot/share/interpreter/linkResolver.cpp, line 782]
Event: 17.703 Thread 0x0000026aa95e6f10 Exception <a 'java/lang/NoSuchMethodError'{0x0000000085e984c0}: 'java.lang.Object java.lang.invoke.DirectMethodHandle$Holder.invokeSpecial(java.lang.Object, java.lang.Object, java.lang.Object, int, java.lang.Object)'> (0x0000000085e984c0) 
thrown [./open/src/hotspot/share/interpreter/linkResolver.cpp, line 782]
Event: 17.705 Thread 0x0000026aa95e6f10 Exception <a 'java/lang/NoSuchMethodError'{0x0000000085ea30d8}: 'java.lang.Object java.lang.invoke.DirectMethodHandle$Holder.newInvokeSpecial(java.lang.Object, java.lang.Object, java.lang.Object, int)'> (0x0000000085ea30d8) 
thrown [./open/src/hotspot/share/interpreter/linkResolver.cpp, line 782]
Event: 17.706 Thread 0x0000026aa95e6f10 Exception <a 'java/lang/NoSuchMethodError'{0x0000000085ea8060}: 'java.lang.Object java.lang.invoke.DirectMethodHandle$Holder.invokeSpecial(java.lang.Object, java.lang.Object, java.lang.Object, java.lang.Object, int)'> (0x0000000085ea8060) 
thrown [./open/src/hotspot/share/interpreter/linkResolver.cpp, line 782]
Event: 17.707 Thread 0x0000026aa95e6f10 Exception <a 'java/lang/NoSuchMethodError'{0x0000000085eac8c0}: 'java.lang.Object java.lang.invoke.Invokers$Holder.linkToTargetMethod(java.lang.Object, java.lang.Object, int, java.lang.Object)'> (0x0000000085eac8c0) 
thrown [./open/src/hotspot/share/interpreter/linkResolver.cpp, line 782]
Event: 18.551 Thread 0x0000026aa95e6f10 Exception <a 'java/lang/NoSuchMethodError'{0x0000000085519860}: 'void java.lang.invoke.DirectMethodHandle$Holder.invokeStatic(java.lang.Object, java.lang.Object, java.lang.Object, int, java.lang.Object)'> (0x0000000085519860) 
thrown [./open/src/hotspot/share/interpreter/linkResolver.cpp, line 782]
Event: 21.628 Thread 0x0000026aa95e6f10 Exception <a 'java/lang/OutOfMemoryError'{0x0000000088be18d8}> (0x0000000088be18d8) 
thrown [./open/src/hotspot/share/prims/jni.cpp, line 599]
Event: 21.634 Thread 0x0000026aa95e6f10 Implicit null exception at 0x0000026a98d48d0d to 0x0000026a98d49748
Event: 21.634 Thread 0x0000026aa95e6f10 Implicit null exception at 0x0000026a98d4a0b0 to 0x0000026a98d4a7a0
Event: 22.593 Thread 0x0000026aa8d71b10 Exception <a 'java/lang/NoSuchMethodError'{0x00000000887cdb80}: static Lorg/gradle/internal/classloader/ClassLoaderSpec;.<clinit>()V> (0x00000000887cdb80) 
thrown [./open/src/hotspot/share/prims/jni.cpp, line 1204]
Event: 22.597 Thread 0x0000026aa8d71b10 Exception <a 'java/lang/NoSuchMethodError'{0x00000000887d9698}: static Lorg/gradle/internal/classloader/VisitableURLClassLoader$Spec;.<clinit>()V> (0x00000000887d9698) 
thrown [./open/src/hotspot/share/prims/jni.cpp, line 1204]
Event: 36.683 Thread 0x0000026aa95e6f10 Exception <a 'java/lang/ClassNotFoundException'{0x00000000883baae8}: sync_studio_tooling4_cw0c1yiyek4pijsjjyku8nbatBeanInfo> (0x00000000883baae8) 
thrown [./open/src/hotspot/share/classfile/systemDictionary.cpp, line 295]
Event: 36.684 Thread 0x0000026aa95e6f10 Exception <a 'java/lang/ClassNotFoundException'{0x00000000883bfe18}: sync_studio_tooling4_cw0c1yiyek4pijsjjyku8nbatCustomizer> (0x00000000883bfe18) 
thrown [./open/src/hotspot/share/classfile/systemDictionary.cpp, line 295]
Event: 36.847 Thread 0x0000026aa95e6f10 Exception <a 'java/lang/ClassNotFoundException'{0x00000000882aaa60}: sync_studio_tooling4_cw0c1yiyek4pijsjjyku8nbatBeanInfo> (0x00000000882aaa60) 
thrown [./open/src/hotspot/share/classfile/systemDictionary.cpp, line 295]
Event: 36.848 Thread 0x0000026aa95e6f10 Exception <a 'java/lang/ClassNotFoundException'{0x00000000882afd30}: sync_studio_tooling4_cw0c1yiyek4pijsjjyku8nbatCustomizer> (0x00000000882afd30) 
thrown [./open/src/hotspot/share/classfile/systemDictionary.cpp, line 295]
Event: 39.802 Thread 0x0000026aa95e6f10 Exception <a 'java/lang/OutOfMemoryError'{0x000000008863f478}> (0x000000008863f478) 
thrown [./open/src/hotspot/share/prims/jni.cpp, line 599]

Events (20 events):
Event: 37.682 Thread 0x0000026aabdfa890 Thread added: 0x0000026aabdfa890
Event: 37.682 Thread 0x0000026aabdf6ed0 Thread added: 0x0000026aabdf6ed0
Event: 38.046 Executing VM operation: G1CollectForAllocation
Event: 38.056 Executing VM operation: G1CollectForAllocation done
Event: 38.056 Executing VM operation: HandshakeAllThreads
Event: 38.056 Executing VM operation: HandshakeAllThreads done
Event: 38.543 Executing VM operation: G1CollectForAllocation
Event: 38.562 Executing VM operation: G1CollectForAllocation done
Event: 38.819 Executing VM operation: G1CollectForAllocation
Event: 38.833 Executing VM operation: G1CollectForAllocation done
Event: 38.930 Executing VM operation: G1Concurrent
Event: 38.938 Executing VM operation: G1Concurrent done
Event: 38.991 Executing VM operation: G1Concurrent
Event: 38.991 Executing VM operation: G1Concurrent done
Event: 39.137 Executing VM operation: G1CollectForAllocation
Event: 39.146 Executing VM operation: G1CollectForAllocation done
Event: 39.172 Executing VM operation: G1CollectForAllocation
Event: 39.177 Executing VM operation: G1CollectForAllocation done
Event: 39.525 Executing VM operation: G1CollectForAllocation
Event: 39.540 Executing VM operation: G1CollectForAllocation done


Dynamic libraries:
0x00007ff690dd0000 - 0x00007ff690ddf000 	C:\Program Files\Java\jdk-15.0.1\bin\java.exe
0x00007ffc09320000 - 0x00007ffc09510000 	C:\Windows\SYSTEM32\ntdll.dll
0x00007ffc07c10000 - 0x00007ffc07cc2000 	C:\Windows\System32\KERNEL32.DLL
0x00007ffc06500000 - 0x00007ffc067a5000 	C:\Windows\System32\KERNELBASE.dll
0x00007ffc07270000 - 0x00007ffc0736a000 	C:\Windows\System32\ucrtbase.dll
0x00007ffbea760000 - 0x00007ffbea779000 	C:\Program Files\Java\jdk-15.0.1\bin\VCRUNTIME140.dll
0x00007ffbec180000 - 0x00007ffbec198000 	C:\Program Files\Java\jdk-15.0.1\bin\jli.dll
0x00007ffc07870000 - 0x00007ffc07913000 	C:\Windows\System32\ADVAPI32.dll
0x00007ffc08ed0000 - 0x00007ffc08f6e000 	C:\Windows\System32\msvcrt.dll
0x00007ffc08c80000 - 0x00007ffc08d17000 	C:\Windows\System32\sechost.dll
0x00007ffc07410000 - 0x00007ffc0752f000 	C:\Windows\System32\RPCRT4.dll
0x00007ffc090c0000 - 0x00007ffc09254000 	C:\Windows\System32\USER32.dll
0x00007ffc06290000 - 0x00007ffc062b1000 	C:\Windows\System32\win32u.dll
0x00007ffc073e0000 - 0x00007ffc07406000 	C:\Windows\System32\GDI32.dll
0x00007ffc06360000 - 0x00007ffc064f8000 	C:\Windows\System32\gdi32full.dll
0x00007ffbf9bc0000 - 0x00007ffbf9e44000 	C:\Windows\WinSxS\amd64_microsoft.windows.common-controls_6595b64144ccf1df_6.0.18362.1556_none_9e7e372fe45e41d5\COMCTL32.dll
0x00007ffc062c0000 - 0x00007ffc0635e000 	C:\Windows\System32\msvcp_win.dll
0x00007ffc07530000 - 0x00007ffc07866000 	C:\Windows\System32\combase.dll
0x00007ffc067d0000 - 0x00007ffc06851000 	C:\Windows\System32\bcryptPrimitives.dll
0x00007ffbfe100000 - 0x00007ffbfe10a000 	C:\Windows\SYSTEM32\VERSION.dll
0x00007ffc083d0000 - 0x00007ffc083fe000 	C:\Windows\System32\IMM32.DLL
0x00007ffbef8f0000 - 0x00007ffbef8fc000 	C:\Program Files\Java\jdk-15.0.1\bin\vcruntime140_1.dll
0x00007ffbde0a0000 - 0x00007ffbde131000 	C:\Program Files\Java\jdk-15.0.1\bin\msvcp140.dll
0x00007ffbc0bc0000 - 0x00007ffbc171e000 	C:\Program Files\Java\jdk-15.0.1\bin\server\jvm.dll
0x00007ffc090b0000 - 0x00007ffc090b8000 	C:\Windows\System32\PSAPI.DLL
0x00007ffbfd4f0000 - 0x00007ffbfd514000 	C:\Windows\SYSTEM32\WINMM.dll
0x00007ffc00810000 - 0x00007ffc00819000 	C:\Windows\SYSTEM32\WSOCK32.dll
0x00007ffc08f70000 - 0x00007ffc08fdf000 	C:\Windows\System32\WS2_32.dll
0x00007ffbfcde0000 - 0x00007ffbfce0d000 	C:\Windows\SYSTEM32\winmmbase.dll
0x00007ffc06a70000 - 0x00007ffc06aba000 	C:\Windows\System32\cfgmgr32.dll
0x00007ffc06270000 - 0x00007ffc06281000 	C:\Windows\System32\kernel.appcore.dll
0x00007ffbef0a0000 - 0x00007ffbef0aa000 	C:\Program Files\Java\jdk-15.0.1\bin\jimage.dll
0x00007ffc01230000 - 0x00007ffc01424000 	C:\Windows\SYSTEM32\DBGHELP.DLL
0x00007ffc01200000 - 0x00007ffc0122a000 	C:\Windows\SYSTEM32\dbgcore.DLL
0x00007ffbde070000 - 0x00007ffbde095000 	C:\Program Files\Java\jdk-15.0.1\bin\java.dll
0x00007ffc07ce0000 - 0x00007ffc083c7000 	C:\Windows\System32\SHELL32.dll
0x00007ffc08470000 - 0x00007ffc08518000 	C:\Windows\System32\shcore.dll
0x00007ffc06af0000 - 0x00007ffc0726b000 	C:\Windows\System32\windows.storage.dll
0x00007ffc061e0000 - 0x00007ffc061fe000 	C:\Windows\System32\profapi.dll
0x00007ffc06220000 - 0x00007ffc0626a000 	C:\Windows\System32\powrprof.dll
0x00007ffc061d0000 - 0x00007ffc061e0000 	C:\Windows\System32\UMPDC.dll
0x00007ffc08af0000 - 0x00007ffc08b42000 	C:\Windows\System32\shlwapi.dll
0x00007ffc067b0000 - 0x00007ffc067c7000 	C:\Windows\System32\cryptsp.dll
0x00007ffbe6110000 - 0x00007ffbe6129000 	C:\Program Files\Java\jdk-15.0.1\bin\net.dll
0x00007ffc01f20000 - 0x00007ffc0201a000 	C:\Windows\SYSTEM32\WINHTTP.dll
0x00007ffc059b0000 - 0x00007ffc05a17000 	C:\Windows\system32\mswsock.dll
0x00007ffbe5ca0000 - 0x00007ffbe5cb2000 	C:\Program Files\Java\jdk-15.0.1\bin\nio.dll
0x00007ffbd9560000 - 0x00007ffbd9578000 	C:\Program Files\Java\jdk-15.0.1\bin\zip.dll
0x00007ffbeeda0000 - 0x00007ffbeedb0000 	C:\Program Files\Java\jdk-15.0.1\bin\verify.dll
0x00007ffbde200000 - 0x00007ffbde227000 	C:\Users\Abdulla\.gradle\native\c976cfcca226fdd4bee4412e95191dd41148b7504f9625baeda1d523bc39a967\windows-amd64\native-platform.dll
0x00007ffbeed40000 - 0x00007ffbeed49000 	C:\Program Files\Java\jdk-15.0.1\bin\management.dll
0x00007ffbee2c0000 - 0x00007ffbee2cb000 	C:\Program Files\Java\jdk-15.0.1\bin\management_ext.dll
0x00007ffc05530000 - 0x00007ffc05563000 	C:\Windows\system32\rsaenh.dll
0x00007ffc06ac0000 - 0x00007ffc06ae6000 	C:\Windows\System32\bcrypt.dll
0x00007ffc060f0000 - 0x00007ffc06115000 	C:\Windows\SYSTEM32\USERENV.dll
0x00007ffc05b80000 - 0x00007ffc05b8c000 	C:\Windows\SYSTEM32\CRYPTBASE.dll
0x00007ffc056c0000 - 0x00007ffc056fa000 	C:\Windows\SYSTEM32\IPHLPAPI.DLL
0x00007ffc073d0000 - 0x00007ffc073d8000 	C:\Windows\System32\NSI.dll
0x00007ffc01da0000 - 0x00007ffc01db6000 	C:\Windows\SYSTEM32\dhcpcsvc6.DLL
0x00007ffc02290000 - 0x00007ffc022ac000 	C:\Windows\SYSTEM32\dhcpcsvc.DLL
0x00007ffc05700000 - 0x00007ffc057cb000 	C:\Windows\SYSTEM32\DNSAPI.dll

dbghelp: loaded successfully - version: 4.0.5 - missing functions: none
symbol engine: initialized successfully - sym options: 0x614 - pdb path: .;C:\Program Files\Java\jdk-15.0.1\bin;C:\Windows\SYSTEM32;C:\Windows\WinSxS\amd64_microsoft.windows.common-controls_6595b64144ccf1df_6.0.18362.1556_none_9e7e372fe45e41d5;C:\Program Files\Java\jdk-15.0.1\bin\server;C:\Users\Abdulla\.gradle\native\c976cfcca226fdd4bee4412e95191dd41148b7504f9625baeda1d523bc39a967\windows-amd64

VM Arguments:
jvm_args: --add-opens=java.base/java.util=ALL-UNNAMED --add-opens=java.base/java.lang=ALL-UNNAMED --add-opens=java.base/java.lang.invoke=ALL-UNNAMED --add-opens=java.prefs/java.util.prefs=ALL-UNNAMED -Xmx2048m -Dfile.encoding=windows-1256 -Duser.country=US -Duser.language=en -Duser.variant 
java_command: org.gradle.launcher.daemon.bootstrap.GradleDaemon 6.3
java_class_path (initial): C:\Users\Abdulla\.gradle\wrapper\dists\gradle-6.3-all\b4awcolw9l59x95tu1obfh9i8\gradle-6.3\lib\gradle-launcher-6.3.jar
Launcher Type: SUN_STANDARD

[Global flags]
     intx CICompilerCount                          = 2                                         {product} {ergonomic}
     uint ConcGCThreads                            = 1                                         {product} {ergonomic}
     uint G1ConcRefinementThreads                  = 2                                         {product} {ergonomic}
   size_t G1HeapRegionSize                         = 1048576                                   {product} {ergonomic}
    uintx GCDrainStackTargetSize                   = 64                                        {product} {ergonomic}
   size_t InitialHeapSize                          = 121634816                                 {product} {ergonomic}
   size_t MarkStackSize                            = 4194304                                   {product} {ergonomic}
   size_t MaxHeapSize                              = 2147483648                                {product} {command line}
   size_t MaxNewSize                               = 1287651328                                {product} {ergonomic}
   size_t MinHeapDeltaBytes                        = 1048576                                   {product} {ergonomic}
   size_t MinHeapSize                              = 8388608                                   {product} {ergonomic}
    uintx NonNMethodCodeHeapSize                   = 5826188                                {pd product} {ergonomic}
    uintx NonProfiledCodeHeapSize                  = 122916026                              {pd product} {ergonomic}
    uintx ProfiledCodeHeapSize                     = 122916026                              {pd product} {ergonomic}
    uintx ReservedCodeCacheSize                    = 251658240                              {pd product} {ergonomic}
     bool SegmentedCodeCache                       = true                                      {product} {ergonomic}
   size_t SoftMaxHeapSize                          = 2147483648                             {manageable} {ergonomic}
     bool UseCompressedClassPointers               = true                                 {lp64_product} {ergonomic}
     bool UseCompressedOops                        = true                                 {lp64_product} {ergonomic}
     bool UseG1GC                                  = true                                      {product} {ergonomic}
     bool UseLargePagesIndividualAllocation        = false                                  {pd product} {ergonomic}

Logging:
Log output configuration:
 #0: stdout all=warning uptime,level,tags
 #1: stderr all=off uptime,level,tags

Environment Variables:
JAVA_HOME=C:\Program Files\Java\jdk-15.0.1
PATH=C:\Program Files\Common Files\Oracle\Java\javapath;C:\Windows\system32;C:\Windows;C:\Windows\System32\Wbem;C:\Windows\System32\WindowsPowerShell\v1.0\;C:\Windows\System32\OpenSSH\;C:\Program Files (x86)\Microsoft SQL Server\120\DTS\Binn\;C:\Program Files (x86)\Microsoft SQL Server\Client SDK\ODBC\110\Tools\Binn\;C:\Program Files (x86)\Microsoft SQL Server\120\Tools\Binn\;C:\Program Files (x86)\Microsoft SQL Server\120\Tools\Binn\ManagementStudio\;C:\program Files\java\jdk-15.0.1\bin;C:\Program Files\Git\cmd;C:\Users\Abdulla\AppData\Local\Microsoft\WindowsApps;;C:\Users\Abdulla\AppData\Local\Programs\Microsoft VS Code\bin
USERNAME=Abdulla
OS=Windows_NT
PROCESSOR_IDENTIFIER=AMD64 Family 21 Model 16 Stepping 1, AuthenticAMD



---------------  S Y S T E M  ---------------

OS:
 Windows 10 , 64 bit Build 18362 (10.0.18362.1500)
OS uptime: 1 days 0:13 hours

CPU: total 2 (initial active 2) (2 cores per cpu, 1 threads per core) family 21 model 16 stepping 1 microcode 0x0, cmov, cx8, fxsr, mmx, sse, sse2, sse3, ssse3, sse4.1, sse4.2, popcnt, vzeroupper, avx, aes, clmul, 3dnowpref, lzcnt, sse4a, tsc, tscinvbit, tscinv, bmi1, fma, clflush

Memory: 4k page, system-wide physical 7369M (738M free)
TotalPageFile size 7369M (AvailPageFile size 70M)
current process WorkingSet (physical memory assigned to process): 384M, peak: 407M
current process commit charge ("private bytes"): 484M, peak: 551M

vm_info: Java HotSpot(TM) 64-Bit Server VM (15.0.1+9-18) for windows-amd64 JRE (15.0.1+9-18), built on Sep 15 2020 14:43:54 by "mach5one" with unknown MS VC++:1925

END.
