#
# There is insufficient memory for the Java Runtime Environment to continue.
# Native memory allocation (mmap) failed to map 60817408 bytes for G1 virtual space
# Possible reasons:
#   The system is out of physical RAM or swap space
#   The process is running with CompressedOops enabled, and the Java Heap may be blocking the growth of the native heap
# Possible solutions:
#   Reduce memory load on the system
#   Increase physical memory or swap space
#   Check if swap backing store is full
#   Decrease Java heap size (-Xmx/-Xms)
#   Decrease number of Java threads
#   Decrease Java thread stack sizes (-Xss)
#   Set larger code cache with -XX:ReservedCodeCacheSize=
#   JVM is running with Unscaled Compressed Oops mode in which the Java heap is
#     placed in the first 4GB address space. The Java Heap base address is the
#     maximum limit for the native heap growth. Please use -XX:HeapBaseMinAddress
#     to set the Java Heap base and to place the Java Heap above 4GB virtual address.
# This output file may be truncated or incomplete.
#
#  Out of Memory Error (./open/src/hotspot/os/windows/os_windows.cpp:3472), pid=7620, tid=6628
#
# JRE version: Java(TM) SE Runtime Environment (15.0.1+9) (build 15.0.1+9-18)
# Java VM: Java HotSpot(TM) 64-Bit Server VM (15.0.1+9-18, mixed mode, sharing, tiered, compressed oops, g1 gc, windows-amd64)
# No core dump will be written. Minidumps are not enabled by default on client versions of Windows
#

---------------  S U M M A R Y ------------

Command Line: --add-opens=java.base/java.util=ALL-UNNAMED --add-opens=java.base/java.lang=ALL-UNNAMED --add-opens=java.base/java.lang.invoke=ALL-UNNAMED --add-opens=java.prefs/java.util.prefs=ALL-UNNAMED -Xmx2048m -Dfile.encoding=windows-1256 -Duser.country=US -Duser.language=en -Duser.variant org.gradle.launcher.daemon.bootstrap.GradleDaemon 6.3

Host: AMD A4-4300M APU with Radeon(tm) HD Graphics   , 2 cores, 7G,  Windows 10 , 64 bit Build 18362 (10.0.18362.1500)
Time: Mon May 24 18:55:03 2021 Egypt Standard Time elapsed time: 16.059008 seconds (0d 0h 0m 16s)

---------------  T H R E A D  ---------------

Current thread (0x000002198633ec70):  VMThread "VM Thread" [stack: 0x000000ce43200000,0x000000ce43300000] [id=6628]

Stack: [0x000000ce43200000,0x000000ce43300000]
[error occurred during error reporting (printing stack bounds), id 0xc0000005, EXCEPTION_ACCESS_VIOLATION (0xc0000005) at pc=0x000002198fcc10ad]

Native frames: (J=compiled Java code, j=interpreted, Vv=VM code, C=native code)
V  [jvm.dll+0x62ae9a]
V  [jvm.dll+0x781389]
V  [jvm.dll+0x782ae3]
V  [jvm.dll+0x7830a5]
V  [jvm.dll+0x78305b]
V  [jvm.dll+0x62a2b9]
V  [jvm.dll+0x62aa88]
C  [ntdll.dll+0xa1fff]
C  [ntdll.dll+0x6aad9]
C  [ntdll.dll+0xa0c6e]
C  0x000002198fcc10ad

VM_Operation (0x000000ce445fa4e0): G1CollectForAllocation, mode: safepoint, requested by thread 0x00000219a88dd5f0


---------------  P R O C E S S  ---------------

Threads class SMR info:
_java_thread_list=0x00000219a8191820, length=31, elements={
0x00000219862710c0, 0x00000219a604efa0, 0x00000219a6052840, 0x00000219a6070420,
0x00000219a6071df0, 0x00000219a60727b0, 0x00000219a60734a0, 0x00000219a6079720,
0x00000219a60de3e0, 0x00000219a6a9ef90, 0x00000219a6add0d0, 0x00000219a79f6860,
0x00000219a83c6840, 0x00000219a85d6690, 0x00000219a88e4f50, 0x00000219a88e5420,
0x00000219a86de3d0, 0x00000219a88dd5f0, 0x00000219a88dc8e0, 0x00000219a8887bd0,
0x00000219a88edc50, 0x00000219a88ef460, 0x00000219a88eef90, 0x00000219a88eeac0,
0x00000219a8b54950, 0x00000219a8b56630, 0x00000219a8b53610, 0x00000219a8b53ae0,
0x00000219a8b53fb0, 0x00000219a8b56160, 0x00000219a8b51460
}

Java Threads: ( => current thread )
  0x00000219862710c0 JavaThread "main" [_thread_blocked, id=8736, stack(0x000000ce42c00000,0x000000ce42d00000)]
  0x00000219a604efa0 JavaThread "Reference Handler" daemon [_thread_blocked, id=9400, stack(0x000000ce43300000,0x000000ce43400000)]
  0x00000219a6052840 JavaThread "Finalizer" daemon [_thread_blocked, id=6104, stack(0x000000ce43400000,0x000000ce43500000)]
  0x00000219a6070420 JavaThread "Signal Dispatcher" daemon [_thread_blocked, id=7216, stack(0x000000ce43500000,0x000000ce43600000)]
  0x00000219a6071df0 JavaThread "Attach Listener" daemon [_thread_blocked, id=7792, stack(0x000000ce43600000,0x000000ce43700000)]
  0x00000219a60727b0 JavaThread "Service Thread" daemon [_thread_blocked, id=8392, stack(0x000000ce43700000,0x000000ce43800000)]
  0x00000219a60734a0 JavaThread "C2 CompilerThread0" daemon [_thread_blocked, id=1796, stack(0x000000ce43800000,0x000000ce43900000)]
  0x00000219a6079720 JavaThread "C1 CompilerThread0" daemon [_thread_blocked, id=5244, stack(0x000000ce43900000,0x000000ce43a00000)]
  0x00000219a60de3e0 JavaThread "Sweeper thread" daemon [_thread_blocked, id=11144, stack(0x000000ce43a00000,0x000000ce43b00000)]
  0x00000219a6a9ef90 JavaThread "Common-Cleaner" daemon [_thread_blocked, id=2244, stack(0x000000ce43b00000,0x000000ce43c00000)]
  0x00000219a6add0d0 JavaThread "Notification Thread" daemon [_thread_blocked, id=5296, stack(0x000000ce43c00000,0x000000ce43d00000)]
  0x00000219a79f6860 JavaThread "Daemon health stats" [_thread_blocked, id=6184, stack(0x000000ce43f00000,0x000000ce44000000)]
  0x00000219a83c6840 JavaThread "Incoming local TCP Connector on port 53409" [_thread_in_native, id=4592, stack(0x000000ce44000000,0x000000ce44100000)]
  0x00000219a85d6690 JavaThread "Daemon periodic checks" [_thread_blocked, id=10060, stack(0x000000ce44100000,0x000000ce44200000)]
  0x00000219a88e4f50 JavaThread "Daemon" [_thread_blocked, id=5524, stack(0x000000ce44200000,0x000000ce44300000)]
  0x00000219a88e5420 JavaThread "Handler for socket connection from /127.0.0.1:53409 to /127.0.0.1:53410" [_thread_in_native, id=4176, stack(0x000000ce44300000,0x000000ce44400000)]
  0x00000219a86de3d0 JavaThread "Cancel handler" [_thread_blocked, id=7136, stack(0x000000ce44400000,0x000000ce44500000)]
  0x00000219a88dd5f0 JavaThread "Daemon worker" [_thread_blocked, id=1720, stack(0x000000ce44500000,0x000000ce44600000)]
  0x00000219a88dc8e0 JavaThread "Asynchronous log dispatcher for DefaultDaemonConnection: socket connection from /127.0.0.1:53409 to /127.0.0.1:53410" [_thread_blocked, id=9068, stack(0x000000ce44600000,0x000000ce44700000)]
  0x00000219a8887bd0 JavaThread "Stdin handler" [_thread_blocked, id=8772, stack(0x000000ce44700000,0x000000ce44800000)]
  0x00000219a88edc50 JavaThread "Thread-8" [_thread_blocked, id=6320, stack(0x000000ce44800000,0x000000ce44900000)]
  0x00000219a88ef460 JavaThread "Cache worker for journal cache (C:\Users\Abdulla\.gradle\caches\journal-1)" [_thread_blocked, id=2992, stack(0x000000ce44900000,0x000000ce44a00000)]
  0x00000219a88eef90 JavaThread "File lock request listener" [_thread_in_native, id=10484, stack(0x000000ce44a00000,0x000000ce44b00000)]
  0x00000219a88eeac0 JavaThread "Cache worker for file hash cache (C:\Users\Abdulla\.gradle\caches\6.3\fileHashes)" [_thread_blocked, id=10952, stack(0x000000ce44b00000,0x000000ce44c00000)]
  0x00000219a8b54950 JavaThread "Cache worker for checksums cache (E:\Android\AndroidStudioProjects\ConvertAPIToSqlite\.gradle\checksums)" [_thread_blocked, id=8560, stack(0x000000ce44c00000,0x000000ce44d00000)]
  0x00000219a8b56630 JavaThread "Cache worker for file hash cache (E:\Android\AndroidStudioProjects\ConvertAPIToSqlite\.gradle\6.3\fileHashes)" [_thread_blocked, id=11016, stack(0x000000ce44d00000,0x000000ce44e00000)]
  0x00000219a8b53610 JavaThread "Cache worker for cache directory md-supplier (C:\Users\Abdulla\.gradle\caches\6.3\md-supplier)" [_thread_blocked, id=6124, stack(0x000000ce44e00000,0x000000ce44f00000)]
  0x00000219a8b53ae0 JavaThread "Cache worker for cache directory md-rule (C:\Users\Abdulla\.gradle\caches\6.3\md-rule)" [_thread_blocked, id=8556, stack(0x000000ce44f00000,0x000000ce45000000)]
  0x00000219a8b53fb0 JavaThread "Cache worker for execution history cache (C:\Users\Abdulla\.gradle\caches\6.3\executionHistory)" [_thread_blocked, id=10304, stack(0x000000ce45000000,0x000000ce45100000)]
  0x00000219a8b56160 JavaThread "Build operations" [_thread_blocked, id=4732, stack(0x000000ce45200000,0x000000ce45300000)]
  0x00000219a8b51460 JavaThread "Build operations Thread 2" [_thread_blocked, id=920, stack(0x000000ce45300000,0x000000ce45400000)]

Other Threads:
=>0x000002198633ec70 VMThread "VM Thread" [stack: 0x000000ce43200000,0x000000ce43300000] [id=6628]
  0x00000219a6add5a0 WatcherThread [stack: 0x000000ce43d00000,0x000000ce43e00000] [id=8860]
  0x00000219862ae230 GCTaskThread "GC Thread#0" [stack: 0x000000ce42d00000,0x000000ce42e00000] [id=4372]
  0x00000219a6c134e0 GCTaskThread "GC Thread#1" [stack: 0x000000ce43e00000,0x000000ce43f00000] [id=9992]
  0x00000219862bf410 ConcurrentGCThread "G1 Main Marker" [stack: 0x000000ce42e00000,0x000000ce42f00000] [id=8836]
  0x00000219862c0730 ConcurrentGCThread "G1 Conc#0" [stack: 0x000000ce42f00000,0x000000ce43000000] [id=6936]
  0x00000219863207b0 ConcurrentGCThread "G1 Refine#0" [stack: 0x000000ce43000000,0x000000ce43100000] [id=6236]
  0x00000219aa696e00 ConcurrentGCThread "G1 Refine#1" [stack: 0x000000ce45100000,0x000000ce45200000] [id=9032]
  0x0000021986321000 ConcurrentGCThread "G1 Young RemSet Sampling" [stack: 0x000000ce43100000,0x000000ce43200000] [id=6364]

Threads with active compile tasks:

VM state: at safepoint (normal execution)

VM Mutex/Monitor currently owned by a thread:  ([mutex/lock_event])
[0x000002198626d6b0] Threads_lock - owner thread: 0x000002198633ec70
[0x000002198626cf60] Heap_lock - owner thread: 0x00000219a88dd5f0

Heap address: 0x0000000080000000, size: 2048 MB, Compressed Oops mode: 32-bit
CDS archive(s) mapped at: [0x0000000800000000-0x0000000800b50000-0x0000000800b50000), size 11862016, SharedBaseAddress: 0x0000000800000000, ArchiveRelocationMode: 0.
Compressed class space mapped at: 0x0000000800b50000-0x0000000840b50000, size: 1073741824
Narrow klass base: 0x0000000800000000, Narrow klass shift: 3, Narrow klass range: 0x100000000

GC Precious Log:
 CPUs: 2 total, 2 available
 Memory: 7369M
 Large Page Support: Disabled
 NUMA Support: Disabled
 Compressed Oops: Enabled (32-bit)
 Heap Region Size: 1M
 Heap Min Capacity: 8M
 Heap Initial Capacity: 116M
 Heap Max Capacity: 2G
 Pre-touch: Disabled
 Parallel Workers: 2
 Concurrent Workers: 1
 Concurrent Refinement Workers: 2
 Periodic GC: Disabled

Heap:
 garbage-first heap   total 185344K, used 72704K [0x0000000080000000, 0x0000000100000000)
  region size 1024K, 4 young (4096K), 4 survivors (4096K)
 Metaspace       used 34403K, capacity 35000K, committed 35328K, reserved 1079296K
  class space    used 4562K, capacity 4745K, committed 4864K, reserved 1048576K

Heap Regions: E=young(eden), S=young(survivor), O=old, HS=humongous(starts), HC=humongous(continues), CS=collection set, F=free, OA=open archive, CA=closed archive, TAMS=top-at-mark-start (previous, next)
|   0|0x0000000080000000, 0x0000000080100000, 0x0000000080100000|100%| O|  |TAMS 0x0000000080100000, 0x0000000080000000| Untracked 
|   1|0x0000000080100000, 0x0000000080200000, 0x0000000080200000|100%| O|  |TAMS 0x0000000080200000, 0x0000000080100000| Untracked 
|   2|0x0000000080200000, 0x0000000080300000, 0x0000000080300000|100%| O|  |TAMS 0x0000000080300000, 0x0000000080200000| Untracked 
|   3|0x0000000080300000, 0x0000000080400000, 0x0000000080400000|100%| O|  |TAMS 0x0000000080400000, 0x0000000080300000| Untracked 
|   4|0x0000000080400000, 0x0000000080500000, 0x0000000080500000|100%|HS|  |TAMS 0x0000000080500000, 0x0000000080400000| Complete 
|   5|0x0000000080500000, 0x0000000080600000, 0x0000000080600000|100%|HC|  |TAMS 0x0000000080600000, 0x0000000080500000| Complete 
|   6|0x0000000080600000, 0x0000000080700000, 0x0000000080700000|100%|HC|  |TAMS 0x0000000080700000, 0x0000000080600000| Complete 
|   7|0x0000000080700000, 0x0000000080800000, 0x0000000080800000|100%| O|  |TAMS 0x0000000080800000, 0x0000000080700000| Untracked 
|   8|0x0000000080800000, 0x0000000080900000, 0x0000000080900000|100%| O|  |TAMS 0x0000000080900000, 0x0000000080800000| Untracked 
|   9|0x0000000080900000, 0x0000000080a00000, 0x0000000080a00000|100%| O|  |TAMS 0x0000000080a00000, 0x0000000080900000| Complete 
|  10|0x0000000080a00000, 0x0000000080b00000, 0x0000000080b00000|100%| O|  |TAMS 0x0000000080b00000, 0x0000000080a00000| Untracked 
|  11|0x0000000080b00000, 0x0000000080c00000, 0x0000000080c00000|100%| O|  |TAMS 0x0000000080b00000, 0x0000000080b00000| Untracked 
|  12|0x0000000080c00000, 0x0000000080d00000, 0x0000000080d00000|100%| O|  |TAMS 0x0000000080d00000, 0x0000000080c00000| Untracked 
|  13|0x0000000080d00000, 0x0000000080e00000, 0x0000000080e00000|100%| O|  |TAMS 0x0000000080e00000, 0x0000000080d00000| Untracked 
|  14|0x0000000080e00000, 0x0000000080f00000, 0x0000000080f00000|100%| O|  |TAMS 0x0000000080f00000, 0x0000000080e00000| Untracked 
|  15|0x0000000080f00000, 0x0000000081000000, 0x0000000081000000|100%| O|  |TAMS 0x0000000081000000, 0x0000000080f00000| Untracked 
|  16|0x0000000081000000, 0x0000000081100000, 0x0000000081100000|100%| O|  |TAMS 0x0000000081000000, 0x0000000081000000| Untracked 
|  17|0x0000000081100000, 0x0000000081200000, 0x0000000081200000|100%| O|  |TAMS 0x0000000081200000, 0x0000000081100000| Untracked 
|  18|0x0000000081200000, 0x0000000081300000, 0x0000000081300000|100%| O|  |TAMS 0x0000000081300000, 0x0000000081200000| Untracked 
|  19|0x0000000081300000, 0x0000000081400000, 0x0000000081400000|100%| O|  |TAMS 0x0000000081400000, 0x0000000081300000| Untracked 
|  20|0x0000000081400000, 0x0000000081500000, 0x0000000081500000|100%| O|  |TAMS 0x0000000081500000, 0x0000000081400000| Untracked 
|  21|0x0000000081500000, 0x0000000081600000, 0x0000000081600000|100%|HS|  |TAMS 0x0000000081600000, 0x0000000081500000| Complete 
|  22|0x0000000081600000, 0x0000000081700000, 0x0000000081700000|100%|HC|  |TAMS 0x0000000081700000, 0x0000000081600000| Complete 
|  23|0x0000000081700000, 0x0000000081800000, 0x0000000081800000|100%|HC|  |TAMS 0x0000000081800000, 0x0000000081700000| Complete 
|  24|0x0000000081800000, 0x0000000081900000, 0x0000000081900000|100%| O|  |TAMS 0x0000000081800000, 0x0000000081800000| Untracked 
|  25|0x0000000081900000, 0x0000000081a00000, 0x0000000081a00000|100%| O|  |TAMS 0x0000000081a00000, 0x0000000081900000| Complete 
|  26|0x0000000081a00000, 0x0000000081b00000, 0x0000000081b00000|100%| O|  |TAMS 0x0000000081b00000, 0x0000000081a00000| Untracked 
|  27|0x0000000081b00000, 0x0000000081c00000, 0x0000000081c00000|100%| O|  |TAMS 0x0000000081b00000, 0x0000000081b00000| Untracked 
|  28|0x0000000081c00000, 0x0000000081d00000, 0x0000000081d00000|100%| O|  |TAMS 0x0000000081d00000, 0x0000000081c00000| Complete 
|  29|0x0000000081d00000, 0x0000000081e00000, 0x0000000081e00000|100%| O|  |TAMS 0x0000000081e00000, 0x0000000081d00000| Untracked 
|  30|0x0000000081e00000, 0x0000000081f00000, 0x0000000081f00000|100%| O|  |TAMS 0x0000000081f00000, 0x0000000081e00000| Complete 
|  31|0x0000000081f00000, 0x0000000082000000, 0x0000000082000000|100%| O|  |TAMS 0x0000000082000000, 0x0000000081f00000| Untracked 
|  32|0x0000000082000000, 0x0000000082100000, 0x0000000082100000|100%| O|  |TAMS 0x0000000082100000, 0x0000000082000000| Untracked 
|  33|0x0000000082100000, 0x0000000082200000, 0x0000000082200000|100%| O|  |TAMS 0x0000000082100000, 0x0000000082100000| Untracked 
|  34|0x0000000082200000, 0x0000000082300000, 0x0000000082300000|100%| O|  |TAMS 0x0000000082300000, 0x0000000082200000| Untracked 
|  35|0x0000000082300000, 0x0000000082400000, 0x0000000082400000|100%| O|  |TAMS 0x0000000082400000, 0x0000000082300000| Untracked 
|  36|0x0000000082400000, 0x0000000082500000, 0x0000000082500000|100%| O|  |TAMS 0x0000000082500000, 0x0000000082400000| Complete 
|  37|0x0000000082500000, 0x0000000082600000, 0x0000000082600000|100%| O|  |TAMS 0x0000000082600000, 0x0000000082500000| Untracked 
|  38|0x0000000082600000, 0x0000000082700000, 0x0000000082700000|100%| O|  |TAMS 0x0000000082700000, 0x0000000082600000| Complete 
|  39|0x0000000082700000, 0x0000000082800000, 0x0000000082800000|100%| O|  |TAMS 0x0000000082800000, 0x0000000082700000| Complete 
|  40|0x0000000082800000, 0x0000000082900000, 0x0000000082900000|100%| O|  |TAMS 0x0000000082900000, 0x0000000082800000| Complete 
|  41|0x0000000082900000, 0x0000000082a00000, 0x0000000082a00000|100%| O|  |TAMS 0x0000000082900000, 0x0000000082900000| Untracked 
|  42|0x0000000082a00000, 0x0000000082b00000, 0x0000000082b00000|100%| O|  |TAMS 0x0000000082a00000, 0x0000000082a00000| Untracked 
|  43|0x0000000082b00000, 0x0000000082c00000, 0x0000000082c00000|100%| O|  |TAMS 0x0000000082c00000, 0x0000000082b00000| Complete 
|  44|0x0000000082c00000, 0x0000000082d00000, 0x0000000082d00000|100%| O|  |TAMS 0x0000000082c00000, 0x0000000082c00000| Untracked 
|  45|0x0000000082d00000, 0x0000000082e00000, 0x0000000082e00000|100%| O|  |TAMS 0x0000000082d00000, 0x0000000082d00000| Untracked 
|  46|0x0000000082e00000, 0x0000000082f00000, 0x0000000082f00000|100%| O|  |TAMS 0x0000000082e00000, 0x0000000082e00000| Untracked 
|  47|0x0000000082f00000, 0x0000000083000000, 0x0000000083000000|100%| O|  |TAMS 0x0000000082f00000, 0x0000000082f00000| Untracked 
|  48|0x0000000083000000, 0x0000000083000000, 0x0000000083100000|  0%| F|  |TAMS 0x0000000083000000, 0x0000000083000000| Untracked 
|  49|0x0000000083100000, 0x0000000083100000, 0x0000000083200000|  0%| F|  |TAMS 0x0000000083100000, 0x0000000083100000| Untracked 
|  50|0x0000000083200000, 0x0000000083300000, 0x0000000083300000|100%| O|  |TAMS 0x0000000083300000, 0x0000000083200000| Complete 
|  51|0x0000000083300000, 0x0000000083400000, 0x0000000083400000|100%| O|  |TAMS 0x0000000083400000, 0x0000000083300000| Untracked 
|  52|0x0000000083400000, 0x0000000083500000, 0x0000000083500000|100%| O|  |TAMS 0x0000000083500000, 0x0000000083400000| Complete 
|  53|0x0000000083500000, 0x0000000083600000, 0x0000000083600000|100%| O|  |TAMS 0x0000000083600000, 0x0000000083500000| Complete 
|  54|0x0000000083600000, 0x0000000083700000, 0x0000000083700000|100%| O|  |TAMS 0x0000000083700000, 0x0000000083600000| Complete 
|  55|0x0000000083700000, 0x0000000083800000, 0x0000000083800000|100%| O|  |TAMS 0x0000000083800000, 0x0000000083700000| Untracked 
|  56|0x0000000083800000, 0x0000000083900000, 0x0000000083900000|100%| O|  |TAMS 0x0000000083900000, 0x0000000083800000| Untracked 
|  57|0x0000000083900000, 0x0000000083a00000, 0x0000000083a00000|100%| O|  |TAMS 0x0000000083a00000, 0x0000000083900000| Complete 
|  58|0x0000000083a00000, 0x0000000083b00000, 0x0000000083b00000|100%| O|  |TAMS 0x0000000083b00000, 0x0000000083a00000| Untracked 
|  59|0x0000000083b00000, 0x0000000083c00000, 0x0000000083c00000|100%| O|  |TAMS 0x0000000083c00000, 0x0000000083b00000| Complete 
|  60|0x0000000083c00000, 0x0000000083d00000, 0x0000000083d00000|100%| O|  |TAMS 0x0000000083d00000, 0x0000000083c00000| Complete 
|  61|0x0000000083d00000, 0x0000000083e00000, 0x0000000083e00000|100%| O|  |TAMS 0x0000000083e00000, 0x0000000083d00000| Complete 
|  62|0x0000000083e00000, 0x0000000083f00000, 0x0000000083f00000|100%| O|  |TAMS 0x0000000083f00000, 0x0000000083e00000| Complete 
|  63|0x0000000083f00000, 0x0000000084000000, 0x0000000084000000|100%| O|  |TAMS 0x0000000084000000, 0x0000000083f00000| Complete 
|  64|0x0000000084000000, 0x0000000084100000, 0x0000000084100000|100%| O|  |TAMS 0x0000000084100000, 0x0000000084000000| Untracked 
|  65|0x0000000084100000, 0x0000000084200000, 0x0000000084200000|100%| O|  |TAMS 0x0000000084200000, 0x0000000084100000| Untracked 
|  66|0x0000000084200000, 0x0000000084300000, 0x0000000084300000|100%| O|  |TAMS 0x0000000084300000, 0x0000000084200000| Untracked 
|  67|0x0000000084300000, 0x0000000084400000, 0x0000000084400000|100%| O|  |TAMS 0x0000000084400000, 0x0000000084300000| Untracked 
|  68|0x0000000084400000, 0x0000000084500000, 0x0000000084500000|100%| O|  |TAMS 0x0000000084480000, 0x0000000084400000| Untracked 
|  69|0x0000000084500000, 0x0000000084500000, 0x0000000084600000|  0%| F|  |TAMS 0x0000000084500000, 0x0000000084500000| Untracked 
|  70|0x0000000084600000, 0x0000000084600000, 0x0000000084700000|  0%| F|  |TAMS 0x0000000084600000, 0x0000000084600000| Untracked 
|  71|0x0000000084700000, 0x0000000084700000, 0x0000000084800000|  0%| F|  |TAMS 0x0000000084700000, 0x0000000084700000| Untracked 
|  72|0x0000000084800000, 0x0000000084800000, 0x0000000084900000|  0%| F|  |TAMS 0x0000000084800000, 0x0000000084800000| Untracked 
|  73|0x0000000084900000, 0x0000000084900000, 0x0000000084a00000|  0%| F|  |TAMS 0x0000000084900000, 0x0000000084900000| Untracked 
|  74|0x0000000084a00000, 0x0000000084a00000, 0x0000000084b00000|  0%| F|  |TAMS 0x0000000084a00000, 0x0000000084a00000| Untracked 
|  75|0x0000000084b00000, 0x0000000084b00000, 0x0000000084c00000|  0%| F|  |TAMS 0x0000000084b00000, 0x0000000084b00000| Untracked 
|  76|0x0000000084c00000, 0x0000000084c00000, 0x0000000084d00000|  0%| F|  |TAMS 0x0000000084c00000, 0x0000000084c00000| Untracked 
|  77|0x0000000084d00000, 0x0000000084d00000, 0x0000000084e00000|  0%| F|  |TAMS 0x0000000084d00000, 0x0000000084d00000| Untracked 
|  78|0x0000000084e00000, 0x0000000084e00000, 0x0000000084f00000|  0%| F|  |TAMS 0x0000000084e00000, 0x0000000084e00000| Untracked 
|  79|0x0000000084f00000, 0x0000000084f00000, 0x0000000085000000|  0%| F|  |TAMS 0x0000000084f00000, 0x0000000084f00000| Untracked 
|  80|0x0000000085000000, 0x0000000085000000, 0x0000000085100000|  0%| F|  |TAMS 0x0000000085000000, 0x0000000085000000| Untracked 
|  81|0x0000000085100000, 0x0000000085100000, 0x0000000085200000|  0%| F|  |TAMS 0x0000000085100000, 0x0000000085100000| Untracked 
|  82|0x0000000085200000, 0x0000000085200000, 0x0000000085300000|  0%| F|  |TAMS 0x0000000085200000, 0x0000000085200000| Untracked 
|  83|0x0000000085300000, 0x0000000085300000, 0x0000000085400000|  0%| F|  |TAMS 0x0000000085300000, 0x0000000085300000| Untracked 
|  84|0x0000000085400000, 0x0000000085400000, 0x0000000085500000|  0%| F|  |TAMS 0x0000000085400000, 0x0000000085400000| Untracked 
|  85|0x0000000085500000, 0x0000000085500000, 0x0000000085600000|  0%| F|  |TAMS 0x0000000085500000, 0x0000000085500000| Untracked 
|  86|0x0000000085600000, 0x0000000085600000, 0x0000000085700000|  0%| F|  |TAMS 0x0000000085600000, 0x0000000085600000| Untracked 
|  87|0x0000000085700000, 0x0000000085700000, 0x0000000085800000|  0%| F|  |TAMS 0x0000000085700000, 0x0000000085700000| Untracked 
|  88|0x0000000085800000, 0x0000000085800000, 0x0000000085900000|  0%| F|  |TAMS 0x0000000085800000, 0x0000000085800000| Untracked 
|  89|0x0000000085900000, 0x0000000085900000, 0x0000000085a00000|  0%| F|  |TAMS 0x0000000085900000, 0x0000000085900000| Untracked 
|  90|0x0000000085a00000, 0x0000000085a00000, 0x0000000085b00000|  0%| F|  |TAMS 0x0000000085a00000, 0x0000000085a00000| Untracked 
|  91|0x0000000085b00000, 0x0000000085b00000, 0x0000000085c00000|  0%| F|  |TAMS 0x0000000085b00000, 0x0000000085b00000| Untracked 
|  92|0x0000000085c00000, 0x0000000085c00000, 0x0000000085d00000|  0%| F|  |TAMS 0x0000000085c00000, 0x0000000085c00000| Untracked 
|  93|0x0000000085d00000, 0x0000000085d00000, 0x0000000085e00000|  0%| F|  |TAMS 0x0000000085d00000, 0x0000000085d00000| Untracked 
|  94|0x0000000085e00000, 0x0000000085e00000, 0x0000000085f00000|  0%| F|  |TAMS 0x0000000085e00000, 0x0000000085e00000| Untracked 
|  95|0x0000000085f00000, 0x0000000086000000, 0x0000000086000000|100%| S|CS|TAMS 0x0000000085f00000, 0x0000000085f00000| Complete 
|  96|0x0000000086000000, 0x0000000086100000, 0x0000000086100000|100%| S|CS|TAMS 0x0000000086000000, 0x0000000086000000| Complete 
|  97|0x0000000086100000, 0x0000000086200000, 0x0000000086200000|100%| S|CS|TAMS 0x0000000086100000, 0x0000000086100000| Complete 
|  98|0x0000000086200000, 0x0000000086300000, 0x0000000086300000|100%| S|CS|TAMS 0x0000000086200000, 0x0000000086200000| Complete 
|  99|0x0000000086300000, 0x0000000086300000, 0x0000000086400000|  0%| F|  |TAMS 0x0000000086300000, 0x0000000086300000| Untracked 
| 100|0x0000000086400000, 0x0000000086400000, 0x0000000086500000|  0%| F|  |TAMS 0x0000000086400000, 0x0000000086400000| Untracked 
| 101|0x0000000086500000, 0x0000000086500000, 0x0000000086600000|  0%| F|  |TAMS 0x0000000086500000, 0x0000000086500000| Untracked 
| 102|0x0000000086600000, 0x0000000086600000, 0x0000000086700000|  0%| F|  |TAMS 0x0000000086600000, 0x0000000086600000| Untracked 
| 103|0x0000000086700000, 0x0000000086700000, 0x0000000086800000|  0%| F|  |TAMS 0x0000000086700000, 0x0000000086700000| Untracked 
| 104|0x0000000086800000, 0x0000000086800000, 0x0000000086900000|  0%| F|  |TAMS 0x0000000086800000, 0x0000000086800000| Untracked 
| 105|0x0000000086900000, 0x0000000086900000, 0x0000000086a00000|  0%| F|  |TAMS 0x0000000086900000, 0x0000000086900000| Untracked 
| 106|0x0000000086a00000, 0x0000000086a00000, 0x0000000086b00000|  0%| F|  |TAMS 0x0000000086a00000, 0x0000000086a00000| Untracked 
| 107|0x0000000086b00000, 0x0000000086b00000, 0x0000000086c00000|  0%| F|  |TAMS 0x0000000086b00000, 0x0000000086b00000| Untracked 
| 108|0x0000000086c00000, 0x0000000086c00000, 0x0000000086d00000|  0%| F|  |TAMS 0x0000000086c00000, 0x0000000086c00000| Untracked 
| 109|0x0000000086d00000, 0x0000000086d00000, 0x0000000086e00000|  0%| F|  |TAMS 0x0000000086d00000, 0x0000000086d00000| Untracked 
| 110|0x0000000086e00000, 0x0000000086e00000, 0x0000000086f00000|  0%| F|  |TAMS 0x0000000086e00000, 0x0000000086e00000| Untracked 
| 111|0x0000000086f00000, 0x0000000086f00000, 0x0000000087000000|  0%| F|  |TAMS 0x0000000086f00000, 0x0000000086f00000| Untracked 
| 112|0x0000000087000000, 0x0000000087000000, 0x0000000087100000|  0%| F|  |TAMS 0x0000000087000000, 0x0000000087000000| Untracked 
| 113|0x0000000087100000, 0x0000000087100000, 0x0000000087200000|  0%| F|  |TAMS 0x0000000087100000, 0x0000000087100000| Untracked 
| 114|0x0000000087200000, 0x0000000087200000, 0x0000000087300000|  0%| F|  |TAMS 0x0000000087200000, 0x0000000087200000| Untracked 
| 115|0x0000000087300000, 0x0000000087300000, 0x0000000087400000|  0%| F|  |TAMS 0x0000000087300000, 0x0000000087300000| Untracked 
| 116|0x0000000087400000, 0x0000000087400000, 0x0000000087500000|  0%| F|  |TAMS 0x0000000087400000, 0x0000000087400000| Untracked 
| 117|0x0000000087500000, 0x0000000087500000, 0x0000000087600000|  0%| F|  |TAMS 0x0000000087500000, 0x0000000087500000| Untracked 
| 118|0x0000000087600000, 0x0000000087600000, 0x0000000087700000|  0%| F|  |TAMS 0x0000000087600000, 0x0000000087600000| Untracked 
| 119|0x0000000087700000, 0x0000000087700000, 0x0000000087800000|  0%| F|  |TAMS 0x0000000087700000, 0x0000000087700000| Untracked 
| 120|0x0000000087800000, 0x0000000087800000, 0x0000000087900000|  0%| F|  |TAMS 0x0000000087800000, 0x0000000087800000| Untracked 
| 121|0x0000000087900000, 0x0000000087900000, 0x0000000087a00000|  0%| F|  |TAMS 0x0000000087900000, 0x0000000087900000| Untracked 
| 122|0x0000000087a00000, 0x0000000087a00000, 0x0000000087b00000|  0%| F|  |TAMS 0x0000000087a00000, 0x0000000087a00000| Untracked 

Card table byte_map: [0x000002199f4c0000,0x000002199f8c0000] _byte_map_base: 0x000002199f0c0000

Marking Bits (Prev, Next): (CMBitMap*) 0x00000219862ae9f0, (CMBitMap*) 0x00000219862ae9b0
 Prev Bits: [0x00000219a1cc0000, 0x00000219a3cc0000)
 Next Bits: [0x000002199fcc0000, 0x00000219a1cc0000)

Polling page: 0x0000021986080000

Metaspace:

Usage:
  Non-class:     29.55 MB capacity,    29.14 MB ( 99%) used,   368.48 KB (  1%) free+waste,    45.19 KB ( <1%) overhead. 
      Class:      4.63 MB capacity,     4.46 MB ( 96%) used,   163.88 KB (  3%) free+waste,    18.94 KB ( <1%) overhead. 
       Both:     34.18 MB capacity,    33.60 MB ( 98%) used,   532.35 KB (  2%) free+waste,    64.13 KB ( <1%) overhead. 

Virtual space:
  Non-class space:       30.00 MB reserved,      29.75 MB (>99%) committed 
      Class space:        1.00 GB reserved,       4.75 MB ( <1%) committed 
             Both:        1.03 GB reserved,      34.50 MB (  3%) committed 

Chunk freelists:
   Non-Class:  17.00 KB
       Class:  23.00 KB
        Both:  40.00 KB

MaxMetaspaceSize: 17179869184.00 GB
CompressedClassSpaceSize: 1.00 GB

CodeHeap 'non-profiled nmethods': size=120064Kb used=1951Kb max_used=1951Kb free=118113Kb
 bounds [0x0000021997780000, 0x00000219979f0000, 0x000002199ecc0000]
CodeHeap 'profiled nmethods': size=120000Kb used=7945Kb max_used=7945Kb free=112055Kb
 bounds [0x0000021990250000, 0x0000021990a20000, 0x0000021997780000]
CodeHeap 'non-nmethods': size=5696Kb used=2310Kb max_used=2344Kb free=3385Kb
 bounds [0x000002198fcc0000, 0x000002198ff30000, 0x0000021990250000]
 total_blobs=4900 nmethods=4117 adapters=696
 compilation: enabled
              stopped_count=0, restarted_count=0
 full_count=0

Compilation events (20 events):
Event: 14.558 Thread 0x00000219a60734a0 4118       4       com.google.common.io.ByteStreams::copy (51 bytes)
Event: 14.567 Thread 0x00000219a60734a0 nmethod 4118 0x0000021997964990 code [0x0000021997964b60, 0x0000021997964ed8]
Event: 14.762 Thread 0x00000219a60734a0 4119   !   4       java.lang.ref.ReferenceQueue::enqueue (119 bytes)
Event: 14.773 Thread 0x00000219a60734a0 nmethod 4119 0x0000021997965310 code [0x00000219979654c0, 0x0000021997965ae8]
Event: 14.803 Thread 0x00000219a60734a0 4120       4       java.lang.ref.ReferenceQueue::reallyPoll (65 bytes)
Event: 14.809 Thread 0x00000219a60734a0 nmethod 4120 0x0000021997965d10 code [0x0000021997965ea0, 0x0000021997966218]
Event: 14.813 Thread 0x00000219a60734a0 4121   !   4       java.lang.ref.ReferenceQueue::remove (125 bytes)
Event: 14.831 Thread 0x00000219a60734a0 nmethod 4121 0x0000021997966290 code [0x0000021997966460, 0x0000021997966d50]
Event: 14.842 Thread 0x00000219a6079720 4122       3       java.util.Collection::stream (11 bytes)
Event: 14.842 Thread 0x00000219a6079720 nmethod 4122 0x0000021990a0b910 code [0x0000021990a0bac0, 0x0000021990a0bcb8]
Event: 14.894 Thread 0x00000219a60734a0 4123       4       java.util.regex.Pattern$$Lambda$16/0x0000000800b63f80::is (9 bytes)
Event: 14.894 Thread 0x00000219a6079720 4124       3       java.util.regex.Matcher::end (67 bytes)
Event: 14.894 Thread 0x00000219a60734a0 nmethod 4123 0x0000021997967090 code [0x0000021997967200, 0x0000021997967278]
Event: 14.895 Thread 0x00000219a6079720 nmethod 4124 0x0000021990a0bd90 code [0x0000021990a0bfe0, 0x0000021990a0c828]
Event: 14.912 Thread 0x00000219a60734a0 4125       4       org.gradle.api.internal.changedetection.state.JdkZipEntry::isDirectory (8 bytes)
Event: 14.916 Thread 0x00000219a60734a0 nmethod 4125 0x0000021997967390 code [0x0000021997967520, 0x0000021997967618]
Event: 14.970 Thread 0x00000219a60734a0 4126   !   4       jdk.internal.ref.PhantomCleanable::isListEmpty (34 bytes)
Event: 14.972 Thread 0x00000219a60734a0 nmethod 4126 0x0000021997967790 code [0x0000021997967920, 0x0000021997967af8]
Event: 15.749 Thread 0x00000219a6079720 4127       3       javax.management.ObjectName::construct (1135 bytes)
Event: 15.757 Thread 0x00000219a6079720 nmethod 4127 0x0000021990a0cb90 code [0x0000021990a0d1e0, 0x0000021990a10ca8]

GC Heap History (20 events):
Event: 14.142 GC heap after
{Heap after GC invocations=13 (full 0):
 garbage-first heap   total 78848K, used 48219K [0x0000000080000000, 0x0000000100000000)
  region size 1024K, 3 young (3072K), 3 survivors (3072K)
 Metaspace       used 34380K, capacity 35000K, committed 35328K, reserved 1079296K
  class space    used 4554K, capacity 4745K, committed 4864K, reserved 1048576K
}
Event: 14.332 GC heap before
{Heap before GC invocations=14 (full 0):
 garbage-first heap   total 87040K, used 59483K [0x0000000080000000, 0x0000000100000000)
  region size 1024K, 14 young (14336K), 3 survivors (3072K)
 Metaspace       used 34380K, capacity 35000K, committed 35328K, reserved 1079296K
  class space    used 4554K, capacity 4745K, committed 4864K, reserved 1048576K
}
Event: 14.340 GC heap after
{Heap after GC invocations=15 (full 0):
 garbage-first heap   total 87040K, used 52827K [0x0000000080000000, 0x0000000100000000)
  region size 1024K, 2 young (2048K), 2 survivors (2048K)
 Metaspace       used 34380K, capacity 35000K, committed 35328K, reserved 1079296K
  class space    used 4554K, capacity 4745K, committed 4864K, reserved 1048576K
}
Event: 14.356 GC heap before
{Heap before GC invocations=15 (full 0):
 garbage-first heap   total 87040K, used 53851K [0x0000000080000000, 0x0000000100000000)
  region size 1024K, 4 young (4096K), 2 survivors (2048K)
 Metaspace       used 34380K, capacity 35000K, committed 35328K, reserved 1079296K
  class space    used 4554K, capacity 4745K, committed 4864K, reserved 1048576K
}
Event: 14.370 GC heap after
{Heap after GC invocations=16 (full 0):
 garbage-first heap   total 87040K, used 47972K [0x0000000080000000, 0x0000000100000000)
  region size 1024K, 1 young (1024K), 1 survivors (1024K)
 Metaspace       used 34380K, capacity 35000K, committed 35328K, reserved 1079296K
  class space    used 4554K, capacity 4745K, committed 4864K, reserved 1048576K
}
Event: 14.596 GC heap before
{Heap before GC invocations=16 (full 0):
 garbage-first heap   total 87040K, used 63332K [0x0000000080000000, 0x0000000100000000)
  region size 1024K, 16 young (16384K), 1 survivors (1024K)
 Metaspace       used 34381K, capacity 35000K, committed 35328K, reserved 1079296K
  class space    used 4555K, capacity 4745K, committed 4864K, reserved 1048576K
}
Event: 14.615 GC heap after
{Heap after GC invocations=17 (full 0):
 garbage-first heap   total 87040K, used 51977K [0x0000000080000000, 0x0000000100000000)
  region size 1024K, 2 young (2048K), 2 survivors (2048K)
 Metaspace       used 34381K, capacity 35000K, committed 35328K, reserved 1079296K
  class space    used 4555K, capacity 4745K, committed 4864K, reserved 1048576K
}
Event: 14.963 GC heap before
{Heap before GC invocations=18 (full 0):
 garbage-first heap   total 89088K, used 65289K [0x0000000080000000, 0x0000000100000000)
  region size 1024K, 15 young (15360K), 2 survivors (2048K)
 Metaspace       used 34398K, capacity 35000K, committed 35328K, reserved 1079296K
  class space    used 4562K, capacity 4745K, committed 4864K, reserved 1048576K
}
Event: 14.969 GC heap after
{Heap after GC invocations=19 (full 0):
 garbage-first heap   total 89088K, used 54843K [0x0000000080000000, 0x0000000100000000)
  region size 1024K, 2 young (2048K), 2 survivors (2048K)
 Metaspace       used 34398K, capacity 35000K, committed 35328K, reserved 1079296K
  class space    used 4562K, capacity 4745K, committed 4864K, reserved 1048576K
}
Event: 15.072 GC heap before
{Heap before GC invocations=19 (full 0):
 garbage-first heap   total 89088K, used 68155K [0x0000000080000000, 0x0000000100000000)
  region size 1024K, 15 young (15360K), 2 survivors (2048K)
 Metaspace       used 34398K, capacity 35000K, committed 35328K, reserved 1079296K
  class space    used 4562K, capacity 4745K, committed 4864K, reserved 1048576K
}
Event: 15.077 GC heap after
{Heap after GC invocations=20 (full 0):
 garbage-first heap   total 89088K, used 58368K [0x0000000080000000, 0x0000000100000000)
  region size 1024K, 2 young (2048K), 2 survivors (2048K)
 Metaspace       used 34398K, capacity 35000K, committed 35328K, reserved 1079296K
  class space    used 4562K, capacity 4745K, committed 4864K, reserved 1048576K
}
Event: 15.193 GC heap before
{Heap before GC invocations=20 (full 0):
 garbage-first heap   total 104448K, used 64512K [0x0000000080000000, 0x0000000100000000)
  region size 1024K, 13 young (13312K), 2 survivors (2048K)
 Metaspace       used 34398K, capacity 35000K, committed 35328K, reserved 1079296K
  class space    used 4562K, capacity 4745K, committed 4864K, reserved 1048576K
}
Event: 15.200 GC heap after
{Heap after GC invocations=21 (full 0):
 garbage-first heap   total 125952K, used 57660K [0x0000000080000000, 0x0000000100000000)
  region size 1024K, 2 young (2048K), 2 survivors (2048K)
 Metaspace       used 34398K, capacity 35000K, committed 35328K, reserved 1079296K
  class space    used 4562K, capacity 4745K, committed 4864K, reserved 1048576K
}
Event: 15.465 GC heap before
{Heap before GC invocations=22 (full 0):
 garbage-first heap   total 125952K, used 87356K [0x0000000080000000, 0x0000000100000000)
  region size 1024K, 31 young (31744K), 2 survivors (2048K)
 Metaspace       used 34398K, capacity 35000K, committed 35328K, reserved 1079296K
  class space    used 4562K, capacity 4745K, committed 4864K, reserved 1048576K
}
Event: 15.477 GC heap after
{Heap after GC invocations=23 (full 0):
 garbage-first heap   total 125952K, used 69386K [0x0000000080000000, 0x0000000100000000)
  region size 1024K, 4 young (4096K), 4 survivors (4096K)
 Metaspace       used 34398K, capacity 35000K, committed 35328K, reserved 1079296K
  class space    used 4562K, capacity 4745K, committed 4864K, reserved 1048576K
}
Event: 15.497 GC heap before
{Heap before GC invocations=23 (full 0):
 garbage-first heap   total 125952K, used 71434K [0x0000000080000000, 0x0000000100000000)
  region size 1024K, 6 young (6144K), 4 survivors (4096K)
 Metaspace       used 34398K, capacity 35000K, committed 35328K, reserved 1079296K
  class space    used 4562K, capacity 4745K, committed 4864K, reserved 1048576K
}
Event: 15.505 GC heap after
{Heap after GC invocations=24 (full 0):
 garbage-first heap   total 125952K, used 57856K [0x0000000080000000, 0x0000000100000000)
  region size 1024K, 1 young (1024K), 1 survivors (1024K)
 Metaspace       used 34398K, capacity 35000K, committed 35328K, reserved 1079296K
  class space    used 4562K, capacity 4745K, committed 4864K, reserved 1048576K
}
Event: 15.761 GC heap before
{Heap before GC invocations=24 (full 0):
 garbage-first heap   total 125952K, used 86528K [0x0000000080000000, 0x0000000100000000)
  region size 1024K, 29 young (29696K), 1 survivors (1024K)
 Metaspace       used 34403K, capacity 35000K, committed 35328K, reserved 1079296K
  class space    used 4562K, capacity 4745K, committed 4864K, reserved 1048576K
}
Event: 15.774 GC heap after
{Heap after GC invocations=25 (full 0):
 garbage-first heap   total 125952K, used 66560K [0x0000000080000000, 0x0000000100000000)
  region size 1024K, 4 young (4096K), 4 survivors (4096K)
 Metaspace       used 34403K, capacity 35000K, committed 35328K, reserved 1079296K
  class space    used 4562K, capacity 4745K, committed 4864K, reserved 1048576K
}
Event: 16.045 GC heap before
{Heap before GC invocations=26 (full 0):
 garbage-first heap   total 125952K, used 91136K [0x0000000080000000, 0x0000000100000000)
  region size 1024K, 28 young (28672K), 4 survivors (4096K)
 Metaspace       used 34403K, capacity 35000K, committed 35328K, reserved 1079296K
  class space    used 4562K, capacity 4745K, committed 4864K, reserved 1048576K
}

Deoptimization events (20 events):
Event: 12.642 Thread 0x00000219a88ef460 Uncommon trap: trap_request=0xffffffc6 fr.pc=0x000002199792b7a4 relative=0x0000000000000904
Event: 12.642 Thread 0x00000219a88ef460 Uncommon trap: reason=bimorphic_or_optimized_type_check action=maybe_recompile pc=0x000002199792b7a4 method=java.io.BufferedInputStream.read([BII)I @ 101 c2
Event: 12.642 Thread 0x00000219a88ef460 DEOPT PACKING pc=0x000002199792b7a4 sp=0x000000ce449fe460
Event: 12.642 Thread 0x00000219a88ef460 DEOPT UNPACKING pc=0x000002198fd0e12f sp=0x000000ce449fe418 mode 2
Event: 12.646 Thread 0x00000219a88ef460 Uncommon trap: trap_request=0xffffffc6 fr.pc=0x000002199792b7a4 relative=0x0000000000000904
Event: 12.646 Thread 0x00000219a88ef460 Uncommon trap: reason=bimorphic_or_optimized_type_check action=maybe_recompile pc=0x000002199792b7a4 method=java.io.BufferedInputStream.read([BII)I @ 101 c2
Event: 12.646 Thread 0x00000219a88ef460 DEOPT PACKING pc=0x000002199792b7a4 sp=0x000000ce449fe460
Event: 12.646 Thread 0x00000219a88ef460 DEOPT UNPACKING pc=0x000002198fd0e12f sp=0x000000ce449fe418 mode 2
Event: 12.647 Thread 0x00000219a88ef460 Uncommon trap: trap_request=0xffffffc6 fr.pc=0x000002199792b7a4 relative=0x0000000000000904
Event: 12.647 Thread 0x00000219a88ef460 Uncommon trap: reason=bimorphic_or_optimized_type_check action=maybe_recompile pc=0x000002199792b7a4 method=java.io.BufferedInputStream.read([BII)I @ 101 c2
Event: 12.647 Thread 0x00000219a88ef460 DEOPT PACKING pc=0x000002199792b7a4 sp=0x000000ce449fe460
Event: 12.647 Thread 0x00000219a88ef460 DEOPT UNPACKING pc=0x000002198fd0e12f sp=0x000000ce449fe418 mode 2
Event: 12.763 Thread 0x00000219a88dd5f0 DEOPT PACKING pc=0x00000219902fe1f4 sp=0x000000ce445f9350
Event: 12.763 Thread 0x00000219a88dd5f0 DEOPT UNPACKING pc=0x000002198fd0df3f sp=0x000000ce445f88d0 mode 0
Event: 13.216 Thread 0x00000219a88dd5f0 Uncommon trap: trap_request=0xffffffcc fr.pc=0x000002199793f59c relative=0x000000000000127c
Event: 13.216 Thread 0x00000219a88dd5f0 Uncommon trap: reason=intrinsic_or_type_checked_inlining action=make_not_entrant pc=0x000002199793f59c method=java.util.ArrayList.toArray([Ljava/lang/Object;)[Ljava/lang/Object; @ 36 c2
Event: 13.216 Thread 0x00000219a88dd5f0 DEOPT PACKING pc=0x000002199793f59c sp=0x000000ce445f9280
Event: 13.216 Thread 0x00000219a88dd5f0 DEOPT UNPACKING pc=0x000002198fd0e12f sp=0x000000ce445f91b8 mode 2
Event: 13.566 Thread 0x00000219a88dd5f0 DEOPT PACKING pc=0x0000021990552427 sp=0x000000ce445fa470
Event: 13.566 Thread 0x00000219a88dd5f0 DEOPT UNPACKING pc=0x000002198fd0df3f sp=0x000000ce445f9890 mode 0

Classes unloaded (0 events):
No events

Classes redefined (0 events):
No events

Internal exceptions (20 events):
Event: 10.731 Thread 0x00000219a88dd5f0 Exception <a 'java/lang/ClassNotFoundException'{0x000000008330a6e0}: org/gradle/api/internal/DefaultNamedDomainObjectListCustomizer> (0x000000008330a6e0) 
thrown [./open/src/hotspot/share/classfile/systemDictionary.cpp, line 295]
Event: 10.783 Thread 0x00000219a88dd5f0 Exception <a 'java/lang/ClassNotFoundException'{0x0000000083335480}: org/gradle/api/internal/artifacts/DefaultArtifactRepositoryContainerCustomizer> (0x0000000083335480) 
thrown [./open/src/hotspot/share/classfile/systemDictionary.cpp, line 295]
Event: 10.793 Thread 0x00000219a88dd5f0 Exception <a 'java/lang/ClassNotFoundException'{0x00000000833580f0}: org/gradle/api/internal/artifacts/dsl/DefaultRepositoryHandlerCustomizer> (0x00000000833580f0) 
thrown [./open/src/hotspot/share/classfile/systemDictionary.cpp, line 295]
Event: 10.805 Thread 0x00000219a88dd5f0 Exception <a 'java/lang/ClassNotFoundException'{0x00000000833874a8}: org/gradle/api/internal/artifacts/dsl/DefaultRepositoryHandler_DecoratedCustomizer> (0x00000000833874a8) 
thrown [./open/src/hotspot/share/classfile/systemDictionary.cpp, line 295]
Event: 10.908 Thread 0x00000219a88dd5f0 Exception <a 'java/lang/NoSuchMethodError'{0x0000000083013248}: 'int java.lang.invoke.DirectMethodHandle$Holder.invokeStaticInit(java.lang.Object, java.lang.Object, java.lang.Object, java.lang.Object)'> (0x0000000083013248) 
thrown [./open/src/hotspot/share/interpreter/linkResolver.cpp, line 782]
Event: 11.107 Thread 0x00000219a88dd5f0 Exception <a 'java/lang/ClassNotFoundException'{0x0000000082cbdae8}: org/gradle/api/internal/artifacts/dsl/dependencies/DefaultDependencyHandler_DecoratedBeanInfo> (0x0000000082cbdae8) 
thrown [./open/src/hotspot/share/classfile/systemDictionary.cpp, line 295]
Event: 11.108 Thread 0x00000219a88dd5f0 Exception <a 'java/lang/ClassNotFoundException'{0x0000000082ccdc70}: org/gradle/api/internal/artifacts/dsl/dependencies/DefaultDependencyHandlerBeanInfo> (0x0000000082ccdc70) 
thrown [./open/src/hotspot/share/classfile/systemDictionary.cpp, line 295]
Event: 11.109 Thread 0x00000219a88dd5f0 Exception <a 'java/lang/ClassNotFoundException'{0x0000000082cdddb8}: org/gradle/api/internal/artifacts/dsl/dependencies/DefaultDependencyHandlerCustomizer> (0x0000000082cdddb8) 
thrown [./open/src/hotspot/share/classfile/systemDictionary.cpp, line 295]
Event: 11.115 Thread 0x00000219a88dd5f0 Exception <a 'java/lang/ClassNotFoundException'{0x0000000082b0b518}: org/gradle/api/internal/artifacts/dsl/dependencies/DefaultDependencyHandler_DecoratedCustomizer> (0x0000000082b0b518) 
thrown [./open/src/hotspot/share/classfile/systemDictionary.cpp, line 295]
Event: 11.284 Thread 0x00000219a88dd5f0 Exception <a 'java/lang/NoSuchMethodError'{0x0000000082856c88}: 'java.lang.Object java.lang.invoke.DirectMethodHandle$Holder.newInvokeSpecial(java.lang.Object, int, java.lang.Object)'> (0x0000000082856c88) 
thrown [./open/src/hotspot/share/interpreter/linkResolver.cpp, line 782]
Event: 11.617 Thread 0x00000219a88dd5f0 Exception <a 'java/lang/NoSuchMethodError'{0x0000000083b498b8}: 'int java.lang.invoke.DirectMethodHandle$Holder.invokeInterface(java.lang.Object, java.lang.Object)'> (0x0000000083b498b8) 
thrown [./open/src/hotspot/share/interpreter/linkResolver.cpp, line 782]
Event: 11.618 Thread 0x00000219a88dd5f0 Exception <a 'java/lang/IncompatibleClassChangeError'{0x0000000083b4dab8}: Found class java.lang.Object, but interface was expected> (0x0000000083b4dab8) 
thrown [./open/src/hotspot/share/interpreter/linkResolver.cpp, line 848]
Event: 11.619 Thread 0x00000219a88dd5f0 Exception <a 'java/lang/NoSuchMethodError'{0x0000000083b52870}: 'java.lang.Object java.lang.invoke.Invokers$Holder.invokeExact_MT(java.lang.Object, java.lang.Object, java.lang.Object, java.lang.Object, java.lang.Object, java.lang.Object)'> (0x0000000083b52870) 
thrown [./open/src/hotspot/share/interpreter/linkResolver.cpp, line 782]
Event: 11.626 Thread 0x00000219a88dd5f0 Exception <a 'java/lang/NoSuchMethodError'{0x0000000083b72180}: 'int java.lang.invoke.DirectMethodHandle$Holder.invokeStatic(java.lang.Object, java.lang.Object, java.lang.Object, java.lang.Object, java.lang.Object)'> (0x0000000083b72180) 
thrown [./open/src/hotspot/share/interpreter/linkResolver.cpp, line 782]
Event: 11.720 Thread 0x00000219a88dd5f0 Exception <a 'java/lang/NoSuchMethodError'{0x0000000083a87550}: 'java.lang.Object java.lang.invoke.DirectMethodHandle$Holder.invokeSpecial(java.lang.Object, java.lang.Object, java.lang.Object, int, java.lang.Object)'> (0x0000000083a87550) 
thrown [./open/src/hotspot/share/interpreter/linkResolver.cpp, line 782]
Event: 11.721 Thread 0x00000219a88dd5f0 Exception <a 'java/lang/NoSuchMethodError'{0x0000000083a92168}: 'java.lang.Object java.lang.invoke.DirectMethodHandle$Holder.newInvokeSpecial(java.lang.Object, java.lang.Object, java.lang.Object, int)'> (0x0000000083a92168) 
thrown [./open/src/hotspot/share/interpreter/linkResolver.cpp, line 782]
Event: 11.722 Thread 0x00000219a88dd5f0 Exception <a 'java/lang/NoSuchMethodError'{0x0000000083a970f0}: 'java.lang.Object java.lang.invoke.DirectMethodHandle$Holder.invokeSpecial(java.lang.Object, java.lang.Object, java.lang.Object, java.lang.Object, int)'> (0x0000000083a970f0) 
thrown [./open/src/hotspot/share/interpreter/linkResolver.cpp, line 782]
Event: 11.723 Thread 0x00000219a88dd5f0 Exception <a 'java/lang/NoSuchMethodError'{0x0000000083a9b950}: 'java.lang.Object java.lang.invoke.Invokers$Holder.linkToTargetMethod(java.lang.Object, java.lang.Object, int, java.lang.Object)'> (0x0000000083a9b950) 
thrown [./open/src/hotspot/share/interpreter/linkResolver.cpp, line 782]
Event: 12.496 Thread 0x00000219a88dd5f0 Exception <a 'java/lang/NoSuchMethodError'{0x00000000830a8850}: 'void java.lang.invoke.DirectMethodHandle$Holder.invokeStatic(java.lang.Object, java.lang.Object, java.lang.Object, int, java.lang.Object)'> (0x00000000830a8850) 
thrown [./open/src/hotspot/share/interpreter/linkResolver.cpp, line 782]
Event: 12.995 Thread 0x00000219a88dd5f0 Exception <a 'java/lang/NoSuchMethodError'{0x0000000082ac1078}: 'int java.lang.invoke.DirectMethodHandle$Holder.invokeStaticInit(java.lang.Object, java.lang.Object, java.lang.Object)'> (0x0000000082ac1078) 
thrown [./open/src/hotspot/share/interpreter/linkResolver.cpp, line 782]

Events (20 events):
Event: 14.970 Executing VM operation: G1CollectForAllocation done
Event: 15.072 Executing VM operation: G1CollectForAllocation
Event: 15.077 Executing VM operation: G1CollectForAllocation done
Event: 15.159 Executing VM operation: G1Concurrent
Event: 15.165 Executing VM operation: G1Concurrent done
Event: 15.193 Executing VM operation: G1CollectForAllocation
Event: 15.203 Executing VM operation: G1CollectForAllocation done
Event: 15.215 Executing VM operation: G1Concurrent
Event: 15.216 Executing VM operation: G1Concurrent done
Event: 15.465 Executing VM operation: G1CollectForAllocation
Event: 15.478 Executing VM operation: G1CollectForAllocation done
Event: 15.497 Executing VM operation: G1CollectForAllocation
Event: 15.505 Executing VM operation: G1CollectForAllocation done
Event: 15.761 Executing VM operation: G1CollectForAllocation
Event: 15.810 Executing VM operation: G1CollectForAllocation done
Event: 15.867 Executing VM operation: G1Concurrent
Event: 15.879 Executing VM operation: G1Concurrent done
Event: 15.927 Executing VM operation: G1Concurrent
Event: 15.927 Executing VM operation: G1Concurrent done
Event: 16.045 Executing VM operation: G1CollectForAllocation


Dynamic libraries:
0x00007ff690dd0000 - 0x00007ff690ddf000 	C:\Program Files\Java\jdk-15.0.1\bin\java.exe
0x00007ffc09320000 - 0x00007ffc09510000 	C:\Windows\SYSTEM32\ntdll.dll
0x00007ffc07c10000 - 0x00007ffc07cc2000 	C:\Windows\System32\KERNEL32.DLL
0x00007ffc06500000 - 0x00007ffc067a5000 	C:\Windows\System32\KERNELBASE.dll
0x00007ffc07270000 - 0x00007ffc0736a000 	C:\Windows\System32\ucrtbase.dll
0x00007ffbea760000 - 0x00007ffbea779000 	C:\Program Files\Java\jdk-15.0.1\bin\VCRUNTIME140.dll
0x00007ffbec180000 - 0x00007ffbec198000 	C:\Program Files\Java\jdk-15.0.1\bin\jli.dll
0x00007ffc07870000 - 0x00007ffc07913000 	C:\Windows\System32\ADVAPI32.dll
0x00007ffc08ed0000 - 0x00007ffc08f6e000 	C:\Windows\System32\msvcrt.dll
0x00007ffc08c80000 - 0x00007ffc08d17000 	C:\Windows\System32\sechost.dll
0x00007ffc07410000 - 0x00007ffc0752f000 	C:\Windows\System32\RPCRT4.dll
0x00007ffc090c0000 - 0x00007ffc09254000 	C:\Windows\System32\USER32.dll
0x00007ffc06290000 - 0x00007ffc062b1000 	C:\Windows\System32\win32u.dll
0x00007ffc073e0000 - 0x00007ffc07406000 	C:\Windows\System32\GDI32.dll
0x00007ffc06360000 - 0x00007ffc064f8000 	C:\Windows\System32\gdi32full.dll
0x00007ffc062c0000 - 0x00007ffc0635e000 	C:\Windows\System32\msvcp_win.dll
0x00007ffbf9bc0000 - 0x00007ffbf9e44000 	C:\Windows\WinSxS\amd64_microsoft.windows.common-controls_6595b64144ccf1df_6.0.18362.1556_none_9e7e372fe45e41d5\COMCTL32.dll
0x00007ffc07530000 - 0x00007ffc07866000 	C:\Windows\System32\combase.dll
0x00007ffc067d0000 - 0x00007ffc06851000 	C:\Windows\System32\bcryptPrimitives.dll
0x00007ffbfe100000 - 0x00007ffbfe10a000 	C:\Windows\SYSTEM32\VERSION.dll
0x00007ffc083d0000 - 0x00007ffc083fe000 	C:\Windows\System32\IMM32.DLL
0x00007ffbef8f0000 - 0x00007ffbef8fc000 	C:\Program Files\Java\jdk-15.0.1\bin\vcruntime140_1.dll
0x00007ffbde0a0000 - 0x00007ffbde131000 	C:\Program Files\Java\jdk-15.0.1\bin\msvcp140.dll
0x00007ffbc0bc0000 - 0x00007ffbc171e000 	C:\Program Files\Java\jdk-15.0.1\bin\server\jvm.dll
0x00007ffc090b0000 - 0x00007ffc090b8000 	C:\Windows\System32\PSAPI.DLL
0x00007ffc00810000 - 0x00007ffc00819000 	C:\Windows\SYSTEM32\WSOCK32.dll
0x00007ffc08f70000 - 0x00007ffc08fdf000 	C:\Windows\System32\WS2_32.dll
0x00007ffbfd4f0000 - 0x00007ffbfd514000 	C:\Windows\SYSTEM32\WINMM.dll
0x00007ffbfcde0000 - 0x00007ffbfce0d000 	C:\Windows\SYSTEM32\WINMMBASE.dll
0x00007ffc06a70000 - 0x00007ffc06aba000 	C:\Windows\System32\cfgmgr32.dll
0x00007ffc06270000 - 0x00007ffc06281000 	C:\Windows\System32\kernel.appcore.dll
0x00007ffbef0a0000 - 0x00007ffbef0aa000 	C:\Program Files\Java\jdk-15.0.1\bin\jimage.dll
0x00007ffc01230000 - 0x00007ffc01424000 	C:\Windows\SYSTEM32\DBGHELP.DLL
0x00007ffc01200000 - 0x00007ffc0122a000 	C:\Windows\SYSTEM32\dbgcore.DLL
0x00007ffbde070000 - 0x00007ffbde095000 	C:\Program Files\Java\jdk-15.0.1\bin\java.dll
0x00007ffc07ce0000 - 0x00007ffc083c7000 	C:\Windows\System32\SHELL32.dll
0x00007ffc08470000 - 0x00007ffc08518000 	C:\Windows\System32\shcore.dll
0x00007ffc06af0000 - 0x00007ffc0726b000 	C:\Windows\System32\windows.storage.dll
0x00007ffc061e0000 - 0x00007ffc061fe000 	C:\Windows\System32\profapi.dll
0x00007ffc06220000 - 0x00007ffc0626a000 	C:\Windows\System32\powrprof.dll
0x00007ffc061d0000 - 0x00007ffc061e0000 	C:\Windows\System32\UMPDC.dll
0x00007ffc08af0000 - 0x00007ffc08b42000 	C:\Windows\System32\shlwapi.dll
0x00007ffc067b0000 - 0x00007ffc067c7000 	C:\Windows\System32\cryptsp.dll
0x00007ffbe6110000 - 0x00007ffbe6129000 	C:\Program Files\Java\jdk-15.0.1\bin\net.dll
0x00007ffc01f20000 - 0x00007ffc0201a000 	C:\Windows\SYSTEM32\WINHTTP.dll
0x00007ffc059b0000 - 0x00007ffc05a17000 	C:\Windows\system32\mswsock.dll
0x00007ffbe5ca0000 - 0x00007ffbe5cb2000 	C:\Program Files\Java\jdk-15.0.1\bin\nio.dll
0x00007ffbd9560000 - 0x00007ffbd9578000 	C:\Program Files\Java\jdk-15.0.1\bin\zip.dll
0x00007ffbeeda0000 - 0x00007ffbeedb0000 	C:\Program Files\Java\jdk-15.0.1\bin\verify.dll
0x00007ffbde200000 - 0x00007ffbde227000 	C:\Users\Abdulla\.gradle\native\c976cfcca226fdd4bee4412e95191dd41148b7504f9625baeda1d523bc39a967\windows-amd64\native-platform.dll
0x00007ffbeed40000 - 0x00007ffbeed49000 	C:\Program Files\Java\jdk-15.0.1\bin\management.dll
0x00007ffbee2c0000 - 0x00007ffbee2cb000 	C:\Program Files\Java\jdk-15.0.1\bin\management_ext.dll
0x00007ffc05530000 - 0x00007ffc05563000 	C:\Windows\system32\rsaenh.dll
0x00007ffc06ac0000 - 0x00007ffc06ae6000 	C:\Windows\System32\bcrypt.dll
0x00007ffc060f0000 - 0x00007ffc06115000 	C:\Windows\SYSTEM32\USERENV.dll
0x00007ffc05b80000 - 0x00007ffc05b8c000 	C:\Windows\SYSTEM32\CRYPTBASE.dll
0x00007ffc056c0000 - 0x00007ffc056fa000 	C:\Windows\SYSTEM32\IPHLPAPI.DLL
0x00007ffc073d0000 - 0x00007ffc073d8000 	C:\Windows\System32\NSI.dll
0x00007ffc01da0000 - 0x00007ffc01db6000 	C:\Windows\SYSTEM32\dhcpcsvc6.DLL
0x00007ffc02290000 - 0x00007ffc022ac000 	C:\Windows\SYSTEM32\dhcpcsvc.DLL
0x00007ffc05700000 - 0x00007ffc057cb000 	C:\Windows\SYSTEM32\DNSAPI.dll

dbghelp: loaded successfully - version: 4.0.5 - missing functions: none
symbol engine: initialized successfully - sym options: 0x614 - pdb path: .;C:\Program Files\Java\jdk-15.0.1\bin;C:\Windows\SYSTEM32;C:\Windows\WinSxS\amd64_microsoft.windows.common-controls_6595b64144ccf1df_6.0.18362.1556_none_9e7e372fe45e41d5;C:\Program Files\Java\jdk-15.0.1\bin\server;C:\Users\Abdulla\.gradle\native\c976cfcca226fdd4bee4412e95191dd41148b7504f9625baeda1d523bc39a967\windows-amd64

VM Arguments:
jvm_args: --add-opens=java.base/java.util=ALL-UNNAMED --add-opens=java.base/java.lang=ALL-UNNAMED --add-opens=java.base/java.lang.invoke=ALL-UNNAMED --add-opens=java.prefs/java.util.prefs=ALL-UNNAMED -Xmx2048m -Dfile.encoding=windows-1256 -Duser.country=US -Duser.language=en -Duser.variant 
java_command: org.gradle.launcher.daemon.bootstrap.GradleDaemon 6.3
java_class_path (initial): C:\Users\Abdulla\.gradle\wrapper\dists\gradle-6.3-all\b4awcolw9l59x95tu1obfh9i8\gradle-6.3\lib\gradle-launcher-6.3.jar
Launcher Type: SUN_STANDARD

[Global flags]
     intx CICompilerCount                          = 2                                         {product} {ergonomic}
     uint ConcGCThreads                            = 1                                         {product} {ergonomic}
     uint G1ConcRefinementThreads                  = 2                                         {product} {ergonomic}
   size_t G1HeapRegionSize                         = 1048576                                   {product} {ergonomic}
    uintx GCDrainStackTargetSize                   = 64                                        {product} {ergonomic}
   size_t InitialHeapSize                          = 121634816                                 {product} {ergonomic}
   size_t MarkStackSize                            = 4194304                                   {product} {ergonomic}
   size_t MaxHeapSize                              = 2147483648                                {product} {command line}
   size_t MaxNewSize                               = 1287651328                                {product} {ergonomic}
   size_t MinHeapDeltaBytes                        = 1048576                                   {product} {ergonomic}
   size_t MinHeapSize                              = 8388608                                   {product} {ergonomic}
    uintx NonNMethodCodeHeapSize                   = 5826188                                {pd product} {ergonomic}
    uintx NonProfiledCodeHeapSize                  = 122916026                              {pd product} {ergonomic}
    uintx ProfiledCodeHeapSize                     = 122916026                              {pd product} {ergonomic}
    uintx ReservedCodeCacheSize                    = 251658240                              {pd product} {ergonomic}
     bool SegmentedCodeCache                       = true                                      {product} {ergonomic}
   size_t SoftMaxHeapSize                          = 2147483648                             {manageable} {ergonomic}
     bool UseCompressedClassPointers               = true                                 {lp64_product} {ergonomic}
     bool UseCompressedOops                        = true                                 {lp64_product} {ergonomic}
     bool UseG1GC                                  = true                                      {product} {ergonomic}
     bool UseLargePagesIndividualAllocation        = false                                  {pd product} {ergonomic}

Logging:
Log output configuration:
 #0: stdout all=warning uptime,level,tags
 #1: stderr all=off uptime,level,tags

Environment Variables:
JAVA_HOME=C:\Program Files\Java\jdk-15.0.1
PATH=C:\Program Files\Common Files\Oracle\Java\javapath;C:\Windows\system32;C:\Windows;C:\Windows\System32\Wbem;C:\Windows\System32\WindowsPowerShell\v1.0\;C:\Windows\System32\OpenSSH\;C:\Program Files (x86)\Microsoft SQL Server\120\DTS\Binn\;C:\Program Files (x86)\Microsoft SQL Server\Client SDK\ODBC\110\Tools\Binn\;C:\Program Files (x86)\Microsoft SQL Server\120\Tools\Binn\;C:\Program Files (x86)\Microsoft SQL Server\120\Tools\Binn\ManagementStudio\;C:\program Files\java\jdk-15.0.1\bin;C:\Program Files\Git\cmd;C:\Users\Abdulla\AppData\Local\Microsoft\WindowsApps;;C:\Users\Abdulla\AppData\Local\Programs\Microsoft VS Code\bin
USERNAME=Abdulla
OS=Windows_NT
PROCESSOR_IDENTIFIER=AMD64 Family 21 Model 16 Stepping 1, AuthenticAMD



---------------  S Y S T E M  ---------------

OS:
 Windows 10 , 64 bit Build 18362 (10.0.18362.1500)
OS uptime: 1 days 0:13 hours

CPU: total 2 (initial active 2) (2 cores per cpu, 1 threads per core) family 21 model 16 stepping 1 microcode 0x0, cmov, cx8, fxsr, mmx, sse, sse2, sse3, ssse3, sse4.1, sse4.2, popcnt, vzeroupper, avx, aes, clmul, 3dnowpref, lzcnt, sse4a, tsc, tscinvbit, tscinv, bmi1, fma, clflush

Memory: 4k page, system-wide physical 7369M (765M free)
TotalPageFile size 7369M (AvailPageFile size 54M)
current process WorkingSet (physical memory assigned to process): 351M, peak: 351M
current process commit charge ("private bytes"): 499M, peak: 557M

vm_info: Java HotSpot(TM) 64-Bit Server VM (15.0.1+9-18) for windows-amd64 JRE (15.0.1+9-18), built on Sep 15 2020 14:43:54 by "mach5one" with unknown MS VC++:1925

END.
