#
# There is insufficient memory for the Java Runtime Environment to continue.
# Native memory allocation (mmap) failed to map 102760448 bytes for G1 virtual space
# Possible reasons:
#   The system is out of physical RAM or swap space
#   The process is running with CompressedOops enabled, and the Java Heap may be blocking the growth of the native heap
# Possible solutions:
#   Reduce memory load on the system
#   Increase physical memory or swap space
#   Check if swap backing store is full
#   Decrease Java heap size (-Xmx/-Xms)
#   Decrease number of Java threads
#   Decrease Java thread stack sizes (-Xss)
#   Set larger code cache with -XX:ReservedCodeCacheSize=
#   JVM is running with Unscaled Compressed Oops mode in which the Java heap is
#     placed in the first 4GB address space. The Java Heap base address is the
#     maximum limit for the native heap growth. Please use -XX:HeapBaseMinAddress
#     to set the Java Heap base and to place the Java Heap above 4GB virtual address.
# This output file may be truncated or incomplete.
#
#  Out of Memory Error (./open/src/hotspot/os/windows/os_windows.cpp:3472), pid=7068, tid=8196
#
# JRE version: Java(TM) SE Runtime Environment (15.0.1+9) (build 15.0.1+9-18)
# Java VM: Java HotSpot(TM) 64-Bit Server VM (15.0.1+9-18, mixed mode, sharing, tiered, compressed oops, g1 gc, windows-amd64)
# No core dump will be written. Minidumps are not enabled by default on client versions of Windows
#

---------------  S U M M A R Y ------------

Command Line: --add-opens=java.base/java.util=ALL-UNNAMED --add-opens=java.base/java.lang=ALL-UNNAMED --add-opens=java.base/java.lang.invoke=ALL-UNNAMED --add-opens=java.prefs/java.util.prefs=ALL-UNNAMED -Xmx2048m -Dfile.encoding=windows-1256 -Duser.country=US -Duser.language=en -Duser.variant org.gradle.launcher.daemon.bootstrap.GradleDaemon 6.3

Host: AMD A4-4300M APU with Radeon(tm) HD Graphics   , 2 cores, 7G,  Windows 10 , 64 bit Build 18362 (10.0.18362.1500)
Time: Mon May 24 18:58:28 2021 Egypt Standard Time elapsed time: 14.733704 seconds (0d 0h 0m 14s)

---------------  T H R E A D  ---------------

Current thread (0x0000027bfc9d0fb0):  VMThread "VM Thread" [stack: 0x000000f117900000,0x000000f117a00000] [id=8196]

Stack: [0x000000f117900000,0x000000f117a00000]
[error occurred during error reporting (printing stack bounds), id 0xc0000005, EXCEPTION_ACCESS_VIOLATION (0xc0000005) at pc=0x0000027be65f10ad]

Native frames: (J=compiled Java code, j=interpreted, Vv=VM code, C=native code)
V  [jvm.dll+0x62ae9a]
V  [jvm.dll+0x781389]
V  [jvm.dll+0x782ae3]
V  [jvm.dll+0x7830a5]
V  [jvm.dll+0x78305b]
V  [jvm.dll+0x62a2b9]
V  [jvm.dll+0x62aa88]
C  [ntdll.dll+0xa1fff]
C  [ntdll.dll+0x6aad9]
C  [ntdll.dll+0xa0c6e]
C  0x0000027be65f10ad

VM_Operation (0x000000f118cfa6d0): G1CollectForAllocation, mode: safepoint, requested by thread 0x0000027bff133e60


---------------  P R O C E S S  ---------------

Threads class SMR info:
_java_thread_list=0x0000027bff375960, length=31, elements={
0x0000027bdcbd22a0, 0x0000027bfc9d3650, 0x0000027bfc9d6040, 0x0000027bfc9ef6b0,
0x0000027bfc9f2f90, 0x0000027bfc9f3850, 0x0000027bfc9f4440, 0x0000027bfc9fa220,
0x0000027bfd381ae0, 0x0000027bfd420100, 0x0000027bfd43cb70, 0x0000027bfeb98c40,
0x0000027bfdd11ef0, 0x0000027bfea4a5c0, 0x0000027bff13e800, 0x0000027bfeb97ec0,
0x0000027bff138e80, 0x0000027bff133e60, 0x0000027bff134330, 0x0000027bff134bd0,
0x0000027bfec325b0, 0x0000027bfec2f590, 0x0000027bfec308d0, 0x0000027bfec31740,
0x0000027bfec2fa60, 0x0000027bfec30da0, 0x0000027bfd82e1b0, 0x0000027bfd830830,
0x0000027bfd830d00, 0x0000027bfd8311d0, 0x0000027bfd8316a0
}

Java Threads: ( => current thread )
  0x0000027bdcbd22a0 JavaThread "main" [_thread_blocked, id=724, stack(0x000000f117300000,0x000000f117400000)]
  0x0000027bfc9d3650 JavaThread "Reference Handler" daemon [_thread_blocked, id=7432, stack(0x000000f117a00000,0x000000f117b00000)]
  0x0000027bfc9d6040 JavaThread "Finalizer" daemon [_thread_blocked, id=3756, stack(0x000000f117b00000,0x000000f117c00000)]
  0x0000027bfc9ef6b0 JavaThread "Signal Dispatcher" daemon [_thread_blocked, id=796, stack(0x000000f117c00000,0x000000f117d00000)]
  0x0000027bfc9f2f90 JavaThread "Attach Listener" daemon [_thread_blocked, id=10988, stack(0x000000f117d00000,0x000000f117e00000)]
  0x0000027bfc9f3850 JavaThread "Service Thread" daemon [_thread_blocked, id=2736, stack(0x000000f117e00000,0x000000f117f00000)]
  0x0000027bfc9f4440 JavaThread "C2 CompilerThread0" daemon [_thread_blocked, id=2664, stack(0x000000f117f00000,0x000000f118000000)]
  0x0000027bfc9fa220 JavaThread "C1 CompilerThread0" daemon [_thread_blocked, id=4588, stack(0x000000f118000000,0x000000f118100000)]
  0x0000027bfd381ae0 JavaThread "Sweeper thread" daemon [_thread_blocked, id=7500, stack(0x000000f118100000,0x000000f118200000)]
  0x0000027bfd420100 JavaThread "Common-Cleaner" daemon [_thread_blocked, id=3340, stack(0x000000f118200000,0x000000f118300000)]
  0x0000027bfd43cb70 JavaThread "Notification Thread" daemon [_thread_blocked, id=11092, stack(0x000000f118300000,0x000000f118400000)]
  0x0000027bfeb98c40 JavaThread "Daemon health stats" [_thread_blocked, id=1964, stack(0x000000f118600000,0x000000f118700000)]
  0x0000027bfdd11ef0 JavaThread "Incoming local TCP Connector on port 53416" [_thread_in_native, id=8120, stack(0x000000f118700000,0x000000f118800000)]
  0x0000027bfea4a5c0 JavaThread "Daemon" [_thread_blocked, id=5028, stack(0x000000f118800000,0x000000f118900000)]
  0x0000027bff13e800 JavaThread "Daemon periodic checks" [_thread_blocked, id=9988, stack(0x000000f118900000,0x000000f118a00000)]
  0x0000027bfeb97ec0 JavaThread "Handler for socket connection from /127.0.0.1:53416 to /127.0.0.1:53417" [_thread_in_native, id=6208, stack(0x000000f118a00000,0x000000f118b00000)]
  0x0000027bff138e80 JavaThread "Cancel handler" [_thread_blocked, id=9404, stack(0x000000f118b00000,0x000000f118c00000)]
  0x0000027bff133e60 JavaThread "Daemon worker" [_thread_blocked, id=952, stack(0x000000f118c00000,0x000000f118d00000)]
  0x0000027bff134330 JavaThread "Asynchronous log dispatcher for DefaultDaemonConnection: socket connection from /127.0.0.1:53416 to /127.0.0.1:53417" [_thread_blocked, id=5892, stack(0x000000f118d00000,0x000000f118e00000)]
  0x0000027bff134bd0 JavaThread "Stdin handler" [_thread_blocked, id=9996, stack(0x000000f118e00000,0x000000f118f00000)]
  0x0000027bfec325b0 JavaThread "Thread-8" [_thread_blocked, id=6724, stack(0x000000f118f00000,0x000000f119000000)]
  0x0000027bfec2f590 JavaThread "Cache worker for journal cache (C:\Users\Abdulla\.gradle\caches\journal-1)" [_thread_blocked, id=7064, stack(0x000000f119000000,0x000000f119100000)]
  0x0000027bfec308d0 JavaThread "File lock request listener" [_thread_in_native, id=1056, stack(0x000000f119100000,0x000000f119200000)]
  0x0000027bfec31740 JavaThread "Cache worker for file hash cache (C:\Users\Abdulla\.gradle\caches\6.3\fileHashes)" [_thread_blocked, id=8892, stack(0x000000f119200000,0x000000f119300000)]
  0x0000027bfec2fa60 JavaThread "Cache worker for checksums cache (E:\Android\AndroidStudioProjects\ConvertAPIToSqlite\.gradle\checksums)" [_thread_blocked, id=5564, stack(0x000000f119300000,0x000000f119400000)]
  0x0000027bfec30da0 JavaThread "Cache worker for file hash cache (E:\Android\AndroidStudioProjects\ConvertAPIToSqlite\.gradle\6.3\fileHashes)" [_thread_blocked, id=10620, stack(0x000000f119400000,0x000000f119500000)]
  0x0000027bfd82e1b0 JavaThread "Cache worker for cache directory md-supplier (C:\Users\Abdulla\.gradle\caches\6.3\md-supplier)" [_thread_blocked, id=2892, stack(0x000000f119500000,0x000000f119600000)]
  0x0000027bfd830830 JavaThread "Cache worker for cache directory md-rule (C:\Users\Abdulla\.gradle\caches\6.3\md-rule)" [_thread_blocked, id=6400, stack(0x000000f119600000,0x000000f119700000)]
  0x0000027bfd830d00 JavaThread "Cache worker for execution history cache (C:\Users\Abdulla\.gradle\caches\6.3\executionHistory)" [_thread_blocked, id=10172, stack(0x000000f119700000,0x000000f119800000)]
  0x0000027bfd8311d0 JavaThread "Build operations" [_thread_blocked, id=6292, stack(0x000000f119900000,0x000000f119a00000)]
  0x0000027bfd8316a0 JavaThread "Build operations Thread 2" [_thread_blocked, id=10436, stack(0x000000f119a00000,0x000000f119b00000)]

Other Threads:
=>0x0000027bfc9d0fb0 VMThread "VM Thread" [stack: 0x000000f117900000,0x000000f117a00000] [id=8196]
  0x0000027bfd441510 WatcherThread [stack: 0x000000f118400000,0x000000f118500000] [id=9340]
  0x0000027bdcc0f150 GCTaskThread "GC Thread#0" [stack: 0x000000f117400000,0x000000f117500000] [id=4000]
  0x0000027bfd5b7890 GCTaskThread "GC Thread#1" [stack: 0x000000f118500000,0x000000f118600000] [id=3492]
  0x0000027bdcc20340 ConcurrentGCThread "G1 Main Marker" [stack: 0x000000f117500000,0x000000f117600000] [id=5504]
  0x0000027bdcc21660 ConcurrentGCThread "G1 Conc#0" [stack: 0x000000f117600000,0x000000f117700000] [id=10932]
  0x0000027bdcc84200 ConcurrentGCThread "G1 Refine#0" [stack: 0x000000f117700000,0x000000f117800000] [id=1152]
  0x0000027b810d10b0 ConcurrentGCThread "G1 Refine#1" [stack: 0x000000f119800000,0x000000f119900000] [id=1912]
  0x0000027bdcc86c20 ConcurrentGCThread "G1 Young RemSet Sampling" [stack: 0x000000f117800000,0x000000f117900000] [id=112]

Threads with active compile tasks:

VM state: at safepoint (normal execution)

VM Mutex/Monitor currently owned by a thread:  ([mutex/lock_event])
[0x0000027bdcbcd2a0] Threads_lock - owner thread: 0x0000027bfc9d0fb0
[0x0000027bdcbcd840] Heap_lock - owner thread: 0x0000027bff133e60

Heap address: 0x0000000080000000, size: 2048 MB, Compressed Oops mode: 32-bit
CDS archive(s) mapped at: [0x0000000800000000-0x0000000800b50000-0x0000000800b50000), size 11862016, SharedBaseAddress: 0x0000000800000000, ArchiveRelocationMode: 0.
Compressed class space mapped at: 0x0000000800b50000-0x0000000840b50000, size: 1073741824
Narrow klass base: 0x0000000800000000, Narrow klass shift: 3, Narrow klass range: 0x100000000

GC Precious Log:
 CPUs: 2 total, 2 available
 Memory: 7369M
 Large Page Support: Disabled
 NUMA Support: Disabled
 Compressed Oops: Enabled (32-bit)
 Heap Region Size: 1M
 Heap Min Capacity: 8M
 Heap Initial Capacity: 116M
 Heap Max Capacity: 2G
 Pre-touch: Disabled
 Parallel Workers: 2
 Concurrent Workers: 1
 Concurrent Refinement Workers: 2
 Periodic GC: Disabled

Heap:
 garbage-first heap   total 223232K, used 75776K [0x0000000080000000, 0x0000000100000000)
  region size 1024K, 4 young (4096K), 4 survivors (4096K)
 Metaspace       used 34387K, capacity 35000K, committed 35328K, reserved 1079296K
  class space    used 4559K, capacity 4745K, committed 4864K, reserved 1048576K

Heap Regions: E=young(eden), S=young(survivor), O=old, HS=humongous(starts), HC=humongous(continues), CS=collection set, F=free, OA=open archive, CA=closed archive, TAMS=top-at-mark-start (previous, next)
|   0|0x0000000080000000, 0x0000000080100000, 0x0000000080100000|100%| O|  |TAMS 0x0000000080100000, 0x0000000080000000| Untracked 
|   1|0x0000000080100000, 0x0000000080200000, 0x0000000080200000|100%| O|  |TAMS 0x0000000080200000, 0x0000000080100000| Untracked 
|   2|0x0000000080200000, 0x0000000080300000, 0x0000000080300000|100%| O|  |TAMS 0x0000000080300000, 0x0000000080200000| Untracked 
|   3|0x0000000080300000, 0x0000000080400000, 0x0000000080400000|100%| O|  |TAMS 0x0000000080400000, 0x0000000080300000| Untracked 
|   4|0x0000000080400000, 0x0000000080500000, 0x0000000080500000|100%|HS|  |TAMS 0x0000000080500000, 0x0000000080400000| Complete 
|   5|0x0000000080500000, 0x0000000080600000, 0x0000000080600000|100%|HC|  |TAMS 0x0000000080600000, 0x0000000080500000| Complete 
|   6|0x0000000080600000, 0x0000000080700000, 0x0000000080700000|100%|HC|  |TAMS 0x0000000080700000, 0x0000000080600000| Complete 
|   7|0x0000000080700000, 0x0000000080800000, 0x0000000080800000|100%| O|  |TAMS 0x0000000080800000, 0x0000000080700000| Untracked 
|   8|0x0000000080800000, 0x0000000080900000, 0x0000000080900000|100%| O|  |TAMS 0x0000000080900000, 0x0000000080800000| Untracked 
|   9|0x0000000080900000, 0x0000000080a00000, 0x0000000080a00000|100%| O|  |TAMS 0x0000000080a00000, 0x0000000080900000| Untracked 
|  10|0x0000000080a00000, 0x0000000080b00000, 0x0000000080b00000|100%| O|  |TAMS 0x0000000080b00000, 0x0000000080a00000| Untracked 
|  11|0x0000000080b00000, 0x0000000080c00000, 0x0000000080c00000|100%| O|  |TAMS 0x0000000080c00000, 0x0000000080b00000| Untracked 
|  12|0x0000000080c00000, 0x0000000080d00000, 0x0000000080d00000|100%| O|  |TAMS 0x0000000080d00000, 0x0000000080c00000| Untracked 
|  13|0x0000000080d00000, 0x0000000080e00000, 0x0000000080e00000|100%| O|  |TAMS 0x0000000080e00000, 0x0000000080d00000| Untracked 
|  14|0x0000000080e00000, 0x0000000080f00000, 0x0000000080f00000|100%| O|  |TAMS 0x0000000080f00000, 0x0000000080e00000| Untracked 
|  15|0x0000000080f00000, 0x0000000081000000, 0x0000000081000000|100%| O|  |TAMS 0x0000000080f00000, 0x0000000080f00000| Untracked 
|  16|0x0000000081000000, 0x0000000081100000, 0x0000000081100000|100%| O|  |TAMS 0x0000000081100000, 0x0000000081000000| Untracked 
|  17|0x0000000081100000, 0x0000000081200000, 0x0000000081200000|100%| O|  |TAMS 0x0000000081200000, 0x0000000081100000| Untracked 
|  18|0x0000000081200000, 0x0000000081300000, 0x0000000081300000|100%| O|  |TAMS 0x0000000081300000, 0x0000000081200000| Untracked 
|  19|0x0000000081300000, 0x0000000081400000, 0x0000000081400000|100%| O|  |TAMS 0x0000000081400000, 0x0000000081300000| Untracked 
|  20|0x0000000081400000, 0x0000000081500000, 0x0000000081500000|100%|HS|  |TAMS 0x0000000081500000, 0x0000000081400000| Complete 
|  21|0x0000000081500000, 0x0000000081600000, 0x0000000081600000|100%|HC|  |TAMS 0x0000000081600000, 0x0000000081500000| Complete 
|  22|0x0000000081600000, 0x0000000081700000, 0x0000000081700000|100%|HC|  |TAMS 0x0000000081700000, 0x0000000081600000| Complete 
|  23|0x0000000081700000, 0x0000000081800000, 0x0000000081800000|100%| O|  |TAMS 0x0000000081700000, 0x0000000081700000| Untracked 
|  24|0x0000000081800000, 0x0000000081900000, 0x0000000081900000|100%| O|  |TAMS 0x0000000081900000, 0x0000000081800000| Untracked 
|  25|0x0000000081900000, 0x0000000081a00000, 0x0000000081a00000|100%| O|  |TAMS 0x0000000081900000, 0x0000000081900000| Untracked 
|  26|0x0000000081a00000, 0x0000000081b00000, 0x0000000081b00000|100%| O|  |TAMS 0x0000000081a00000, 0x0000000081a00000| Untracked 
|  27|0x0000000081b00000, 0x0000000081c00000, 0x0000000081c00000|100%| O|  |TAMS 0x0000000081b00000, 0x0000000081b00000| Untracked 
|  28|0x0000000081c00000, 0x0000000081d00000, 0x0000000081d00000|100%| O|  |TAMS 0x0000000081c00000, 0x0000000081c00000| Untracked 
|  29|0x0000000081d00000, 0x0000000081e00000, 0x0000000081e00000|100%| O|  |TAMS 0x0000000081d00000, 0x0000000081d00000| Untracked 
|  30|0x0000000081e00000, 0x0000000081f00000, 0x0000000081f00000|100%| O|  |TAMS 0x0000000081f00000, 0x0000000081e00000| Untracked 
|  31|0x0000000081f00000, 0x0000000082000000, 0x0000000082000000|100%| O|  |TAMS 0x0000000081f00000, 0x0000000081f00000| Untracked 
|  32|0x0000000082000000, 0x0000000082100000, 0x0000000082100000|100%| O|  |TAMS 0x0000000082000000, 0x0000000082000000| Untracked 
|  33|0x0000000082100000, 0x0000000082200000, 0x0000000082200000|100%| O|  |TAMS 0x0000000082100000, 0x0000000082100000| Untracked 
|  34|0x0000000082200000, 0x0000000082300000, 0x0000000082300000|100%| O|  |TAMS 0x0000000082200000, 0x0000000082200000| Untracked 
|  35|0x0000000082300000, 0x0000000082400000, 0x0000000082400000|100%| O|  |TAMS 0x0000000082300000, 0x0000000082300000| Untracked 
|  36|0x0000000082400000, 0x0000000082500000, 0x0000000082500000|100%| O|  |TAMS 0x0000000082400000, 0x0000000082400000| Untracked 
|  37|0x0000000082500000, 0x0000000082600000, 0x0000000082600000|100%| O|  |TAMS 0x0000000082600000, 0x0000000082500000| Untracked 
|  38|0x0000000082600000, 0x0000000082700000, 0x0000000082700000|100%| O|  |TAMS 0x0000000082700000, 0x0000000082600000| Untracked 
|  39|0x0000000082700000, 0x0000000082800000, 0x0000000082800000|100%| O|  |TAMS 0x0000000082800000, 0x0000000082700000| Untracked 
|  40|0x0000000082800000, 0x0000000082900000, 0x0000000082900000|100%| O|  |TAMS 0x0000000082800000, 0x0000000082800000| Untracked 
|  41|0x0000000082900000, 0x0000000082a00000, 0x0000000082a00000|100%| O|  |TAMS 0x0000000082900000, 0x0000000082900000| Untracked 
|  42|0x0000000082a00000, 0x0000000082b00000, 0x0000000082b00000|100%| O|  |TAMS 0x0000000082a00000, 0x0000000082a00000| Untracked 
|  43|0x0000000082b00000, 0x0000000082c00000, 0x0000000082c00000|100%| O|  |TAMS 0x0000000082b00000, 0x0000000082b00000| Untracked 
|  44|0x0000000082c00000, 0x0000000082d00000, 0x0000000082d00000|100%| O|  |TAMS 0x0000000082c00000, 0x0000000082c00000| Untracked 
|  45|0x0000000082d00000, 0x0000000082e00000, 0x0000000082e00000|100%| O|  |TAMS 0x0000000082d00000, 0x0000000082d00000| Untracked 
|  46|0x0000000082e00000, 0x0000000082f00000, 0x0000000082f00000|100%| O|  |TAMS 0x0000000082e00000, 0x0000000082e00000| Untracked 
|  47|0x0000000082f00000, 0x0000000083000000, 0x0000000083000000|100%| O|  |TAMS 0x0000000083000000, 0x0000000082f00000| Untracked 
|  48|0x0000000083000000, 0x0000000083100000, 0x0000000083100000|100%| O|  |TAMS 0x0000000083046200, 0x0000000083000000| Untracked 
|  49|0x0000000083100000, 0x0000000083200000, 0x0000000083200000|100%| O|  |TAMS 0x0000000083100000, 0x0000000083100000| Untracked 
|  50|0x0000000083200000, 0x0000000083300000, 0x0000000083300000|100%| O|  |TAMS 0x0000000083200000, 0x0000000083200000| Untracked 
|  51|0x0000000083300000, 0x0000000083400000, 0x0000000083400000|100%| O|  |TAMS 0x0000000083300000, 0x0000000083300000| Untracked 
|  52|0x0000000083400000, 0x0000000083500000, 0x0000000083500000|100%| O|  |TAMS 0x0000000083400000, 0x0000000083400000| Untracked 
|  53|0x0000000083500000, 0x0000000083600000, 0x0000000083600000|100%| O|  |TAMS 0x0000000083500000, 0x0000000083500000| Untracked 
|  54|0x0000000083600000, 0x0000000083700000, 0x0000000083700000|100%| O|  |TAMS 0x0000000083600000, 0x0000000083600000| Untracked 
|  55|0x0000000083700000, 0x0000000083800000, 0x0000000083800000|100%| O|  |TAMS 0x0000000083700000, 0x0000000083700000| Untracked 
|  56|0x0000000083800000, 0x0000000083900000, 0x0000000083900000|100%| O|  |TAMS 0x0000000083800000, 0x0000000083800000| Untracked 
|  57|0x0000000083900000, 0x0000000083a00000, 0x0000000083a00000|100%| O|  |TAMS 0x0000000083900000, 0x0000000083900000| Untracked 
|  58|0x0000000083a00000, 0x0000000083b00000, 0x0000000083b00000|100%| O|  |TAMS 0x0000000083a00000, 0x0000000083a00000| Untracked 
|  59|0x0000000083b00000, 0x0000000083c00000, 0x0000000083c00000|100%| O|  |TAMS 0x0000000083b00000, 0x0000000083b00000| Untracked 
|  60|0x0000000083c00000, 0x0000000083d00000, 0x0000000083d00000|100%| O|  |TAMS 0x0000000083c00000, 0x0000000083c00000| Untracked 
|  61|0x0000000083d00000, 0x0000000083e00000, 0x0000000083e00000|100%| O|  |TAMS 0x0000000083d00000, 0x0000000083d00000| Untracked 
|  62|0x0000000083e00000, 0x0000000083f00000, 0x0000000083f00000|100%| O|  |TAMS 0x0000000083e00000, 0x0000000083e00000| Untracked 
|  63|0x0000000083f00000, 0x0000000084000000, 0x0000000084000000|100%| O|  |TAMS 0x0000000083f00000, 0x0000000083f00000| Untracked 
|  64|0x0000000084000000, 0x0000000084100000, 0x0000000084100000|100%| O|  |TAMS 0x0000000084000000, 0x0000000084000000| Untracked 
|  65|0x0000000084100000, 0x0000000084200000, 0x0000000084200000|100%| O|  |TAMS 0x0000000084100000, 0x0000000084100000| Untracked 
|  66|0x0000000084200000, 0x0000000084300000, 0x0000000084300000|100%| O|  |TAMS 0x0000000084200000, 0x0000000084200000| Untracked 
|  67|0x0000000084300000, 0x0000000084400000, 0x0000000084400000|100%| O|  |TAMS 0x0000000084300000, 0x0000000084300000| Untracked 
|  68|0x0000000084400000, 0x0000000084500000, 0x0000000084500000|100%| O|  |TAMS 0x0000000084400000, 0x0000000084400000| Untracked 
|  69|0x0000000084500000, 0x0000000084600000, 0x0000000084600000|100%| O|  |TAMS 0x0000000084500000, 0x0000000084500000| Untracked 
|  70|0x0000000084600000, 0x0000000084600000, 0x0000000084700000|  0%| F|  |TAMS 0x0000000084600000, 0x0000000084600000| Untracked 
|  71|0x0000000084700000, 0x0000000084700000, 0x0000000084800000|  0%| F|  |TAMS 0x0000000084700000, 0x0000000084700000| Untracked 
|  72|0x0000000084800000, 0x0000000084800000, 0x0000000084900000|  0%| F|  |TAMS 0x0000000084800000, 0x0000000084800000| Untracked 
|  73|0x0000000084900000, 0x0000000084900000, 0x0000000084a00000|  0%| F|  |TAMS 0x0000000084900000, 0x0000000084900000| Untracked 
|  74|0x0000000084a00000, 0x0000000084a00000, 0x0000000084b00000|  0%| F|  |TAMS 0x0000000084a00000, 0x0000000084a00000| Untracked 
|  75|0x0000000084b00000, 0x0000000084b00000, 0x0000000084c00000|  0%| F|  |TAMS 0x0000000084b00000, 0x0000000084b00000| Untracked 
|  76|0x0000000084c00000, 0x0000000084c00000, 0x0000000084d00000|  0%| F|  |TAMS 0x0000000084c00000, 0x0000000084c00000| Untracked 
|  77|0x0000000084d00000, 0x0000000084d00000, 0x0000000084e00000|  0%| F|  |TAMS 0x0000000084d00000, 0x0000000084d00000| Untracked 
|  78|0x0000000084e00000, 0x0000000084e00000, 0x0000000084f00000|  0%| F|  |TAMS 0x0000000084e00000, 0x0000000084e00000| Untracked 
|  79|0x0000000084f00000, 0x0000000084f00000, 0x0000000085000000|  0%| F|  |TAMS 0x0000000084f00000, 0x0000000084f00000| Untracked 
|  80|0x0000000085000000, 0x0000000085000000, 0x0000000085100000|  0%| F|  |TAMS 0x0000000085000000, 0x0000000085000000| Untracked 
|  81|0x0000000085100000, 0x0000000085100000, 0x0000000085200000|  0%| F|  |TAMS 0x0000000085100000, 0x0000000085100000| Untracked 
|  82|0x0000000085200000, 0x0000000085200000, 0x0000000085300000|  0%| F|  |TAMS 0x0000000085200000, 0x0000000085200000| Untracked 
|  83|0x0000000085300000, 0x0000000085300000, 0x0000000085400000|  0%| F|  |TAMS 0x0000000085300000, 0x0000000085300000| Untracked 
|  84|0x0000000085400000, 0x0000000085400000, 0x0000000085500000|  0%| F|  |TAMS 0x0000000085400000, 0x0000000085400000| Untracked 
|  85|0x0000000085500000, 0x0000000085500000, 0x0000000085600000|  0%| F|  |TAMS 0x0000000085500000, 0x0000000085500000| Untracked 
|  86|0x0000000085600000, 0x0000000085600000, 0x0000000085700000|  0%| F|  |TAMS 0x0000000085600000, 0x0000000085600000| Untracked 
|  87|0x0000000085700000, 0x0000000085700000, 0x0000000085800000|  0%| F|  |TAMS 0x0000000085700000, 0x0000000085700000| Untracked 
|  88|0x0000000085800000, 0x0000000085800000, 0x0000000085900000|  0%| F|  |TAMS 0x0000000085800000, 0x0000000085800000| Untracked 
|  89|0x0000000085900000, 0x0000000085900000, 0x0000000085a00000|  0%| F|  |TAMS 0x0000000085900000, 0x0000000085900000| Untracked 
|  90|0x0000000085a00000, 0x0000000085a00000, 0x0000000085b00000|  0%| F|  |TAMS 0x0000000085a00000, 0x0000000085a00000| Untracked 
|  91|0x0000000085b00000, 0x0000000085b00000, 0x0000000085c00000|  0%| F|  |TAMS 0x0000000085b00000, 0x0000000085b00000| Untracked 
|  92|0x0000000085c00000, 0x0000000085c00000, 0x0000000085d00000|  0%| F|  |TAMS 0x0000000085c00000, 0x0000000085c00000| Untracked 
|  93|0x0000000085d00000, 0x0000000085d00000, 0x0000000085e00000|  0%| F|  |TAMS 0x0000000085d00000, 0x0000000085d00000| Untracked 
|  94|0x0000000085e00000, 0x0000000085f00000, 0x0000000085f00000|100%| S|CS|TAMS 0x0000000085e00000, 0x0000000085e00000| Complete 
|  95|0x0000000085f00000, 0x0000000086000000, 0x0000000086000000|100%| S|CS|TAMS 0x0000000085f00000, 0x0000000085f00000| Complete 
|  96|0x0000000086000000, 0x0000000086100000, 0x0000000086100000|100%| S|CS|TAMS 0x0000000086000000, 0x0000000086000000| Complete 
|  97|0x0000000086100000, 0x0000000086200000, 0x0000000086200000|100%| S|CS|TAMS 0x0000000086100000, 0x0000000086100000| Complete 
|  98|0x0000000086200000, 0x0000000086200000, 0x0000000086300000|  0%| F|  |TAMS 0x0000000086200000, 0x0000000086200000| Untracked 
|  99|0x0000000086300000, 0x0000000086300000, 0x0000000086400000|  0%| F|  |TAMS 0x0000000086300000, 0x0000000086300000| Untracked 
| 100|0x0000000086400000, 0x0000000086400000, 0x0000000086500000|  0%| F|  |TAMS 0x0000000086400000, 0x0000000086400000| Untracked 
| 101|0x0000000086500000, 0x0000000086500000, 0x0000000086600000|  0%| F|  |TAMS 0x0000000086500000, 0x0000000086500000| Untracked 
| 102|0x0000000086600000, 0x0000000086600000, 0x0000000086700000|  0%| F|  |TAMS 0x0000000086600000, 0x0000000086600000| Untracked 
| 103|0x0000000086700000, 0x0000000086700000, 0x0000000086800000|  0%| F|  |TAMS 0x0000000086700000, 0x0000000086700000| Untracked 
| 104|0x0000000086800000, 0x0000000086800000, 0x0000000086900000|  0%| F|  |TAMS 0x0000000086800000, 0x0000000086800000| Untracked 
| 105|0x0000000086900000, 0x0000000086900000, 0x0000000086a00000|  0%| F|  |TAMS 0x0000000086900000, 0x0000000086900000| Untracked 
| 106|0x0000000086a00000, 0x0000000086a00000, 0x0000000086b00000|  0%| F|  |TAMS 0x0000000086a00000, 0x0000000086a00000| Untracked 
| 107|0x0000000086b00000, 0x0000000086b00000, 0x0000000086c00000|  0%| F|  |TAMS 0x0000000086b00000, 0x0000000086b00000| Untracked 
| 108|0x0000000086c00000, 0x0000000086c00000, 0x0000000086d00000|  0%| F|  |TAMS 0x0000000086c00000, 0x0000000086c00000| Untracked 
| 109|0x0000000086d00000, 0x0000000086d00000, 0x0000000086e00000|  0%| F|  |TAMS 0x0000000086d00000, 0x0000000086d00000| Untracked 
| 110|0x0000000086e00000, 0x0000000086e00000, 0x0000000086f00000|  0%| F|  |TAMS 0x0000000086e00000, 0x0000000086e00000| Untracked 
| 111|0x0000000086f00000, 0x0000000086f00000, 0x0000000087000000|  0%| F|  |TAMS 0x0000000086f00000, 0x0000000086f00000| Untracked 
| 112|0x0000000087000000, 0x0000000087000000, 0x0000000087100000|  0%| F|  |TAMS 0x0000000087000000, 0x0000000087000000| Untracked 
| 113|0x0000000087100000, 0x0000000087100000, 0x0000000087200000|  0%| F|  |TAMS 0x0000000087100000, 0x0000000087100000| Untracked 
| 114|0x0000000087200000, 0x0000000087200000, 0x0000000087300000|  0%| F|  |TAMS 0x0000000087200000, 0x0000000087200000| Untracked 
| 115|0x0000000087300000, 0x0000000087300000, 0x0000000087400000|  0%| F|  |TAMS 0x0000000087300000, 0x0000000087300000| Untracked 
| 116|0x0000000087400000, 0x0000000087400000, 0x0000000087500000|  0%| F|  |TAMS 0x0000000087400000, 0x0000000087400000| Untracked 
| 117|0x0000000087500000, 0x0000000087500000, 0x0000000087600000|  0%| F|  |TAMS 0x0000000087500000, 0x0000000087500000| Untracked 
| 118|0x0000000087600000, 0x0000000087600000, 0x0000000087700000|  0%| F|  |TAMS 0x0000000087600000, 0x0000000087600000| Untracked 
|2047|0x00000000fff00000, 0x00000000fff00000, 0x0000000100000000|  0%| F|  |TAMS 0x00000000fff00000, 0x00000000fff00000| Untracked 

Card table byte_map: [0x0000027bf5df0000,0x0000027bf61f0000] _byte_map_base: 0x0000027bf59f0000

Marking Bits (Prev, Next): (CMBitMap*) 0x0000027bdcc0f8d0, (CMBitMap*) 0x0000027bdcc0f910
 Prev Bits: [0x0000027bf65f0000, 0x0000027bf85f0000)
 Next Bits: [0x0000027bf85f0000, 0x0000027bfa5f0000)

Polling page: 0x0000027bdca40000

Metaspace:

Usage:
  Non-class:     29.55 MB capacity,    29.13 MB ( 99%) used,   381.35 KB (  1%) free+waste,    45.19 KB ( <1%) overhead. 
      Class:      4.63 MB capacity,     4.45 MB ( 96%) used,   166.73 KB (  4%) free+waste,    18.94 KB ( <1%) overhead. 
       Both:     34.18 MB capacity,    33.58 MB ( 98%) used,   548.09 KB (  2%) free+waste,    64.13 KB ( <1%) overhead. 

Virtual space:
  Non-class space:       30.00 MB reserved,      29.75 MB (>99%) committed 
      Class space:        1.00 GB reserved,       4.75 MB ( <1%) committed 
             Both:        1.03 GB reserved,      34.50 MB (  3%) committed 

Chunk freelists:
   Non-Class:  17.00 KB
       Class:  23.00 KB
        Both:  40.00 KB

MaxMetaspaceSize: 17179869184.00 GB
CompressedClassSpaceSize: 1.00 GB

CodeHeap 'non-profiled nmethods': size=120064Kb used=1948Kb max_used=1948Kb free=118115Kb
 bounds [0x0000027bee0b0000, 0x0000027bee320000, 0x0000027bf55f0000]
CodeHeap 'profiled nmethods': size=120000Kb used=7952Kb max_used=7952Kb free=112047Kb
 bounds [0x0000027be6b80000, 0x0000027be7350000, 0x0000027bee0b0000]
CodeHeap 'non-nmethods': size=5696Kb used=2310Kb max_used=2340Kb free=3386Kb
 bounds [0x0000027be65f0000, 0x0000027be6860000, 0x0000027be6b80000]
 total_blobs=4905 nmethods=4122 adapters=696
 compilation: enabled
              stopped_count=0, restarted_count=0
 full_count=0

Compilation events (20 events):
Event: 13.532 Thread 0x0000027bfc9f4440 4117       4       org.gradle.internal.fingerprint.impl.DefaultFileSystemLocationFingerprint::<init> (19 bytes)
Event: 13.536 Thread 0x0000027bfc9f4440 nmethod 4117 0x0000027bee294110 code [0x0000027bee2942a0, 0x0000027bee294518]
Event: 13.536 Thread 0x0000027bfc9f4440 4118       4       org.gradle.api.internal.changedetection.state.RuntimeClasspathResourceHasher::hash (20 bytes)
Event: 13.556 Thread 0x0000027bfc9f4440 nmethod 4118 0x0000027bee294690 code [0x0000027bee2948c0, 0x0000027bee295040]
Event: 13.556 Thread 0x0000027bfc9f4440 4119       4       org.gradle.api.internal.changedetection.state.FileZipInput$1$1::get (5 bytes)
Event: 13.558 Thread 0x0000027bfc9f4440 nmethod 4119 0x0000027bee295910 code [0x0000027bee295aa0, 0x0000027bee295ba8]
Event: 13.626 Thread 0x0000027bfc9f4440 4120   !   4       jdk.internal.ref.PhantomCleanable::isListEmpty (34 bytes)
Event: 13.627 Thread 0x0000027bfc9f4440 nmethod 4120 0x0000027bee295d10 code [0x0000027bee295ea0, 0x0000027bee296078]
Event: 13.888 Thread 0x0000027bfc9f4440 4121   !   4       java.lang.ref.ReferenceQueue::remove (125 bytes)
Event: 13.905 Thread 0x0000027bfc9f4440 nmethod 4121 0x0000027bee296190 code [0x0000027bee296360, 0x0000027bee296c50]
Event: 14.406 Thread 0x0000027bfc9f4440 4122       4       java.util.regex.Pattern$$Lambda$16/0x0000000800b63f80::is (9 bytes)
Event: 14.407 Thread 0x0000027bfc9f4440 nmethod 4122 0x0000027bee296f90 code [0x0000027bee297100, 0x0000027bee297178]
Event: 14.407 Thread 0x0000027bfc9fa220 4123       3       java.util.regex.CharPredicates$$Lambda$5/0x0000000800b57990::is (5 bytes)
Event: 14.408 Thread 0x0000027bfc9fa220 nmethod 4123 0x0000027be7342790 code [0x0000027be7342940, 0x0000027be7342bf8]
Event: 14.408 Thread 0x0000027bfc9fa220 4124       3       java.util.regex.Matcher::end (67 bytes)
Event: 14.409 Thread 0x0000027bfc9fa220 nmethod 4124 0x0000027be7342d10 code [0x0000027be7342f60, 0x0000027be73437a8]
Event: 14.446 Thread 0x0000027bfc9fa220 4125       3       org.gradle.internal.serialize.InputStreamBackedDecoder::readString (8 bytes)
Event: 14.447 Thread 0x0000027bfc9fa220 nmethod 4125 0x0000027be7343b10 code [0x0000027be7343cc0, 0x0000027be7343e48]
Event: 14.629 Thread 0x0000027bfc9fa220 4126       3       java.util.Collection::stream (11 bytes)
Event: 14.629 Thread 0x0000027bfc9fa220 nmethod 4126 0x0000027be7343f10 code [0x0000027be73440c0, 0x0000027be73442b8]

GC Heap History (20 events):
Event: 13.230 GC heap after
{Heap after GC invocations=15 (full 0):
 garbage-first heap   total 87040K, used 48887K [0x0000000080000000, 0x0000000100000000)
  region size 1024K, 2 young (2048K), 2 survivors (2048K)
 Metaspace       used 34367K, capacity 35000K, committed 35328K, reserved 1079296K
  class space    used 4551K, capacity 4745K, committed 4864K, reserved 1048576K
}
Event: 13.250 GC heap before
{Heap before GC invocations=15 (full 0):
 garbage-first heap   total 87040K, used 49911K [0x0000000080000000, 0x0000000100000000)
  region size 1024K, 4 young (4096K), 2 survivors (2048K)
 Metaspace       used 34367K, capacity 35000K, committed 35328K, reserved 1079296K
  class space    used 4551K, capacity 4745K, committed 4864K, reserved 1048576K
}
Event: 13.259 GC heap after
{Heap after GC invocations=16 (full 0):
 garbage-first heap   total 87040K, used 41595K [0x0000000080000000, 0x0000000100000000)
  region size 1024K, 1 young (1024K), 1 survivors (1024K)
 Metaspace       used 34367K, capacity 35000K, committed 35328K, reserved 1079296K
  class space    used 4551K, capacity 4745K, committed 4864K, reserved 1048576K
}
Event: 13.410 GC heap before
{Heap before GC invocations=16 (full 0):
 garbage-first heap   total 87040K, used 61051K [0x0000000080000000, 0x0000000100000000)
  region size 1024K, 20 young (20480K), 1 survivors (1024K)
 Metaspace       used 34368K, capacity 35000K, committed 35328K, reserved 1079296K
  class space    used 4552K, capacity 4745K, committed 4864K, reserved 1048576K
}
Event: 13.417 GC heap after
{Heap after GC invocations=17 (full 0):
 garbage-first heap   total 87040K, used 46839K [0x0000000080000000, 0x0000000100000000)
  region size 1024K, 3 young (3072K), 3 survivors (3072K)
 Metaspace       used 34368K, capacity 35000K, committed 35328K, reserved 1079296K
  class space    used 4552K, capacity 4745K, committed 4864K, reserved 1048576K
}
Event: 13.617 GC heap before
{Heap before GC invocations=18 (full 0):
 garbage-first heap   total 89088K, used 62199K [0x0000000080000000, 0x0000000100000000)
  region size 1024K, 19 young (19456K), 3 survivors (3072K)
 Metaspace       used 34368K, capacity 35000K, committed 35328K, reserved 1079296K
  class space    used 4552K, capacity 4745K, committed 4864K, reserved 1048576K
}
Event: 13.623 GC heap after
{Heap after GC invocations=19 (full 0):
 garbage-first heap   total 89088K, used 49765K [0x0000000080000000, 0x0000000100000000)
  region size 1024K, 3 young (3072K), 3 survivors (3072K)
 Metaspace       used 34368K, capacity 35000K, committed 35328K, reserved 1079296K
  class space    used 4552K, capacity 4745K, committed 4864K, reserved 1048576K
}
Event: 13.633 GC heap before
{Heap before GC invocations=19 (full 0):
 garbage-first heap   total 89088K, used 50789K [0x0000000080000000, 0x0000000100000000)
  region size 1024K, 4 young (4096K), 3 survivors (3072K)
 Metaspace       used 34368K, capacity 35000K, committed 35328K, reserved 1079296K
  class space    used 4552K, capacity 4745K, committed 4864K, reserved 1048576K
}
Event: 13.649 GC heap after
{Heap after GC invocations=20 (full 0):
 garbage-first heap   total 89088K, used 42099K [0x0000000080000000, 0x0000000100000000)
  region size 1024K, 1 young (1024K), 1 survivors (1024K)
 Metaspace       used 34368K, capacity 35000K, committed 35328K, reserved 1079296K
  class space    used 4552K, capacity 4745K, committed 4864K, reserved 1048576K
}
Event: 13.795 GC heap before
{Heap before GC invocations=20 (full 0):
 garbage-first heap   total 89088K, used 62579K [0x0000000080000000, 0x0000000100000000)
  region size 1024K, 21 young (21504K), 1 survivors (1024K)
 Metaspace       used 34368K, capacity 35000K, committed 35328K, reserved 1079296K
  class space    used 4552K, capacity 4745K, committed 4864K, reserved 1048576K
}
Event: 13.802 GC heap after
{Heap after GC invocations=21 (full 0):
 garbage-first heap   total 89088K, used 49467K [0x0000000080000000, 0x0000000100000000)
  region size 1024K, 3 young (3072K), 3 survivors (3072K)
 Metaspace       used 34368K, capacity 35000K, committed 35328K, reserved 1079296K
  class space    used 4552K, capacity 4745K, committed 4864K, reserved 1048576K
}
Event: 13.969 GC heap before
{Heap before GC invocations=22 (full 0):
 garbage-first heap   total 102400K, used 64827K [0x0000000080000000, 0x0000000100000000)
  region size 1024K, 18 young (18432K), 3 survivors (3072K)
 Metaspace       used 34368K, capacity 35000K, committed 35328K, reserved 1079296K
  class space    used 4552K, capacity 4745K, committed 4864K, reserved 1048576K
}
Event: 13.979 GC heap after
{Heap after GC invocations=23 (full 0):
 garbage-first heap   total 122880K, used 55727K [0x0000000080000000, 0x0000000100000000)
  region size 1024K, 3 young (3072K), 3 survivors (3072K)
 Metaspace       used 34368K, capacity 35000K, committed 35328K, reserved 1079296K
  class space    used 4552K, capacity 4745K, committed 4864K, reserved 1048576K
}
Event: 14.002 GC heap before
{Heap before GC invocations=23 (full 0):
 garbage-first heap   total 122880K, used 58799K [0x0000000080000000, 0x0000000100000000)
  region size 1024K, 6 young (6144K), 3 survivors (3072K)
 Metaspace       used 34368K, capacity 35000K, committed 35328K, reserved 1079296K
  class space    used 4552K, capacity 4745K, committed 4864K, reserved 1048576K
}
Event: 14.012 GC heap after
{Heap after GC invocations=24 (full 0):
 garbage-first heap   total 122880K, used 46592K [0x0000000080000000, 0x0000000100000000)
  region size 1024K, 1 young (1024K), 1 survivors (1024K)
 Metaspace       used 34368K, capacity 35000K, committed 35328K, reserved 1079296K
  class space    used 4552K, capacity 4745K, committed 4864K, reserved 1048576K
}
Event: 14.310 GC heap before
{Heap before GC invocations=24 (full 0):
 garbage-first heap   total 122880K, used 80384K [0x0000000080000000, 0x0000000100000000)
  region size 1024K, 34 young (34816K), 1 survivors (1024K)
 Metaspace       used 34368K, capacity 35000K, committed 35328K, reserved 1079296K
  class space    used 4552K, capacity 4745K, committed 4864K, reserved 1048576K
}
Event: 14.322 GC heap after
{Heap after GC invocations=25 (full 0):
 garbage-first heap   total 122880K, used 58318K [0x0000000080000000, 0x0000000100000000)
  region size 1024K, 5 young (5120K), 5 survivors (5120K)
 Metaspace       used 34368K, capacity 35000K, committed 35328K, reserved 1079296K
  class space    used 4552K, capacity 4745K, committed 4864K, reserved 1048576K
}
Event: 14.520 GC heap before
{Heap before GC invocations=25 (full 0):
 garbage-first heap   total 122880K, used 85966K [0x0000000080000000, 0x0000000100000000)
  region size 1024K, 32 young (32768K), 5 survivors (5120K)
 Metaspace       used 34387K, capacity 35000K, committed 35328K, reserved 1079296K
  class space    used 4559K, capacity 4745K, committed 4864K, reserved 1048576K
}
Event: 14.532 GC heap after
{Heap after GC invocations=26 (full 0):
 garbage-first heap   total 122880K, used 66560K [0x0000000080000000, 0x0000000100000000)
  region size 1024K, 4 young (4096K), 4 survivors (4096K)
 Metaspace       used 34387K, capacity 35000K, committed 35328K, reserved 1079296K
  class space    used 4559K, capacity 4745K, committed 4864K, reserved 1048576K
}
Event: 14.693 GC heap before
{Heap before GC invocations=26 (full 0):
 garbage-first heap   total 122880K, used 89088K [0x0000000080000000, 0x0000000100000000)
  region size 1024K, 26 young (26624K), 4 survivors (4096K)
 Metaspace       used 34387K, capacity 35000K, committed 35328K, reserved 1079296K
  class space    used 4559K, capacity 4745K, committed 4864K, reserved 1048576K
}

Deoptimization events (20 events):
Event: 11.817 Thread 0x0000027bfec2f590 DEOPT PACKING pc=0x0000027bee231914 sp=0x000000f1190fe5c0
Event: 11.817 Thread 0x0000027bfec2f590 DEOPT UNPACKING pc=0x0000027be663e12f sp=0x000000f1190fe578 mode 2
Event: 11.819 Thread 0x0000027bfec2f590 Uncommon trap: trap_request=0xffffffc6 fr.pc=0x0000027bee231914 relative=0x00000000000008f4
Event: 11.819 Thread 0x0000027bfec2f590 Uncommon trap: reason=bimorphic_or_optimized_type_check action=maybe_recompile pc=0x0000027bee231914 method=java.io.BufferedInputStream.read([BII)I @ 101 c2
Event: 11.819 Thread 0x0000027bfec2f590 DEOPT PACKING pc=0x0000027bee231914 sp=0x000000f1190fe5c0
Event: 11.819 Thread 0x0000027bfec2f590 DEOPT UNPACKING pc=0x0000027be663e12f sp=0x000000f1190fe578 mode 2
Event: 11.828 Thread 0x0000027bfec2f590 Uncommon trap: trap_request=0xffffffc6 fr.pc=0x0000027bee231914 relative=0x00000000000008f4
Event: 11.828 Thread 0x0000027bfec2f590 Uncommon trap: reason=bimorphic_or_optimized_type_check action=maybe_recompile pc=0x0000027bee231914 method=java.io.BufferedInputStream.read([BII)I @ 101 c2
Event: 11.828 Thread 0x0000027bfec2f590 DEOPT PACKING pc=0x0000027bee231914 sp=0x000000f1190fe5c0
Event: 11.828 Thread 0x0000027bfec2f590 DEOPT UNPACKING pc=0x0000027be663e12f sp=0x000000f1190fe578 mode 2
Event: 11.990 Thread 0x0000027bfd8311d0 DEOPT PACKING pc=0x0000027be6c2df74 sp=0x000000f1199fd850
Event: 11.990 Thread 0x0000027bfd8311d0 DEOPT UNPACKING pc=0x0000027be663df3f sp=0x000000f1199fcdd0 mode 0
Event: 12.045 Thread 0x0000027bfd8316a0 Uncommon trap: trap_request=0xffffffcc fr.pc=0x0000027bee26339c relative=0x000000000000127c
Event: 12.045 Thread 0x0000027bfd8316a0 Uncommon trap: reason=intrinsic_or_type_checked_inlining action=make_not_entrant pc=0x0000027bee26339c method=java.util.ArrayList.toArray([Ljava/lang/Object;)[Ljava/lang/Object; @ 36 c2
Event: 12.045 Thread 0x0000027bfd8316a0 DEOPT PACKING pc=0x0000027bee26339c sp=0x000000f119afe030
Event: 12.045 Thread 0x0000027bfd8316a0 DEOPT UNPACKING pc=0x0000027be663e12f sp=0x000000f119afdf68 mode 2
Event: 12.066 Thread 0x0000027bfd8316a0 DEOPT PACKING pc=0x0000027be6c2df74 sp=0x000000f119afd430
Event: 12.066 Thread 0x0000027bfd8316a0 DEOPT UNPACKING pc=0x0000027be663df3f sp=0x000000f119afc9b0 mode 0
Event: 12.643 Thread 0x0000027bff133e60 DEOPT PACKING pc=0x0000027be6e83e27 sp=0x000000f118cfa660
Event: 12.643 Thread 0x0000027bff133e60 DEOPT UNPACKING pc=0x0000027be663df3f sp=0x000000f118cf9a80 mode 0

Classes unloaded (0 events):
No events

Classes redefined (0 events):
No events

Internal exceptions (20 events):
Event: 10.116 Thread 0x0000027bff133e60 Exception <a 'java/lang/ClassNotFoundException'{0x0000000082d80a88}: org/gradle/api/internal/DefaultNamedDomainObjectListCustomizer> (0x0000000082d80a88) 
thrown [./open/src/hotspot/share/classfile/systemDictionary.cpp, line 295]
Event: 10.127 Thread 0x0000027bff133e60 Exception <a 'java/lang/ClassNotFoundException'{0x0000000082dab918}: org/gradle/api/internal/artifacts/DefaultArtifactRepositoryContainerCustomizer> (0x0000000082dab918) 
thrown [./open/src/hotspot/share/classfile/systemDictionary.cpp, line 295]
Event: 10.135 Thread 0x0000027bff133e60 Exception <a 'java/lang/ClassNotFoundException'{0x0000000082dce7d0}: org/gradle/api/internal/artifacts/dsl/DefaultRepositoryHandlerCustomizer> (0x0000000082dce7d0) 
thrown [./open/src/hotspot/share/classfile/systemDictionary.cpp, line 295]
Event: 10.147 Thread 0x0000027bff133e60 Exception <a 'java/lang/ClassNotFoundException'{0x0000000082dfd8f0}: org/gradle/api/internal/artifacts/dsl/DefaultRepositoryHandler_DecoratedCustomizer> (0x0000000082dfd8f0) 
thrown [./open/src/hotspot/share/classfile/systemDictionary.cpp, line 295]
Event: 10.269 Thread 0x0000027bff133e60 Exception <a 'java/lang/NoSuchMethodError'{0x0000000082a79aa0}: 'int java.lang.invoke.DirectMethodHandle$Holder.invokeStaticInit(java.lang.Object, java.lang.Object, java.lang.Object, java.lang.Object)'> (0x0000000082a79aa0) 
thrown [./open/src/hotspot/share/interpreter/linkResolver.cpp, line 782]
Event: 10.467 Thread 0x0000027bff133e60 Exception <a 'java/lang/ClassNotFoundException'{0x0000000082524740}: org/gradle/api/internal/artifacts/dsl/dependencies/DefaultDependencyHandler_DecoratedBeanInfo> (0x0000000082524740) 
thrown [./open/src/hotspot/share/classfile/systemDictionary.cpp, line 295]
Event: 10.469 Thread 0x0000027bff133e60 Exception <a 'java/lang/ClassNotFoundException'{0x00000000825348c8}: org/gradle/api/internal/artifacts/dsl/dependencies/DefaultDependencyHandlerBeanInfo> (0x00000000825348c8) 
thrown [./open/src/hotspot/share/classfile/systemDictionary.cpp, line 295]
Event: 10.470 Thread 0x0000027bff133e60 Exception <a 'java/lang/ClassNotFoundException'{0x0000000082544a10}: org/gradle/api/internal/artifacts/dsl/dependencies/DefaultDependencyHandlerCustomizer> (0x0000000082544a10) 
thrown [./open/src/hotspot/share/classfile/systemDictionary.cpp, line 295]
Event: 10.475 Thread 0x0000027bff133e60 Exception <a 'java/lang/ClassNotFoundException'{0x0000000082571f28}: org/gradle/api/internal/artifacts/dsl/dependencies/DefaultDependencyHandler_DecoratedCustomizer> (0x0000000082571f28) 
thrown [./open/src/hotspot/share/classfile/systemDictionary.cpp, line 295]
Event: 10.652 Thread 0x0000027bff133e60 Exception <a 'java/lang/NoSuchMethodError'{0x0000000085da6428}: 'java.lang.Object java.lang.invoke.DirectMethodHandle$Holder.newInvokeSpecial(java.lang.Object, int, java.lang.Object)'> (0x0000000085da6428) 
thrown [./open/src/hotspot/share/interpreter/linkResolver.cpp, line 782]
Event: 10.923 Thread 0x0000027bff133e60 Exception <a 'java/lang/NoSuchMethodError'{0x000000008349aa88}: 'int java.lang.invoke.DirectMethodHandle$Holder.invokeInterface(java.lang.Object, java.lang.Object)'> (0x000000008349aa88) 
thrown [./open/src/hotspot/share/interpreter/linkResolver.cpp, line 782]
Event: 10.924 Thread 0x0000027bff133e60 Exception <a 'java/lang/IncompatibleClassChangeError'{0x000000008349ec88}: Found class java.lang.Object, but interface was expected> (0x000000008349ec88) 
thrown [./open/src/hotspot/share/interpreter/linkResolver.cpp, line 848]
Event: 10.926 Thread 0x0000027bff133e60 Exception <a 'java/lang/NoSuchMethodError'{0x00000000834a3a40}: 'java.lang.Object java.lang.invoke.Invokers$Holder.invokeExact_MT(java.lang.Object, java.lang.Object, java.lang.Object, java.lang.Object, java.lang.Object, java.lang.Object)'> (0x00000000834a3a40) 
thrown [./open/src/hotspot/share/interpreter/linkResolver.cpp, line 782]
Event: 10.933 Thread 0x0000027bff133e60 Exception <a 'java/lang/NoSuchMethodError'{0x00000000834c3330}: 'int java.lang.invoke.DirectMethodHandle$Holder.invokeStatic(java.lang.Object, java.lang.Object, java.lang.Object, java.lang.Object, java.lang.Object)'> (0x00000000834c3330) 
thrown [./open/src/hotspot/share/interpreter/linkResolver.cpp, line 782]
Event: 10.971 Thread 0x0000027bff133e60 Exception <a 'java/lang/NoSuchMethodError'{0x00000000833d6e78}: 'java.lang.Object java.lang.invoke.DirectMethodHandle$Holder.invokeSpecial(java.lang.Object, java.lang.Object, java.lang.Object, int, java.lang.Object)'> (0x00000000833d6e78) 
thrown [./open/src/hotspot/share/interpreter/linkResolver.cpp, line 782]
Event: 10.972 Thread 0x0000027bff133e60 Exception <a 'java/lang/NoSuchMethodError'{0x00000000833e1a90}: 'java.lang.Object java.lang.invoke.DirectMethodHandle$Holder.newInvokeSpecial(java.lang.Object, java.lang.Object, java.lang.Object, int)'> (0x00000000833e1a90) 
thrown [./open/src/hotspot/share/interpreter/linkResolver.cpp, line 782]
Event: 10.972 Thread 0x0000027bff133e60 Exception <a 'java/lang/NoSuchMethodError'{0x00000000833e6a18}: 'java.lang.Object java.lang.invoke.DirectMethodHandle$Holder.invokeSpecial(java.lang.Object, java.lang.Object, java.lang.Object, java.lang.Object, int)'> (0x00000000833e6a18) 
thrown [./open/src/hotspot/share/interpreter/linkResolver.cpp, line 782]
Event: 10.973 Thread 0x0000027bff133e60 Exception <a 'java/lang/NoSuchMethodError'{0x00000000833eb278}: 'java.lang.Object java.lang.invoke.Invokers$Holder.linkToTargetMethod(java.lang.Object, java.lang.Object, int, java.lang.Object)'> (0x00000000833eb278) 
thrown [./open/src/hotspot/share/interpreter/linkResolver.cpp, line 782]
Event: 11.719 Thread 0x0000027bff133e60 Exception <a 'java/lang/NoSuchMethodError'{0x00000000829ebd10}: 'void java.lang.invoke.DirectMethodHandle$Holder.invokeStatic(java.lang.Object, java.lang.Object, java.lang.Object, int, java.lang.Object)'> (0x00000000829ebd10) 
thrown [./open/src/hotspot/share/interpreter/linkResolver.cpp, line 782]
Event: 12.152 Thread 0x0000027bff133e60 Exception <a 'java/lang/NoSuchMethodError'{0x0000000083932660}: 'int java.lang.invoke.DirectMethodHandle$Holder.invokeStaticInit(java.lang.Object, java.lang.Object, java.lang.Object)'> (0x0000000083932660) 
thrown [./open/src/hotspot/share/interpreter/linkResolver.cpp, line 782]

Events (20 events):
Event: 13.649 Executing VM operation: G1CollectForAllocation done
Event: 13.795 Executing VM operation: G1CollectForAllocation
Event: 13.802 Executing VM operation: G1CollectForAllocation done
Event: 13.882 Executing VM operation: G1Concurrent
Event: 13.887 Executing VM operation: G1Concurrent done
Event: 13.932 Executing VM operation: G1Concurrent
Event: 13.932 Executing VM operation: G1Concurrent done
Event: 13.969 Executing VM operation: G1CollectForAllocation
Event: 13.979 Executing VM operation: G1CollectForAllocation done
Event: 14.002 Executing VM operation: G1CollectForAllocation
Event: 14.013 Executing VM operation: G1CollectForAllocation done
Event: 14.310 Executing VM operation: G1CollectForAllocation
Event: 14.323 Executing VM operation: G1CollectForAllocation done
Event: 14.396 loading class java/util/concurrent/LinkedBlockingDeque$Itr
Event: 14.397 loading class java/util/concurrent/LinkedBlockingDeque$AbstractItr
Event: 14.397 loading class java/util/concurrent/LinkedBlockingDeque$AbstractItr done
Event: 14.397 loading class java/util/concurrent/LinkedBlockingDeque$Itr done
Event: 14.520 Executing VM operation: G1CollectForAllocation
Event: 14.533 Executing VM operation: G1CollectForAllocation done
Event: 14.693 Executing VM operation: G1CollectForAllocation


Dynamic libraries:
0x00007ff690dd0000 - 0x00007ff690ddf000 	C:\Program Files\Java\jdk-15.0.1\bin\java.exe
0x00007ffc09320000 - 0x00007ffc09510000 	C:\Windows\SYSTEM32\ntdll.dll
0x00007ffc07c10000 - 0x00007ffc07cc2000 	C:\Windows\System32\KERNEL32.DLL
0x00007ffc06500000 - 0x00007ffc067a5000 	C:\Windows\System32\KERNELBASE.dll
0x00007ffc07270000 - 0x00007ffc0736a000 	C:\Windows\System32\ucrtbase.dll
0x00007ffbea760000 - 0x00007ffbea779000 	C:\Program Files\Java\jdk-15.0.1\bin\VCRUNTIME140.dll
0x00007ffbec180000 - 0x00007ffbec198000 	C:\Program Files\Java\jdk-15.0.1\bin\jli.dll
0x00007ffc07870000 - 0x00007ffc07913000 	C:\Windows\System32\ADVAPI32.dll
0x00007ffc08ed0000 - 0x00007ffc08f6e000 	C:\Windows\System32\msvcrt.dll
0x00007ffc08c80000 - 0x00007ffc08d17000 	C:\Windows\System32\sechost.dll
0x00007ffc07410000 - 0x00007ffc0752f000 	C:\Windows\System32\RPCRT4.dll
0x00007ffc090c0000 - 0x00007ffc09254000 	C:\Windows\System32\USER32.dll
0x00007ffc06290000 - 0x00007ffc062b1000 	C:\Windows\System32\win32u.dll
0x00007ffc073e0000 - 0x00007ffc07406000 	C:\Windows\System32\GDI32.dll
0x00007ffc06360000 - 0x00007ffc064f8000 	C:\Windows\System32\gdi32full.dll
0x00007ffc062c0000 - 0x00007ffc0635e000 	C:\Windows\System32\msvcp_win.dll
0x00007ffbf9bc0000 - 0x00007ffbf9e44000 	C:\Windows\WinSxS\amd64_microsoft.windows.common-controls_6595b64144ccf1df_6.0.18362.1556_none_9e7e372fe45e41d5\COMCTL32.dll
0x00007ffc07530000 - 0x00007ffc07866000 	C:\Windows\System32\combase.dll
0x00007ffc067d0000 - 0x00007ffc06851000 	C:\Windows\System32\bcryptPrimitives.dll
0x00007ffbfe100000 - 0x00007ffbfe10a000 	C:\Windows\SYSTEM32\VERSION.dll
0x00007ffc083d0000 - 0x00007ffc083fe000 	C:\Windows\System32\IMM32.DLL
0x00007ffbef8f0000 - 0x00007ffbef8fc000 	C:\Program Files\Java\jdk-15.0.1\bin\vcruntime140_1.dll
0x00007ffbde0a0000 - 0x00007ffbde131000 	C:\Program Files\Java\jdk-15.0.1\bin\msvcp140.dll
0x00007ffbc0bc0000 - 0x00007ffbc171e000 	C:\Program Files\Java\jdk-15.0.1\bin\server\jvm.dll
0x00007ffc090b0000 - 0x00007ffc090b8000 	C:\Windows\System32\PSAPI.DLL
0x00007ffc00810000 - 0x00007ffc00819000 	C:\Windows\SYSTEM32\WSOCK32.dll
0x00007ffbfd4f0000 - 0x00007ffbfd514000 	C:\Windows\SYSTEM32\WINMM.dll
0x00007ffc08f70000 - 0x00007ffc08fdf000 	C:\Windows\System32\WS2_32.dll
0x00007ffbfcde0000 - 0x00007ffbfce0d000 	C:\Windows\SYSTEM32\winmmbase.dll
0x00007ffc06a70000 - 0x00007ffc06aba000 	C:\Windows\System32\cfgmgr32.dll
0x00007ffc06270000 - 0x00007ffc06281000 	C:\Windows\System32\kernel.appcore.dll
0x00007ffbef0a0000 - 0x00007ffbef0aa000 	C:\Program Files\Java\jdk-15.0.1\bin\jimage.dll
0x00007ffc01230000 - 0x00007ffc01424000 	C:\Windows\SYSTEM32\DBGHELP.DLL
0x00007ffc01200000 - 0x00007ffc0122a000 	C:\Windows\SYSTEM32\dbgcore.DLL
0x00007ffbde070000 - 0x00007ffbde095000 	C:\Program Files\Java\jdk-15.0.1\bin\java.dll
0x00007ffc07ce0000 - 0x00007ffc083c7000 	C:\Windows\System32\SHELL32.dll
0x00007ffc08470000 - 0x00007ffc08518000 	C:\Windows\System32\shcore.dll
0x00007ffc06af0000 - 0x00007ffc0726b000 	C:\Windows\System32\windows.storage.dll
0x00007ffc061e0000 - 0x00007ffc061fe000 	C:\Windows\System32\profapi.dll
0x00007ffc06220000 - 0x00007ffc0626a000 	C:\Windows\System32\powrprof.dll
0x00007ffc061d0000 - 0x00007ffc061e0000 	C:\Windows\System32\UMPDC.dll
0x00007ffc08af0000 - 0x00007ffc08b42000 	C:\Windows\System32\shlwapi.dll
0x00007ffc067b0000 - 0x00007ffc067c7000 	C:\Windows\System32\cryptsp.dll
0x00007ffbe6110000 - 0x00007ffbe6129000 	C:\Program Files\Java\jdk-15.0.1\bin\net.dll
0x00007ffc01f20000 - 0x00007ffc0201a000 	C:\Windows\SYSTEM32\WINHTTP.dll
0x00007ffc059b0000 - 0x00007ffc05a17000 	C:\Windows\system32\mswsock.dll
0x00007ffbe5ca0000 - 0x00007ffbe5cb2000 	C:\Program Files\Java\jdk-15.0.1\bin\nio.dll
0x00007ffbd9560000 - 0x00007ffbd9578000 	C:\Program Files\Java\jdk-15.0.1\bin\zip.dll
0x00007ffbeeda0000 - 0x00007ffbeedb0000 	C:\Program Files\Java\jdk-15.0.1\bin\verify.dll
0x00007ffbde200000 - 0x00007ffbde227000 	C:\Users\Abdulla\.gradle\native\c976cfcca226fdd4bee4412e95191dd41148b7504f9625baeda1d523bc39a967\windows-amd64\native-platform.dll
0x00007ffbeed40000 - 0x00007ffbeed49000 	C:\Program Files\Java\jdk-15.0.1\bin\management.dll
0x00007ffbee2c0000 - 0x00007ffbee2cb000 	C:\Program Files\Java\jdk-15.0.1\bin\management_ext.dll
0x00007ffc05530000 - 0x00007ffc05563000 	C:\Windows\system32\rsaenh.dll
0x00007ffc06ac0000 - 0x00007ffc06ae6000 	C:\Windows\System32\bcrypt.dll
0x00007ffc060f0000 - 0x00007ffc06115000 	C:\Windows\SYSTEM32\USERENV.dll
0x00007ffc05b80000 - 0x00007ffc05b8c000 	C:\Windows\SYSTEM32\CRYPTBASE.dll
0x00007ffc056c0000 - 0x00007ffc056fa000 	C:\Windows\SYSTEM32\IPHLPAPI.DLL
0x00007ffc073d0000 - 0x00007ffc073d8000 	C:\Windows\System32\NSI.dll
0x00007ffc01da0000 - 0x00007ffc01db6000 	C:\Windows\SYSTEM32\dhcpcsvc6.DLL
0x00007ffc02290000 - 0x00007ffc022ac000 	C:\Windows\SYSTEM32\dhcpcsvc.DLL
0x00007ffc05700000 - 0x00007ffc057cb000 	C:\Windows\SYSTEM32\DNSAPI.dll

dbghelp: loaded successfully - version: 4.0.5 - missing functions: none
symbol engine: initialized successfully - sym options: 0x614 - pdb path: .;C:\Program Files\Java\jdk-15.0.1\bin;C:\Windows\SYSTEM32;C:\Windows\WinSxS\amd64_microsoft.windows.common-controls_6595b64144ccf1df_6.0.18362.1556_none_9e7e372fe45e41d5;C:\Program Files\Java\jdk-15.0.1\bin\server;C:\Users\Abdulla\.gradle\native\c976cfcca226fdd4bee4412e95191dd41148b7504f9625baeda1d523bc39a967\windows-amd64

VM Arguments:
jvm_args: --add-opens=java.base/java.util=ALL-UNNAMED --add-opens=java.base/java.lang=ALL-UNNAMED --add-opens=java.base/java.lang.invoke=ALL-UNNAMED --add-opens=java.prefs/java.util.prefs=ALL-UNNAMED -Xmx2048m -Dfile.encoding=windows-1256 -Duser.country=US -Duser.language=en -Duser.variant 
java_command: org.gradle.launcher.daemon.bootstrap.GradleDaemon 6.3
java_class_path (initial): C:\Users\Abdulla\.gradle\wrapper\dists\gradle-6.3-all\b4awcolw9l59x95tu1obfh9i8\gradle-6.3\lib\gradle-launcher-6.3.jar
Launcher Type: SUN_STANDARD

[Global flags]
     intx CICompilerCount                          = 2                                         {product} {ergonomic}
     uint ConcGCThreads                            = 1                                         {product} {ergonomic}
     uint G1ConcRefinementThreads                  = 2                                         {product} {ergonomic}
   size_t G1HeapRegionSize                         = 1048576                                   {product} {ergonomic}
    uintx GCDrainStackTargetSize                   = 64                                        {product} {ergonomic}
   size_t InitialHeapSize                          = 121634816                                 {product} {ergonomic}
   size_t MarkStackSize                            = 4194304                                   {product} {ergonomic}
   size_t MaxHeapSize                              = 2147483648                                {product} {command line}
   size_t MaxNewSize                               = 1287651328                                {product} {ergonomic}
   size_t MinHeapDeltaBytes                        = 1048576                                   {product} {ergonomic}
   size_t MinHeapSize                              = 8388608                                   {product} {ergonomic}
    uintx NonNMethodCodeHeapSize                   = 5826188                                {pd product} {ergonomic}
    uintx NonProfiledCodeHeapSize                  = 122916026                              {pd product} {ergonomic}
    uintx ProfiledCodeHeapSize                     = 122916026                              {pd product} {ergonomic}
    uintx ReservedCodeCacheSize                    = 251658240                              {pd product} {ergonomic}
     bool SegmentedCodeCache                       = true                                      {product} {ergonomic}
   size_t SoftMaxHeapSize                          = 2147483648                             {manageable} {ergonomic}
     bool UseCompressedClassPointers               = true                                 {lp64_product} {ergonomic}
     bool UseCompressedOops                        = true                                 {lp64_product} {ergonomic}
     bool UseG1GC                                  = true                                      {product} {ergonomic}
     bool UseLargePagesIndividualAllocation        = false                                  {pd product} {ergonomic}

Logging:
Log output configuration:
 #0: stdout all=warning uptime,level,tags
 #1: stderr all=off uptime,level,tags

Environment Variables:
JAVA_HOME=C:\Program Files\Java\jdk-15.0.1
PATH=C:\Program Files\Common Files\Oracle\Java\javapath;C:\Windows\system32;C:\Windows;C:\Windows\System32\Wbem;C:\Windows\System32\WindowsPowerShell\v1.0\;C:\Windows\System32\OpenSSH\;C:\Program Files (x86)\Microsoft SQL Server\120\DTS\Binn\;C:\Program Files (x86)\Microsoft SQL Server\Client SDK\ODBC\110\Tools\Binn\;C:\Program Files (x86)\Microsoft SQL Server\120\Tools\Binn\;C:\Program Files (x86)\Microsoft SQL Server\120\Tools\Binn\ManagementStudio\;C:\program Files\java\jdk-15.0.1\bin;C:\Program Files\Git\cmd;C:\Users\Abdulla\AppData\Local\Microsoft\WindowsApps;;C:\Users\Abdulla\AppData\Local\Programs\Microsoft VS Code\bin
USERNAME=Abdulla
OS=Windows_NT
PROCESSOR_IDENTIFIER=AMD64 Family 21 Model 16 Stepping 1, AuthenticAMD



---------------  S Y S T E M  ---------------

OS:
 Windows 10 , 64 bit Build 18362 (10.0.18362.1500)
OS uptime: 1 days 0:16 hours

CPU: total 2 (initial active 2) (2 cores per cpu, 1 threads per core) family 21 model 16 stepping 1 microcode 0x0, cmov, cx8, fxsr, mmx, sse, sse2, sse3, ssse3, sse4.1, sse4.2, popcnt, vzeroupper, avx, aes, clmul, 3dnowpref, lzcnt, sse4a, tsc, tscinvbit, tscinv, bmi1, fma, clflush

Memory: 4k page, system-wide physical 7369M (777M free)
TotalPageFile size 7369M (AvailPageFile size 65M)
current process WorkingSet (physical memory assigned to process): 371M, peak: 371M
current process commit charge ("private bytes"): 518M, peak: 616M

vm_info: Java HotSpot(TM) 64-Bit Server VM (15.0.1+9-18) for windows-amd64 JRE (15.0.1+9-18), built on Sep 15 2020 14:43:54 by "mach5one" with unknown MS VC++:1925

END.
