#
# There is insufficient memory for the Java Runtime Environment to continue.
# Native memory allocation (mmap) failed to map 30408704 bytes for G1 virtual space
# Possible reasons:
#   The system is out of physical RAM or swap space
#   The process is running with CompressedOops enabled, and the Java Heap may be blocking the growth of the native heap
# Possible solutions:
#   Reduce memory load on the system
#   Increase physical memory or swap space
#   Check if swap backing store is full
#   Decrease Java heap size (-Xmx/-Xms)
#   Decrease number of Java threads
#   Decrease Java thread stack sizes (-Xss)
#   Set larger code cache with -XX:ReservedCodeCacheSize=
#   JVM is running with Unscaled Compressed Oops mode in which the Java heap is
#     placed in the first 4GB address space. The Java Heap base address is the
#     maximum limit for the native heap growth. Please use -XX:HeapBaseMinAddress
#     to set the Java Heap base and to place the Java Heap above 4GB virtual address.
# This output file may be truncated or incomplete.
#
#  Out of Memory Error (./open/src/hotspot/os/windows/os_windows.cpp:3472), pid=9872, tid=7572
#
# JRE version: Java(TM) SE Runtime Environment (15.0.1+9) (build 15.0.1+9-18)
# Java VM: Java HotSpot(TM) 64-Bit Server VM (15.0.1+9-18, mixed mode, sharing, tiered, compressed oops, g1 gc, windows-amd64)
# No core dump will be written. Minidumps are not enabled by default on client versions of Windows
#

---------------  S U M M A R Y ------------

Command Line: --add-opens=java.base/java.util=ALL-UNNAMED --add-opens=java.base/java.lang=ALL-UNNAMED --add-opens=java.base/java.lang.invoke=ALL-UNNAMED --add-opens=java.prefs/java.util.prefs=ALL-UNNAMED -Xmx2048m -Dfile.encoding=windows-1256 -Duser.country=US -Duser.language=en -Duser.variant org.gradle.launcher.daemon.bootstrap.GradleDaemon 6.3

Host: AMD A4-4300M APU with Radeon(tm) HD Graphics   , 2 cores, 7G,  Windows 10 , 64 bit Build 18362 (10.0.18362.1500)
Time: Mon May 24 18:53:44 2021 Egypt Standard Time elapsed time: 66.327304 seconds (0d 0h 1m 6s)

---------------  T H R E A D  ---------------

Current thread (0x0000021daad6af50):  VMThread "VM Thread" [stack: 0x000000c406400000,0x000000c406500000] [id=7572]

Stack: [0x000000c406400000,0x000000c406500000]
[error occurred during error reporting (printing stack bounds), id 0xc0000005, EXCEPTION_ACCESS_VIOLATION (0xc0000005) at pc=0x0000021d950010ad]

Native frames: (J=compiled Java code, j=interpreted, Vv=VM code, C=native code)
V  [jvm.dll+0x62ae9a]
V  [jvm.dll+0x781389]
V  [jvm.dll+0x782ae3]
V  [jvm.dll+0x7830a5]
V  [jvm.dll+0x78305b]
V  [jvm.dll+0x62a2b9]
V  [jvm.dll+0x62aa88]
C  [ntdll.dll+0xa1fff]
C  [ntdll.dll+0x6aad9]
C  [ntdll.dll+0xa0c6e]
C  0x0000021d950010ad

VM_Operation (0x000000c4077fa920): G1CollectForAllocation, mode: safepoint, requested by thread 0x0000021daadfb440


---------------  P R O C E S S  ---------------

Threads class SMR info:
_java_thread_list=0x0000021db9c3ee30, length=31, elements={
0x0000021d8cdd22a0, 0x0000021daad6f870, 0x0000021daad72360, 0x0000021daad8ca50,
0x0000021daad90330, 0x0000021daad90cf0, 0x0000021daad91a90, 0x0000021daadfd020,
0x0000021daadfd630, 0x0000021dab6c8660, 0x0000021dab6ce0f0, 0x0000021dac616c20,
0x0000021dace31c50, 0x0000021dace34710, 0x0000021daccb5fa0, 0x0000021dad253090,
0x0000021dac45b2b0, 0x0000021daadfb440, 0x0000021daadfb910, 0x0000021dabeace30,
0x0000021dabeae170, 0x0000021dabeaefe0, 0x0000021dabead300, 0x0000021dabeadca0,
0x0000021dabeaeb10, 0x0000021dad722b40, 0x0000021dad723010, 0x0000021dad721800,
0x0000021dad71d970, 0x0000021dad721cd0, 0x0000021dad7221a0
}

Java Threads: ( => current thread )
  0x0000021d8cdd22a0 JavaThread "main" [_thread_blocked, id=10568, stack(0x000000c405e00000,0x000000c405f00000)]
  0x0000021daad6f870 JavaThread "Reference Handler" daemon [_thread_blocked, id=10512, stack(0x000000c406500000,0x000000c406600000)]
  0x0000021daad72360 JavaThread "Finalizer" daemon [_thread_blocked, id=6616, stack(0x000000c406600000,0x000000c406700000)]
  0x0000021daad8ca50 JavaThread "Signal Dispatcher" daemon [_thread_blocked, id=4656, stack(0x000000c406700000,0x000000c406800000)]
  0x0000021daad90330 JavaThread "Attach Listener" daemon [_thread_blocked, id=3144, stack(0x000000c406800000,0x000000c406900000)]
  0x0000021daad90cf0 JavaThread "Service Thread" daemon [_thread_blocked, id=5848, stack(0x000000c406900000,0x000000c406a00000)]
  0x0000021daad91a90 JavaThread "C2 CompilerThread0" daemon [_thread_blocked, id=5788, stack(0x000000c406a00000,0x000000c406b00000)]
  0x0000021daadfd020 JavaThread "C1 CompilerThread0" daemon [_thread_blocked, id=1472, stack(0x000000c406b00000,0x000000c406c00000)]
  0x0000021daadfd630 JavaThread "Sweeper thread" daemon [_thread_blocked, id=3104, stack(0x000000c406c00000,0x000000c406d00000)]
  0x0000021dab6c8660 JavaThread "Common-Cleaner" daemon [_thread_blocked, id=3804, stack(0x000000c406d00000,0x000000c406e00000)]
  0x0000021dab6ce0f0 JavaThread "Notification Thread" daemon [_thread_blocked, id=10120, stack(0x000000c406e00000,0x000000c406f00000)]
  0x0000021dac616c20 JavaThread "Daemon health stats" [_thread_blocked, id=10464, stack(0x000000c407100000,0x000000c407200000)]
  0x0000021dace31c50 JavaThread "Incoming local TCP Connector on port 53377" [_thread_in_native, id=9932, stack(0x000000c407200000,0x000000c407300000)]
  0x0000021dace34710 JavaThread "Daemon" [_thread_blocked, id=9836, stack(0x000000c407300000,0x000000c407400000)]
  0x0000021daccb5fa0 JavaThread "Handler for socket connection from /127.0.0.1:53377 to /127.0.0.1:53378" [_thread_in_native, id=5464, stack(0x000000c407400000,0x000000c407500000)]
  0x0000021dad253090 JavaThread "Daemon periodic checks" [_thread_blocked, id=1404, stack(0x000000c407500000,0x000000c407600000)]
  0x0000021dac45b2b0 JavaThread "Cancel handler" [_thread_blocked, id=9244, stack(0x000000c407600000,0x000000c407700000)]
  0x0000021daadfb440 JavaThread "Daemon worker" [_thread_blocked, id=11004, stack(0x000000c407700000,0x000000c407800000)]
  0x0000021daadfb910 JavaThread "Asynchronous log dispatcher for DefaultDaemonConnection: socket connection from /127.0.0.1:53377 to /127.0.0.1:53378" [_thread_blocked, id=5304, stack(0x000000c407800000,0x000000c407900000)]
  0x0000021dabeace30 JavaThread "Thread-8" [_thread_blocked, id=11176, stack(0x000000c407a00000,0x000000c407b00000)]
  0x0000021dabeae170 JavaThread "Cache worker for journal cache (C:\Users\Abdulla\.gradle\caches\journal-1)" [_thread_blocked, id=5364, stack(0x000000c407b00000,0x000000c407c00000)]
  0x0000021dabeaefe0 JavaThread "File lock request listener" [_thread_in_native, id=616, stack(0x000000c407c00000,0x000000c407d00000)]
  0x0000021dabead300 JavaThread "Cache worker for file hash cache (C:\Users\Abdulla\.gradle\caches\6.3\fileHashes)" [_thread_blocked, id=1084, stack(0x000000c407d00000,0x000000c407e00000)]
  0x0000021dabeadca0 JavaThread "Cache worker for checksums cache (E:\Android\AndroidStudioProjects\ConvertAPIToSqlite\.gradle\checksums)" [_thread_blocked, id=5712, stack(0x000000c407e00000,0x000000c407f00000)]
  0x0000021dabeaeb10 JavaThread "Cache worker for file hash cache (E:\Android\AndroidStudioProjects\ConvertAPIToSqlite\.gradle\6.3\fileHashes)" [_thread_blocked, id=6656, stack(0x000000c407f00000,0x000000c408000000)]
  0x0000021dad722b40 JavaThread "Cache worker for cache directory md-supplier (C:\Users\Abdulla\.gradle\caches\6.3\md-supplier)" [_thread_blocked, id=3076, stack(0x000000c408000000,0x000000c408100000)]
  0x0000021dad723010 JavaThread "Cache worker for cache directory md-rule (C:\Users\Abdulla\.gradle\caches\6.3\md-rule)" [_thread_blocked, id=9072, stack(0x000000c408100000,0x000000c408200000)]
  0x0000021dad721800 JavaThread "Cache worker for execution history cache (C:\Users\Abdulla\.gradle\caches\6.3\executionHistory)" [_thread_blocked, id=10808, stack(0x000000c408200000,0x000000c408300000)]
  0x0000021dad71d970 JavaThread "Cache worker for Build Output Cleanup Cache (E:\Android\AndroidStudioProjects\ConvertAPIToSqlite\.gradle\buildOutputCleanup)" [_thread_blocked, id=9944, stack(0x000000c408400000,0x000000c408500000)]
  0x0000021dad721cd0 JavaThread "Build operations" [_thread_blocked, id=7440, stack(0x000000c408600000,0x000000c408700000)]
  0x0000021dad7221a0 JavaThread "Build operations Thread 2" [_thread_blocked, id=10488, stack(0x000000c408700000,0x000000c408800000)]

Other Threads:
=>0x0000021daad6af50 VMThread "VM Thread" [stack: 0x000000c406400000,0x000000c406500000] [id=7572]
  0x0000021dab6dcaa0 WatcherThread [stack: 0x000000c406f00000,0x000000c407000000] [id=7264]
  0x0000021d8ce0f1d0 GCTaskThread "GC Thread#0" [stack: 0x000000c405f00000,0x000000c406000000] [id=6136]
  0x0000021dab850ae0 GCTaskThread "GC Thread#1" [stack: 0x000000c407000000,0x000000c407100000] [id=9708]
  0x0000021d8ce203b0 ConcurrentGCThread "G1 Main Marker" [stack: 0x000000c406000000,0x000000c406100000] [id=5992]
  0x0000021d8ce20f30 ConcurrentGCThread "G1 Conc#0" [stack: 0x000000c406100000,0x000000c406200000] [id=1800]
  0x0000021d8ce80260 ConcurrentGCThread "G1 Refine#0" [stack: 0x000000c406200000,0x000000c406300000] [id=7844]
  0x0000021dadd81aa0 ConcurrentGCThread "G1 Refine#1" [stack: 0x000000c408300000,0x000000c408400000] [id=672]
  0x0000021d8ce80d70 ConcurrentGCThread "G1 Young RemSet Sampling" [stack: 0x000000c406300000,0x000000c406400000] [id=1188]

Threads with active compile tasks:

VM state: at safepoint (normal execution)

VM Mutex/Monitor currently owned by a thread:  ([mutex/lock_event])
[0x0000021d8cdce410] Threads_lock - owner thread: 0x0000021daad6af50
[0x0000021d8cdcd4e0] Heap_lock - owner thread: 0x0000021daadfb440

Heap address: 0x0000000080000000, size: 2048 MB, Compressed Oops mode: 32-bit
CDS archive(s) mapped at: [0x0000000800000000-0x0000000800b50000-0x0000000800b50000), size 11862016, SharedBaseAddress: 0x0000000800000000, ArchiveRelocationMode: 0.
Compressed class space mapped at: 0x0000000800b50000-0x0000000840b50000, size: 1073741824
Narrow klass base: 0x0000000800000000, Narrow klass shift: 3, Narrow klass range: 0x100000000

GC Precious Log:
 CPUs: 2 total, 2 available
 Memory: 7369M
 Large Page Support: Disabled
 NUMA Support: Disabled
 Compressed Oops: Enabled (32-bit)
 Heap Region Size: 1M
 Heap Min Capacity: 8M
 Heap Initial Capacity: 116M
 Heap Max Capacity: 2G
 Pre-touch: Disabled
 Parallel Workers: 2
 Concurrent Workers: 1
 Concurrent Refinement Workers: 2
 Periodic GC: Disabled

Heap:
 garbage-first heap   total 177152K, used 72192K [0x0000000080000000, 0x0000000100000000)
  region size 1024K, 1 young (1024K), 1 survivors (1024K)
 Metaspace       used 50781K, capacity 51846K, committed 52224K, reserved 1095680K
  class space    used 6259K, capacity 6544K, committed 6656K, reserved 1048576K

Heap Regions: E=young(eden), S=young(survivor), O=old, HS=humongous(starts), HC=humongous(continues), CS=collection set, F=free, OA=open archive, CA=closed archive, TAMS=top-at-mark-start (previous, next)
|   0|0x0000000080000000, 0x0000000080100000, 0x0000000080100000|100%| O|  |TAMS 0x0000000080100000, 0x0000000080000000| Untracked 
|   1|0x0000000080100000, 0x0000000080200000, 0x0000000080200000|100%| O|  |TAMS 0x0000000080200000, 0x0000000080100000| Untracked 
|   2|0x0000000080200000, 0x0000000080200000, 0x0000000080300000|  0%| F|  |TAMS 0x0000000080200000, 0x0000000080200000| Untracked 
|   3|0x0000000080300000, 0x0000000080300000, 0x0000000080400000|  0%| F|  |TAMS 0x0000000080300000, 0x0000000080300000| Untracked 
|   4|0x0000000080400000, 0x0000000080500000, 0x0000000080500000|100%|HS|  |TAMS 0x0000000080500000, 0x0000000080400000| Complete 
|   5|0x0000000080500000, 0x0000000080600000, 0x0000000080600000|100%|HC|  |TAMS 0x0000000080600000, 0x0000000080500000| Complete 
|   6|0x0000000080600000, 0x0000000080700000, 0x0000000080700000|100%|HC|  |TAMS 0x0000000080700000, 0x0000000080600000| Complete 
|   7|0x0000000080700000, 0x0000000080800000, 0x0000000080800000|100%| O|  |TAMS 0x0000000080800000, 0x0000000080700000| Untracked 
|   8|0x0000000080800000, 0x0000000080900000, 0x0000000080900000|100%| O|  |TAMS 0x0000000080900000, 0x0000000080800000| Untracked 
|   9|0x0000000080900000, 0x0000000080a00000, 0x0000000080a00000|100%| O|  |TAMS 0x0000000080a00000, 0x0000000080900000| Untracked 
|  10|0x0000000080a00000, 0x0000000080b00000, 0x0000000080b00000|100%| O|  |TAMS 0x0000000080b00000, 0x0000000080a00000| Untracked 
|  11|0x0000000080b00000, 0x0000000080c00000, 0x0000000080c00000|100%| O|  |TAMS 0x0000000080c00000, 0x0000000080b00000| Untracked 
|  12|0x0000000080c00000, 0x0000000080d00000, 0x0000000080d00000|100%| O|  |TAMS 0x0000000080d00000, 0x0000000080c00000| Untracked 
|  13|0x0000000080d00000, 0x0000000080e00000, 0x0000000080e00000|100%| O|  |TAMS 0x0000000080e00000, 0x0000000080d00000| Untracked 
|  14|0x0000000080e00000, 0x0000000080f00000, 0x0000000080f00000|100%| O|  |TAMS 0x0000000080f00000, 0x0000000080e00000| Untracked 
|  15|0x0000000080f00000, 0x0000000081000000, 0x0000000081000000|100%| O|  |TAMS 0x0000000081000000, 0x0000000080f00000| Untracked 
|  16|0x0000000081000000, 0x0000000081100000, 0x0000000081100000|100%| O|  |TAMS 0x0000000081100000, 0x0000000081000000| Untracked 
|  17|0x0000000081100000, 0x0000000081200000, 0x0000000081200000|100%|HS|  |TAMS 0x0000000081200000, 0x0000000081100000| Complete 
|  18|0x0000000081200000, 0x0000000081300000, 0x0000000081300000|100%|HC|  |TAMS 0x0000000081300000, 0x0000000081200000| Complete 
|  19|0x0000000081300000, 0x0000000081400000, 0x0000000081400000|100%|HS|  |TAMS 0x0000000081400000, 0x0000000081300000| Complete 
|  20|0x0000000081400000, 0x0000000081500000, 0x0000000081500000|100%|HC|  |TAMS 0x0000000081500000, 0x0000000081400000| Complete 
|  21|0x0000000081500000, 0x0000000081600000, 0x0000000081600000|100%|HC|  |TAMS 0x0000000081600000, 0x0000000081500000| Complete 
|  22|0x0000000081600000, 0x0000000081700000, 0x0000000081700000|100%|HS|  |TAMS 0x0000000081700000, 0x0000000081600000| Complete 
|  23|0x0000000081700000, 0x0000000081800000, 0x0000000081800000|100%|HC|  |TAMS 0x0000000081800000, 0x0000000081700000| Complete 
|  24|0x0000000081800000, 0x0000000081900000, 0x0000000081900000|100%|HC|  |TAMS 0x0000000081900000, 0x0000000081800000| Complete 
|  25|0x0000000081900000, 0x0000000081a00000, 0x0000000081a00000|100%|HC|  |TAMS 0x0000000081a00000, 0x0000000081900000| Complete 
|  26|0x0000000081a00000, 0x0000000081a00000, 0x0000000081b00000|  0%| F|  |TAMS 0x0000000081a00000, 0x0000000081a00000| Untracked 
|  27|0x0000000081b00000, 0x0000000081b00000, 0x0000000081c00000|  0%| F|  |TAMS 0x0000000081b00000, 0x0000000081b00000| Untracked 
|  28|0x0000000081c00000, 0x0000000081d00000, 0x0000000081d00000|100%| O|  |TAMS 0x0000000081d00000, 0x0000000081c00000| Untracked 
|  29|0x0000000081d00000, 0x0000000081e00000, 0x0000000081e00000|100%| O|  |TAMS 0x0000000081e00000, 0x0000000081d00000| Untracked 
|  30|0x0000000081e00000, 0x0000000081f00000, 0x0000000081f00000|100%| O|  |TAMS 0x0000000081f00000, 0x0000000081e00000| Untracked 
|  31|0x0000000081f00000, 0x0000000082000000, 0x0000000082000000|100%| O|  |TAMS 0x0000000082000000, 0x0000000081f00000| Untracked 
|  32|0x0000000082000000, 0x0000000082100000, 0x0000000082100000|100%| O|  |TAMS 0x0000000082100000, 0x0000000082000000| Untracked 
|  33|0x0000000082100000, 0x0000000082200000, 0x0000000082200000|100%| O|  |TAMS 0x0000000082200000, 0x0000000082100000| Untracked 
|  34|0x0000000082200000, 0x0000000082300000, 0x0000000082300000|100%| O|  |TAMS 0x0000000082300000, 0x0000000082200000| Untracked 
|  35|0x0000000082300000, 0x0000000082400000, 0x0000000082400000|100%| O|  |TAMS 0x0000000082400000, 0x0000000082300000| Untracked 
|  36|0x0000000082400000, 0x0000000082500000, 0x0000000082500000|100%| O|  |TAMS 0x0000000082500000, 0x0000000082400000| Untracked 
|  37|0x0000000082500000, 0x0000000082600000, 0x0000000082600000|100%| O|  |TAMS 0x0000000082600000, 0x0000000082500000| Untracked 
|  38|0x0000000082600000, 0x0000000082700000, 0x0000000082700000|100%| O|  |TAMS 0x0000000082700000, 0x0000000082600000| Untracked 
|  39|0x0000000082700000, 0x0000000082800000, 0x0000000082800000|100%| O|  |TAMS 0x0000000082800000, 0x0000000082700000| Untracked 
|  40|0x0000000082800000, 0x0000000082900000, 0x0000000082900000|100%| O|  |TAMS 0x0000000082900000, 0x0000000082800000| Untracked 
|  41|0x0000000082900000, 0x0000000082a00000, 0x0000000082a00000|100%| O|  |TAMS 0x0000000082a00000, 0x0000000082900000| Untracked 
|  42|0x0000000082a00000, 0x0000000082b00000, 0x0000000082b00000|100%|HS|  |TAMS 0x0000000082b00000, 0x0000000082a00000| Complete 
|  43|0x0000000082b00000, 0x0000000082c00000, 0x0000000082c00000|100%|HC|  |TAMS 0x0000000082c00000, 0x0000000082b00000| Complete 
|  44|0x0000000082c00000, 0x0000000082d00000, 0x0000000082d00000|100%|HC|  |TAMS 0x0000000082d00000, 0x0000000082c00000| Complete 
|  45|0x0000000082d00000, 0x0000000082e00000, 0x0000000082e00000|100%|HC|  |TAMS 0x0000000082e00000, 0x0000000082d00000| Complete 
|  46|0x0000000082e00000, 0x0000000082f00000, 0x0000000082f00000|100%| O|  |TAMS 0x0000000082f00000, 0x0000000082e00000| Untracked 
|  47|0x0000000082f00000, 0x0000000083000000, 0x0000000083000000|100%| O|  |TAMS 0x0000000083000000, 0x0000000082f00000| Untracked 
|  48|0x0000000083000000, 0x0000000083100000, 0x0000000083100000|100%| O|  |TAMS 0x0000000083100000, 0x0000000083000000| Untracked 
|  49|0x0000000083100000, 0x0000000083100000, 0x0000000083200000|  0%| F|  |TAMS 0x0000000083100000, 0x0000000083100000| Untracked 
|  50|0x0000000083200000, 0x0000000083200000, 0x0000000083300000|  0%| F|  |TAMS 0x0000000083200000, 0x0000000083200000| Untracked 
|  51|0x0000000083300000, 0x0000000083400000, 0x0000000083400000|100%| O|  |TAMS 0x0000000083400000, 0x0000000083300000| Untracked 
|  52|0x0000000083400000, 0x0000000083500000, 0x0000000083500000|100%|HS|  |TAMS 0x0000000083500000, 0x0000000083400000| Complete 
|  53|0x0000000083500000, 0x0000000083600000, 0x0000000083600000|100%|HC|  |TAMS 0x0000000083600000, 0x0000000083500000| Complete 
|  54|0x0000000083600000, 0x0000000083700000, 0x0000000083700000|100%|HC|  |TAMS 0x0000000083700000, 0x0000000083600000| Complete 
|  55|0x0000000083700000, 0x0000000083800000, 0x0000000083800000|100%| O|  |TAMS 0x0000000083800000, 0x0000000083700000| Untracked 
|  56|0x0000000083800000, 0x0000000083800000, 0x0000000083900000|  0%| F|  |TAMS 0x0000000083800000, 0x0000000083800000| Untracked 
|  57|0x0000000083900000, 0x0000000083900000, 0x0000000083a00000|  0%| F|  |TAMS 0x0000000083900000, 0x0000000083900000| Untracked 
|  58|0x0000000083a00000, 0x0000000083a00000, 0x0000000083b00000|  0%| F|  |TAMS 0x0000000083a00000, 0x0000000083a00000| Untracked 
|  59|0x0000000083b00000, 0x0000000083b00000, 0x0000000083c00000|  0%| F|  |TAMS 0x0000000083b00000, 0x0000000083b00000| Untracked 
|  60|0x0000000083c00000, 0x0000000083c00000, 0x0000000083d00000|  0%| F|  |TAMS 0x0000000083c00000, 0x0000000083c00000| Untracked 
|  61|0x0000000083d00000, 0x0000000083d00000, 0x0000000083e00000|  0%| F|  |TAMS 0x0000000083d00000, 0x0000000083d00000| Untracked 
|  62|0x0000000083e00000, 0x0000000083e00000, 0x0000000083f00000|  0%| F|  |TAMS 0x0000000083e00000, 0x0000000083e00000| Untracked 
|  63|0x0000000083f00000, 0x0000000084000000, 0x0000000084000000|100%| O|  |TAMS 0x0000000083f00000, 0x0000000083f00000| Untracked 
|  64|0x0000000084000000, 0x0000000084100000, 0x0000000084100000|100%| O|  |TAMS 0x0000000084000000, 0x0000000084000000| Untracked 
|  65|0x0000000084100000, 0x0000000084200000, 0x0000000084200000|100%| O|  |TAMS 0x0000000084100000, 0x0000000084100000| Untracked 
|  66|0x0000000084200000, 0x0000000084300000, 0x0000000084300000|100%| O|  |TAMS 0x0000000084200000, 0x0000000084200000| Untracked 
|  67|0x0000000084300000, 0x0000000084400000, 0x0000000084400000|100%| O|  |TAMS 0x0000000084300000, 0x0000000084300000| Untracked 
|  68|0x0000000084400000, 0x0000000084500000, 0x0000000084500000|100%| O|  |TAMS 0x0000000084400000, 0x0000000084400000| Untracked 
|  69|0x0000000084500000, 0x0000000084600000, 0x0000000084600000|100%| O|  |TAMS 0x0000000084500000, 0x0000000084500000| Untracked 
|  70|0x0000000084600000, 0x0000000084700000, 0x0000000084700000|100%| O|  |TAMS 0x0000000084600000, 0x0000000084600000| Untracked 
|  71|0x0000000084700000, 0x0000000084800000, 0x0000000084800000|100%| O|  |TAMS 0x0000000084700000, 0x0000000084700000| Untracked 
|  72|0x0000000084800000, 0x0000000084900000, 0x0000000084900000|100%| O|  |TAMS 0x0000000084800000, 0x0000000084800000| Untracked 
|  73|0x0000000084900000, 0x0000000084a00000, 0x0000000084a00000|100%| O|  |TAMS 0x0000000084900000, 0x0000000084900000| Untracked 
|  74|0x0000000084a00000, 0x0000000084b00000, 0x0000000084b00000|100%| O|  |TAMS 0x0000000084a00000, 0x0000000084a00000| Untracked 
|  75|0x0000000084b00000, 0x0000000084c00000, 0x0000000084c00000|100%| O|  |TAMS 0x0000000084b00000, 0x0000000084b00000| Untracked 
|  76|0x0000000084c00000, 0x0000000084d00000, 0x0000000084d00000|100%| O|  |TAMS 0x0000000084d00000, 0x0000000084c00000| Untracked 
|  77|0x0000000084d00000, 0x0000000084e00000, 0x0000000084e00000|100%| O|  |TAMS 0x0000000084d00000, 0x0000000084d00000| Untracked 
|  78|0x0000000084e00000, 0x0000000084f00000, 0x0000000084f00000|100%| O|  |TAMS 0x0000000084f00000, 0x0000000084e00000| Untracked 
|  79|0x0000000084f00000, 0x0000000084f00000, 0x0000000085000000|  0%| F|  |TAMS 0x0000000084f00000, 0x0000000084f00000| Untracked 
|  80|0x0000000085000000, 0x0000000085100000, 0x0000000085100000|100%| O|  |TAMS 0x0000000085000000, 0x0000000085000000| Untracked 
|  81|0x0000000085100000, 0x0000000085200000, 0x0000000085200000|100%| O|  |TAMS 0x0000000085100000, 0x0000000085100000| Untracked 
|  82|0x0000000085200000, 0x0000000085300000, 0x0000000085300000|100%| O|  |TAMS 0x0000000085200000, 0x0000000085200000| Untracked 
|  83|0x0000000085300000, 0x0000000085380000, 0x0000000085400000| 50%| O|  |TAMS 0x0000000085300000, 0x0000000085300000| Untracked 
|  84|0x0000000085400000, 0x0000000085400000, 0x0000000085500000|  0%| F|  |TAMS 0x0000000085400000, 0x0000000085400000| Untracked 
|  85|0x0000000085500000, 0x0000000085500000, 0x0000000085600000|  0%| F|  |TAMS 0x0000000085500000, 0x0000000085500000| Untracked 
|  86|0x0000000085600000, 0x0000000085600000, 0x0000000085700000|  0%| F|  |TAMS 0x0000000085600000, 0x0000000085600000| Untracked 
|  87|0x0000000085700000, 0x0000000085700000, 0x0000000085800000|  0%| F|  |TAMS 0x0000000085700000, 0x0000000085700000| Untracked 
|  88|0x0000000085800000, 0x0000000085800000, 0x0000000085900000|  0%| F|  |TAMS 0x0000000085800000, 0x0000000085800000| Untracked 
|  89|0x0000000085900000, 0x0000000085900000, 0x0000000085a00000|  0%| F|  |TAMS 0x0000000085900000, 0x0000000085900000| Untracked 
|  90|0x0000000085a00000, 0x0000000085a00000, 0x0000000085b00000|  0%| F|  |TAMS 0x0000000085a00000, 0x0000000085a00000| Untracked 
|  91|0x0000000085b00000, 0x0000000085b00000, 0x0000000085c00000|  0%| F|  |TAMS 0x0000000085b00000, 0x0000000085b00000| Untracked 
|  92|0x0000000085c00000, 0x0000000085c00000, 0x0000000085d00000|  0%| F|  |TAMS 0x0000000085c00000, 0x0000000085c00000| Untracked 
|  93|0x0000000085d00000, 0x0000000085d00000, 0x0000000085e00000|  0%| F|  |TAMS 0x0000000085d00000, 0x0000000085d00000| Untracked 
|  94|0x0000000085e00000, 0x0000000085e00000, 0x0000000085f00000|  0%| F|  |TAMS 0x0000000085e00000, 0x0000000085e00000| Untracked 
|  95|0x0000000085f00000, 0x0000000085f00000, 0x0000000086000000|  0%| F|  |TAMS 0x0000000085f00000, 0x0000000085f00000| Untracked 
|  96|0x0000000086000000, 0x0000000086000000, 0x0000000086100000|  0%| F|  |TAMS 0x0000000086000000, 0x0000000086000000| Untracked 
|  97|0x0000000086100000, 0x0000000086100000, 0x0000000086200000|  0%| F|  |TAMS 0x0000000086100000, 0x0000000086100000| Untracked 
|  98|0x0000000086200000, 0x0000000086200000, 0x0000000086300000|  0%| F|  |TAMS 0x0000000086200000, 0x0000000086200000| Untracked 
|  99|0x0000000086300000, 0x0000000086300000, 0x0000000086400000|  0%| F|  |TAMS 0x0000000086300000, 0x0000000086300000| Untracked 
| 100|0x0000000086400000, 0x0000000086400000, 0x0000000086500000|  0%| F|  |TAMS 0x0000000086400000, 0x0000000086400000| Untracked 
| 101|0x0000000086500000, 0x0000000086500000, 0x0000000086600000|  0%| F|  |TAMS 0x0000000086500000, 0x0000000086500000| Untracked 
| 102|0x0000000086600000, 0x0000000086600000, 0x0000000086700000|  0%| F|  |TAMS 0x0000000086600000, 0x0000000086600000| Untracked 
| 103|0x0000000086700000, 0x0000000086700000, 0x0000000086800000|  0%| F|  |TAMS 0x0000000086700000, 0x0000000086700000| Untracked 
| 104|0x0000000086800000, 0x0000000086800000, 0x0000000086900000|  0%| F|  |TAMS 0x0000000086800000, 0x0000000086800000| Untracked 
| 105|0x0000000086900000, 0x0000000086900000, 0x0000000086a00000|  0%| F|  |TAMS 0x0000000086900000, 0x0000000086900000| Untracked 
| 106|0x0000000086a00000, 0x0000000086a00000, 0x0000000086b00000|  0%| F|  |TAMS 0x0000000086a00000, 0x0000000086a00000| Untracked 
| 107|0x0000000086b00000, 0x0000000086b00000, 0x0000000086c00000|  0%| F|  |TAMS 0x0000000086b00000, 0x0000000086b00000| Untracked 
| 108|0x0000000086c00000, 0x0000000086c00000, 0x0000000086d00000|  0%| F|  |TAMS 0x0000000086c00000, 0x0000000086c00000| Untracked 
| 109|0x0000000086d00000, 0x0000000086d00000, 0x0000000086e00000|  0%| F|  |TAMS 0x0000000086d00000, 0x0000000086d00000| Untracked 
| 110|0x0000000086e00000, 0x0000000086e00000, 0x0000000086f00000|  0%| F|  |TAMS 0x0000000086e00000, 0x0000000086e00000| Untracked 
| 111|0x0000000086f00000, 0x0000000086f00000, 0x0000000087000000|  0%| F|  |TAMS 0x0000000086f00000, 0x0000000086f00000| Untracked 
| 112|0x0000000087000000, 0x0000000087000000, 0x0000000087100000|  0%| F|  |TAMS 0x0000000087000000, 0x0000000087000000| Untracked 
| 113|0x0000000087100000, 0x0000000087100000, 0x0000000087200000|  0%| F|  |TAMS 0x0000000087100000, 0x0000000087100000| Untracked 
| 114|0x0000000087200000, 0x0000000087200000, 0x0000000087300000|  0%| F|  |TAMS 0x0000000087200000, 0x0000000087200000| Untracked 
| 115|0x0000000087300000, 0x0000000087300000, 0x0000000087400000|  0%| F|  |TAMS 0x0000000087300000, 0x0000000087300000| Untracked 
| 116|0x0000000087400000, 0x0000000087400000, 0x0000000087500000|  0%| F|  |TAMS 0x0000000087400000, 0x0000000087400000| Untracked 
| 117|0x0000000087500000, 0x0000000087500000, 0x0000000087600000|  0%| F|  |TAMS 0x0000000087500000, 0x0000000087500000| Untracked 
| 118|0x0000000087600000, 0x0000000087600000, 0x0000000087700000|  0%| F|  |TAMS 0x0000000087600000, 0x0000000087600000| Untracked 
| 119|0x0000000087700000, 0x0000000087700000, 0x0000000087800000|  0%| F|  |TAMS 0x0000000087700000, 0x0000000087700000| Untracked 
| 120|0x0000000087800000, 0x0000000087800000, 0x0000000087900000|  0%| F|  |TAMS 0x0000000087800000, 0x0000000087800000| Untracked 
| 121|0x0000000087900000, 0x0000000087900000, 0x0000000087a00000|  0%| F|  |TAMS 0x0000000087900000, 0x0000000087900000| Untracked 
| 122|0x0000000087a00000, 0x0000000087a00000, 0x0000000087b00000|  0%| F|  |TAMS 0x0000000087a00000, 0x0000000087a00000| Untracked 
| 123|0x0000000087b00000, 0x0000000087b00000, 0x0000000087c00000|  0%| F|  |TAMS 0x0000000087b00000, 0x0000000087b00000| Untracked 
| 124|0x0000000087c00000, 0x0000000087c00000, 0x0000000087d00000|  0%| F|  |TAMS 0x0000000087c00000, 0x0000000087c00000| Untracked 
| 125|0x0000000087d00000, 0x0000000087d00000, 0x0000000087e00000|  0%| F|  |TAMS 0x0000000087d00000, 0x0000000087d00000| Untracked 
| 126|0x0000000087e00000, 0x0000000087e00000, 0x0000000087f00000|  0%| F|  |TAMS 0x0000000087e00000, 0x0000000087e00000| Untracked 
| 127|0x0000000087f00000, 0x0000000087f00000, 0x0000000088000000|  0%| F|  |TAMS 0x0000000087f00000, 0x0000000087f00000| Untracked 
| 128|0x0000000088000000, 0x0000000088000000, 0x0000000088100000|  0%| F|  |TAMS 0x0000000088000000, 0x0000000088000000| Untracked 
| 129|0x0000000088100000, 0x0000000088100000, 0x0000000088200000|  0%| F|  |TAMS 0x0000000088100000, 0x0000000088100000| Untracked 
| 130|0x0000000088200000, 0x0000000088200000, 0x0000000088300000|  0%| F|  |TAMS 0x0000000088200000, 0x0000000088200000| Untracked 
| 131|0x0000000088300000, 0x0000000088300000, 0x0000000088400000|  0%| F|  |TAMS 0x0000000088300000, 0x0000000088300000| Untracked 
| 132|0x0000000088400000, 0x0000000088400000, 0x0000000088500000|  0%| F|  |TAMS 0x0000000088400000, 0x0000000088400000| Untracked 
| 133|0x0000000088500000, 0x0000000088500000, 0x0000000088600000|  0%| F|  |TAMS 0x0000000088500000, 0x0000000088500000| Untracked 
| 134|0x0000000088600000, 0x0000000088600000, 0x0000000088700000|  0%| F|  |TAMS 0x0000000088600000, 0x0000000088600000| Untracked 
| 135|0x0000000088700000, 0x0000000088700000, 0x0000000088800000|  0%| F|  |TAMS 0x0000000088700000, 0x0000000088700000| Untracked 
| 136|0x0000000088800000, 0x0000000088800000, 0x0000000088900000|  0%| F|  |TAMS 0x0000000088800000, 0x0000000088800000| Untracked 
| 137|0x0000000088900000, 0x0000000088900000, 0x0000000088a00000|  0%| F|  |TAMS 0x0000000088900000, 0x0000000088900000| Untracked 
| 138|0x0000000088a00000, 0x0000000088a00000, 0x0000000088b00000|  0%| F|  |TAMS 0x0000000088a00000, 0x0000000088a00000| Untracked 
| 139|0x0000000088b00000, 0x0000000088b00000, 0x0000000088c00000|  0%| F|  |TAMS 0x0000000088b00000, 0x0000000088b00000| Untracked 
| 140|0x0000000088c00000, 0x0000000088d00000, 0x0000000088d00000|100%| S|CS|TAMS 0x0000000088c00000, 0x0000000088c00000| Complete 
| 141|0x0000000088d00000, 0x0000000088d00000, 0x0000000088e00000|  0%| F|  |TAMS 0x0000000088d00000, 0x0000000088d00000| Untracked 
| 142|0x0000000088e00000, 0x0000000088e00000, 0x0000000088f00000|  0%| F|  |TAMS 0x0000000088e00000, 0x0000000088e00000| Untracked 
| 143|0x0000000088f00000, 0x0000000088f00000, 0x0000000089000000|  0%| F|  |TAMS 0x0000000088f00000, 0x0000000088f00000| Untracked 

Card table byte_map: [0x0000021da4400000,0x0000021da4800000] _byte_map_base: 0x0000021da4000000

Marking Bits (Prev, Next): (CMBitMap*) 0x0000021d8ce0f990, (CMBitMap*) 0x0000021d8ce0f950
 Prev Bits: [0x0000021da6c00000, 0x0000021da8c00000)
 Next Bits: [0x0000021da4c00000, 0x0000021da6c00000)

Polling page: 0x0000021d8c5a0000

Metaspace:

Usage:
  Non-class:     44.24 MB capacity,    43.48 MB ( 98%) used,   707.85 KB (  2%) free+waste,    72.88 KB ( <1%) overhead. 
      Class:      6.39 MB capacity,     6.11 MB ( 96%) used,   255.16 KB (  4%) free+waste,    28.88 KB ( <1%) overhead. 
       Both:     50.63 MB capacity,    49.59 MB ( 98%) used,   963.02 KB (  2%) free+waste,   101.75 KB ( <1%) overhead. 

Virtual space:
  Non-class space:       46.00 MB reserved,      44.50 MB ( 97%) committed 
      Class space:        1.00 GB reserved,       6.50 MB ( <1%) committed 
             Both:        1.04 GB reserved,      51.00 MB (  5%) committed 

Chunk freelists:
   Non-Class:  74.00 KB
       Class:  48.00 KB
        Both:  122.00 KB

MaxMetaspaceSize: 17179869184.00 GB
CompressedClassSpaceSize: 1.00 GB

CodeHeap 'non-profiled nmethods': size=120064Kb used=3764Kb max_used=3764Kb free=116299Kb
 bounds [0x0000021d9cac0000, 0x0000021d9ce70000, 0x0000021da4000000]
CodeHeap 'profiled nmethods': size=120000Kb used=14444Kb max_used=14444Kb free=105555Kb
 bounds [0x0000021d95590000, 0x0000021d963b0000, 0x0000021d9cac0000]
CodeHeap 'non-nmethods': size=5696Kb used=2360Kb max_used=2406Kb free=3335Kb
 bounds [0x0000021d95000000, 0x0000021d95270000, 0x0000021d95590000]
 total_blobs=7703 nmethods=6857 adapters=759
 compilation: enabled
              stopped_count=0, restarted_count=0
 full_count=0

Compilation events (20 events):
Event: 65.610 Thread 0x0000021daad91a90 7804       4       java.lang.ref.ReferenceQueue::reallyPoll (65 bytes)
Event: 65.617 Thread 0x0000021daad91a90 nmethod 7804 0x0000021d9ce6a990 code [0x0000021d9ce6ab20, 0x0000021d9ce6ae98]
Event: 65.618 Thread 0x0000021daadfd020 7805       1       org.gradle.launcher.daemon.server.health.gc.GarbageCollectionEvent::getUsage (5 bytes)
Event: 65.618 Thread 0x0000021daadfd020 nmethod 7805 0x0000021d9ce6af10 code [0x0000021d9ce6b0a0, 0x0000021d9ce6b158]
Event: 65.666 Thread 0x0000021daadfd020 7806       3       org.gradle.internal.serialize.AbstractDecoder::readBinary (16 bytes)
Event: 65.667 Thread 0x0000021daadfd020 nmethod 7806 0x0000021d963acb90 code [0x0000021d963acd40, 0x0000021d963ad178]
Event: 65.695 Thread 0x0000021daadfd020 7807       1       java.lang.management.DefaultPlatformMBeanProvider$7::mbeanInterfaceNames (5 bytes)
Event: 65.696 Thread 0x0000021daadfd020 nmethod 7807 0x0000021d9ce6b210 code [0x0000021d9ce6b3a0, 0x0000021d9ce6b458]
Event: 65.696 Thread 0x0000021daadfd020 7808       1       com.sun.management.internal.PlatformMBeanProviderImpl$2::mbeanInterfaceNames (5 bytes)
Event: 65.696 Thread 0x0000021daadfd020 nmethod 7808 0x0000021d9ce6b510 code [0x0000021d9ce6b6a0, 0x0000021d9ce6b758]
Event: 65.696 Thread 0x0000021daadfd020 7809       1       com.sun.management.internal.PlatformMBeanProviderImpl$3::mbeanInterfaceNames (5 bytes)
Event: 65.696 Thread 0x0000021daadfd020 nmethod 7809 0x0000021d9ce6b810 code [0x0000021d9ce6b9a0, 0x0000021d9ce6ba58]
Event: 65.696 Thread 0x0000021daadfd020 7810       1       java.lang.management.DefaultPlatformMBeanProvider$5::mbeanInterfaceNames (5 bytes)
Event: 65.696 Thread 0x0000021daadfd020 nmethod 7810 0x0000021d9ce6bb10 code [0x0000021d9ce6bca0, 0x0000021d9ce6bd58]
Event: 65.696 Thread 0x0000021daadfd020 7811       1       java.lang.management.DefaultPlatformMBeanProvider$6::mbeanInterfaceNames (5 bytes)
Event: 65.697 Thread 0x0000021daadfd020 nmethod 7811 0x0000021d9ce6be10 code [0x0000021d9ce6bfa0, 0x0000021d9ce6c058]
Event: 66.195 Thread 0x0000021daad91a90 7812   !   4       jdk.internal.ref.PhantomCleanable::isListEmpty (34 bytes)
Event: 66.197 Thread 0x0000021daad91a90 nmethod 7812 0x0000021d9ce6c110 code [0x0000021d9ce6c2a0, 0x0000021d9ce6c478]
Event: 66.197 Thread 0x0000021daad91a90 7813   !   4       java.lang.ref.ReferenceQueue::remove (125 bytes)
Event: 66.216 Thread 0x0000021daad91a90 nmethod 7813 0x0000021d9ce6c590 code [0x0000021d9ce6c760, 0x0000021d9ce6d050]

GC Heap History (20 events):
Event: 62.871 GC heap after
{Heap after GC invocations=24 (full 0):
 garbage-first heap   total 119808K, used 66655K [0x0000000080000000, 0x0000000100000000)
  region size 1024K, 3 young (3072K), 3 survivors (3072K)
 Metaspace       used 50724K, capacity 51782K, committed 51968K, reserved 1095680K
  class space    used 6256K, capacity 6544K, committed 6656K, reserved 1048576K
}
Event: 63.297 GC heap before
{Heap before GC invocations=24 (full 0):
 garbage-first heap   total 119808K, used 94303K [0x0000000080000000, 0x0000000100000000)
  region size 1024K, 31 young (31744K), 3 survivors (3072K)
 Metaspace       used 50724K, capacity 51782K, committed 51968K, reserved 1095680K
  class space    used 6256K, capacity 6544K, committed 6656K, reserved 1048576K
}
Event: 63.308 GC heap after
{Heap after GC invocations=25 (full 0):
 garbage-first heap   total 119808K, used 73475K [0x0000000080000000, 0x0000000100000000)
  region size 1024K, 4 young (4096K), 4 survivors (4096K)
 Metaspace       used 50724K, capacity 51782K, committed 51968K, reserved 1095680K
  class space    used 6256K, capacity 6544K, committed 6656K, reserved 1048576K
}
Event: 63.658 GC heap before
{Heap before GC invocations=26 (full 0):
 garbage-first heap   total 132096K, used 90883K [0x0000000080000000, 0x0000000100000000)
  region size 1024K, 23 young (23552K), 4 survivors (4096K)
 Metaspace       used 50724K, capacity 51782K, committed 51968K, reserved 1095680K
  class space    used 6256K, capacity 6544K, committed 6656K, reserved 1048576K
}
Event: 63.671 GC heap after
{Heap after GC invocations=27 (full 0):
 garbage-first heap   total 132096K, used 77102K [0x0000000080000000, 0x0000000100000000)
  region size 1024K, 3 young (3072K), 3 survivors (3072K)
 Metaspace       used 50724K, capacity 51782K, committed 51968K, reserved 1095680K
  class space    used 6256K, capacity 6544K, committed 6656K, reserved 1048576K
}
Event: 63.796 GC heap before
{Heap before GC invocations=27 (full 0):
 garbage-first heap   total 132096K, used 79150K [0x0000000080000000, 0x0000000100000000)
  region size 1024K, 6 young (6144K), 3 survivors (3072K)
 Metaspace       used 50759K, capacity 51846K, committed 52224K, reserved 1095680K
  class space    used 6259K, capacity 6544K, committed 6656K, reserved 1048576K
}
Event: 63.814 GC heap after
{Heap after GC invocations=28 (full 0):
 garbage-first heap   total 132096K, used 69032K [0x0000000080000000, 0x0000000100000000)
  region size 1024K, 1 young (1024K), 1 survivors (1024K)
 Metaspace       used 50759K, capacity 51846K, committed 52224K, reserved 1095680K
  class space    used 6259K, capacity 6544K, committed 6656K, reserved 1048576K
}
Event: 64.626 GC heap before
{Heap before GC invocations=28 (full 0):
 garbage-first heap   total 132096K, used 98728K [0x0000000080000000, 0x0000000100000000)
  region size 1024K, 30 young (30720K), 1 survivors (1024K)
 Metaspace       used 50775K, capacity 51846K, committed 52224K, reserved 1095680K
  class space    used 6259K, capacity 6544K, committed 6656K, reserved 1048576K
}
Event: 64.630 GC heap after
{Heap after GC invocations=29 (full 0):
 garbage-first heap   total 132096K, used 69004K [0x0000000080000000, 0x0000000100000000)
  region size 1024K, 1 young (1024K), 1 survivors (1024K)
 Metaspace       used 50775K, capacity 51846K, committed 52224K, reserved 1095680K
  class space    used 6259K, capacity 6544K, committed 6656K, reserved 1048576K
}
Event: 65.075 GC heap before
{Heap before GC invocations=30 (full 0):
 garbage-first heap   total 132096K, used 96652K [0x0000000080000000, 0x0000000100000000)
  region size 1024K, 33 young (33792K), 1 survivors (1024K)
 Metaspace       used 50779K, capacity 51846K, committed 52224K, reserved 1095680K
  class space    used 6259K, capacity 6544K, committed 6656K, reserved 1048576K
}
Event: 65.079 GC heap after
{Heap after GC invocations=31 (full 0):
 garbage-first heap   total 132096K, used 65950K [0x0000000080000000, 0x0000000100000000)
  region size 1024K, 3 young (3072K), 3 survivors (3072K)
 Metaspace       used 50779K, capacity 51846K, committed 52224K, reserved 1095680K
  class space    used 6259K, capacity 6544K, committed 6656K, reserved 1048576K
}
Event: 65.106 GC heap before
{Heap before GC invocations=31 (full 0):
 garbage-first heap   total 132096K, used 69022K [0x0000000080000000, 0x0000000100000000)
  region size 1024K, 6 young (6144K), 3 survivors (3072K)
 Metaspace       used 50779K, capacity 51846K, committed 52224K, reserved 1095680K
  class space    used 6259K, capacity 6544K, committed 6656K, reserved 1048576K
}
Event: 65.133 GC heap after
{Heap after GC invocations=32 (full 0):
 garbage-first heap   total 132096K, used 57205K [0x0000000080000000, 0x0000000100000000)
  region size 1024K, 1 young (1024K), 1 survivors (1024K)
 Metaspace       used 50779K, capacity 51846K, committed 52224K, reserved 1095680K
  class space    used 6259K, capacity 6544K, committed 6656K, reserved 1048576K
}
Event: 65.581 GC heap before
{Heap before GC invocations=32 (full 0):
 garbage-first heap   total 132096K, used 100213K [0x0000000080000000, 0x0000000100000000)
  region size 1024K, 43 young (44032K), 1 survivors (1024K)
 Metaspace       used 50779K, capacity 51846K, committed 52224K, reserved 1095680K
  class space    used 6259K, capacity 6544K, committed 6656K, reserved 1048576K
}
Event: 65.596 GC heap after
{Heap after GC invocations=33 (full 0):
 garbage-first heap   total 132096K, used 73068K [0x0000000080000000, 0x0000000100000000)
  region size 1024K, 6 young (6144K), 6 survivors (6144K)
 Metaspace       used 50779K, capacity 51846K, committed 52224K, reserved 1095680K
  class space    used 6259K, capacity 6544K, committed 6656K, reserved 1048576K
}
Event: 65.835 GC heap before
{Heap before GC invocations=33 (full 0):
 garbage-first heap   total 132096K, used 99692K [0x0000000080000000, 0x0000000100000000)
  region size 1024K, 32 young (32768K), 6 survivors (6144K)
 Metaspace       used 50780K, capacity 51846K, committed 52224K, reserved 1095680K
  class space    used 6259K, capacity 6544K, committed 6656K, reserved 1048576K
}
Event: 65.847 GC heap after
{Heap after GC invocations=34 (full 0):
 garbage-first heap   total 132096K, used 78336K [0x0000000080000000, 0x0000000100000000)
  region size 1024K, 4 young (4096K), 4 survivors (4096K)
 Metaspace       used 50780K, capacity 51846K, committed 52224K, reserved 1095680K
  class space    used 6259K, capacity 6544K, committed 6656K, reserved 1048576K
}
Event: 66.178 GC heap before
{Heap before GC invocations=35 (full 0):
 garbage-first heap   total 147456K, used 99840K [0x0000000080000000, 0x0000000100000000)
  region size 1024K, 26 young (26624K), 4 survivors (4096K)
 Metaspace       used 50781K, capacity 51846K, committed 52224K, reserved 1095680K
  class space    used 6259K, capacity 6544K, committed 6656K, reserved 1048576K
}
Event: 66.191 GC heap after
{Heap after GC invocations=36 (full 0):
 garbage-first heap   total 147456K, used 86016K [0x0000000080000000, 0x0000000100000000)
  region size 1024K, 4 young (4096K), 4 survivors (4096K)
 Metaspace       used 50781K, capacity 51846K, committed 52224K, reserved 1095680K
  class space    used 6259K, capacity 6544K, committed 6656K, reserved 1048576K
}
Event: 66.223 GC heap before
{Heap before GC invocations=36 (full 0):
 garbage-first heap   total 147456K, used 88064K [0x0000000080000000, 0x0000000100000000)
  region size 1024K, 7 young (7168K), 4 survivors (4096K)
 Metaspace       used 50781K, capacity 51846K, committed 52224K, reserved 1095680K
  class space    used 6259K, capacity 6544K, committed 6656K, reserved 1048576K
}

Deoptimization events (20 events):
Event: 64.423 Thread 0x0000021daadfb440 Uncommon trap: trap_request=0xffffff45 fr.pc=0x0000021d9ce40f40 relative=0x00000000000001a0
Event: 64.423 Thread 0x0000021daadfb440 Uncommon trap: reason=unstable_if action=reinterpret pc=0x0000021d9ce40f40 method=org.gradle.internal.fingerprint.impl.DefaultFileSystemLocationFingerprint.compareTo(Lorg/gradle/internal/fingerprint/FileSystemLocationFingerprint;)I @ 15 c2
Event: 64.423 Thread 0x0000021daadfb440 DEOPT PACKING pc=0x0000021d9ce40f40 sp=0x000000c4077fa8c0
Event: 64.423 Thread 0x0000021daadfb440 DEOPT UNPACKING pc=0x0000021d9504e12f sp=0x000000c4077fa7f0 mode 2
Event: 64.487 Thread 0x0000021daadfb440 Uncommon trap: trap_request=0xffffffd6 fr.pc=0x0000021d9ce645d0 relative=0x0000000000000690
Event: 64.487 Thread 0x0000021daadfb440 Uncommon trap: reason=array_check action=maybe_recompile pc=0x0000021d9ce645d0 method=java.util.ComparableTimSort.binarySort([Ljava/lang/Object;III)V @ 215 c2
Event: 64.487 Thread 0x0000021daadfb440 DEOPT PACKING pc=0x0000021d9ce645d0 sp=0x000000c4077fab00
Event: 64.487 Thread 0x0000021daadfb440 DEOPT UNPACKING pc=0x0000021d9504e12f sp=0x000000c4077faaa0 mode 2
Event: 64.487 Thread 0x0000021daadfb440 Uncommon trap: trap_request=0xffffffd6 fr.pc=0x0000021d9ce64780 relative=0x0000000000000840
Event: 64.487 Thread 0x0000021daadfb440 Uncommon trap: reason=array_check action=maybe_recompile pc=0x0000021d9ce64780 method=java.util.ComparableTimSort.binarySort([Ljava/lang/Object;III)V @ 183 c2
Event: 64.487 Thread 0x0000021daadfb440 DEOPT PACKING pc=0x0000021d9ce64780 sp=0x000000c4077fab00
Event: 64.489 Thread 0x0000021daadfb440 DEOPT UNPACKING pc=0x0000021d9504e12f sp=0x000000c4077faaa0 mode 2
Event: 64.489 Thread 0x0000021daadfb440 Uncommon trap: trap_request=0xffffffd6 fr.pc=0x0000021d9ce646d0 relative=0x0000000000000790
Event: 64.489 Thread 0x0000021daadfb440 Uncommon trap: reason=array_check action=maybe_recompile pc=0x0000021d9ce646d0 method=java.util.ComparableTimSort.binarySort([Ljava/lang/Object;III)V @ 193 c2
Event: 64.489 Thread 0x0000021daadfb440 DEOPT PACKING pc=0x0000021d9ce646d0 sp=0x000000c4077fab00
Event: 64.489 Thread 0x0000021daadfb440 DEOPT UNPACKING pc=0x0000021d9504e12f sp=0x000000c4077faaa0 mode 2
Event: 64.489 Thread 0x0000021daadfb440 Uncommon trap: trap_request=0xffffffd6 fr.pc=0x0000021d9ce64780 relative=0x0000000000000840
Event: 64.489 Thread 0x0000021daadfb440 Uncommon trap: reason=array_check action=maybe_recompile pc=0x0000021d9ce64780 method=java.util.ComparableTimSort.binarySort([Ljava/lang/Object;III)V @ 183 c2
Event: 64.489 Thread 0x0000021daadfb440 DEOPT PACKING pc=0x0000021d9ce64780 sp=0x000000c4077fab00
Event: 64.489 Thread 0x0000021daadfb440 DEOPT UNPACKING pc=0x0000021d9504e12f sp=0x000000c4077faaa0 mode 2

Classes unloaded (15 events):
Event: 34.100 Thread 0x0000021daad6af50 Unloading class 0x0000000801068040 '_BuildScript_$_run_closure1$_closure3'
Event: 34.101 Thread 0x0000021daad6af50 Unloading class 0x000000080104f3f8 '_BuildScript_$_run_closure1$_closure2'
Event: 34.101 Thread 0x0000021daad6af50 Unloading class 0x000000080104f040 '_BuildScript_$_run_closure1'
Event: 34.101 Thread 0x0000021daad6af50 Unloading class 0x000000080104f840 '_BuildScript_'
Event: 34.101 Thread 0x0000021daad6af50 Unloading class 0x0000000800fe4840 '_BuildScript_'
Event: 34.101 Thread 0x0000021daad6af50 Unloading class 0x0000000800f83040 '_BuildScript_'
Event: 34.101 Thread 0x0000021daad6af50 Unloading class 0x0000000800f84308 'RegistryProcessor$_extraModelBuilderIsRegistered_closure1'
Event: 34.101 Thread 0x0000021daad6af50 Unloading class 0x0000000800f84040 'RegistryProcessor'
Event: 34.101 Thread 0x0000021daad6af50 Unloading class 0x0000000800f84bf8 'JetGradlePlugin$_apply_closure1$_closure2$_closure3'
Event: 34.101 Thread 0x0000021daad6af50 Unloading class 0x0000000800f84840 'JetGradlePlugin$_apply_closure1$_closure2'
Event: 34.101 Thread 0x0000021daad6af50 Unloading class 0x0000000800f852d8 'JetGradlePlugin$_apply_closure1'
Event: 34.101 Thread 0x0000021daad6af50 Unloading class 0x0000000800f85040 'JetGradlePlugin'
Event: 34.101 Thread 0x0000021daad6af50 Unloading class 0x0000000800f86bf8 '_BuildScript_$_run_closure1$_closure2'
Event: 34.101 Thread 0x0000021daad6af50 Unloading class 0x0000000800f86840 '_BuildScript_$_run_closure1'
Event: 34.101 Thread 0x0000021daad6af50 Unloading class 0x0000000800f87040 '_BuildScript_'

Classes redefined (0 events):
No events

Internal exceptions (20 events):
Event: 22.513 Thread 0x0000021daadfb440 Exception <a 'java/lang/ClassNotFoundException'{0x000000008637aa58}: org/gradle/api/internal/DefaultNamedDomainObjectListBeanInfo> (0x000000008637aa58) 
thrown [./open/src/hotspot/share/classfile/systemDictionary.cpp, line 295]
Event: 22.515 Thread 0x0000021daadfb440 Exception <a 'java/lang/ClassNotFoundException'{0x000000008638aab8}: org/gradle/api/internal/DefaultNamedDomainObjectCollectionBeanInfo> (0x000000008638aab8) 
thrown [./open/src/hotspot/share/classfile/systemDictionary.cpp, line 295]
Event: 22.518 Thread 0x0000021daadfb440 Exception <a 'java/lang/ClassNotFoundException'{0x000000008639ab00}: org/gradle/api/internal/DefaultDomainObjectCollectionBeanInfo> (0x000000008639ab00) 
thrown [./open/src/hotspot/share/classfile/systemDictionary.cpp, line 295]
Event: 22.519 Thread 0x0000021daadfb440 Exception <a 'java/lang/ClassNotFoundException'{0x00000000863aab40}: org/gradle/api/internal/DefaultDomainObjectCollectionCustomizer> (0x00000000863aab40) 
thrown [./open/src/hotspot/share/classfile/systemDictionary.cpp, line 295]
Event: 22.524 Thread 0x0000021daadfb440 Exception <a 'java/lang/ClassNotFoundException'{0x00000000863d8210}: org/gradle/api/internal/DefaultNamedDomainObjectCollectionCustomizer> (0x00000000863d8210) 
thrown [./open/src/hotspot/share/classfile/systemDictionary.cpp, line 295]
Event: 22.531 Thread 0x0000021daadfb440 Exception <a 'java/lang/ClassNotFoundException'{0x000000008620f598}: org/gradle/api/internal/DefaultNamedDomainObjectListCustomizer> (0x000000008620f598) 
thrown [./open/src/hotspot/share/classfile/systemDictionary.cpp, line 295]
Event: 22.539 Thread 0x0000021daadfb440 Exception <a 'java/lang/ClassNotFoundException'{0x0000000086239e20}: org/gradle/api/internal/artifacts/DefaultArtifactRepositoryContainerCustomizer> (0x0000000086239e20) 
thrown [./open/src/hotspot/share/classfile/systemDictionary.cpp, line 295]
Event: 22.546 Thread 0x0000021daadfb440 Exception <a 'java/lang/ClassNotFoundException'{0x000000008625ca90}: org/gradle/api/internal/artifacts/dsl/DefaultRepositoryHandlerCustomizer> (0x000000008625ca90) 
thrown [./open/src/hotspot/share/classfile/systemDictionary.cpp, line 295]
Event: 22.550 Thread 0x0000021daadfb440 Exception <a 'java/lang/ClassNotFoundException'{0x000000008628be68}: org/gradle/api/internal/artifacts/dsl/DefaultRepositoryHandler_DecoratedCustomizer> (0x000000008628be68) 
thrown [./open/src/hotspot/share/classfile/systemDictionary.cpp, line 295]
Event: 22.677 Thread 0x0000021daadfb440 Exception <a 'java/lang/NoSuchMethodError'{0x0000000085f01ba0}: 'int java.lang.invoke.DirectMethodHandle$Holder.invokeStaticInit(java.lang.Object, java.lang.Object, java.lang.Object, java.lang.Object)'> (0x0000000085f01ba0) 
thrown [./open/src/hotspot/share/interpreter/linkResolver.cpp, line 782]
Event: 23.057 Thread 0x0000021daadfb440 Exception <a 'java/lang/NoSuchMethodError'{0x0000000085bcf408}: 'java.lang.Object java.lang.invoke.DirectMethodHandle$Holder.invokeSpecial(java.lang.Object, java.lang.Object, java.lang.Object, int, java.lang.Object)'> (0x0000000085bcf408) 
thrown [./open/src/hotspot/share/interpreter/linkResolver.cpp, line 782]
Event: 23.058 Thread 0x0000021daadfb440 Exception <a 'java/lang/NoSuchMethodError'{0x0000000085bda020}: 'java.lang.Object java.lang.invoke.DirectMethodHandle$Holder.newInvokeSpecial(java.lang.Object, java.lang.Object, java.lang.Object, int)'> (0x0000000085bda020) 
thrown [./open/src/hotspot/share/interpreter/linkResolver.cpp, line 782]
Event: 23.059 Thread 0x0000021daadfb440 Exception <a 'java/lang/NoSuchMethodError'{0x0000000085bdefa8}: 'java.lang.Object java.lang.invoke.DirectMethodHandle$Holder.invokeSpecial(java.lang.Object, java.lang.Object, java.lang.Object, java.lang.Object, int)'> (0x0000000085bdefa8) 
thrown [./open/src/hotspot/share/interpreter/linkResolver.cpp, line 782]
Event: 23.060 Thread 0x0000021daadfb440 Exception <a 'java/lang/NoSuchMethodError'{0x0000000085be3808}: 'java.lang.Object java.lang.invoke.Invokers$Holder.linkToTargetMethod(java.lang.Object, java.lang.Object, int, java.lang.Object)'> (0x0000000085be3808) 
thrown [./open/src/hotspot/share/interpreter/linkResolver.cpp, line 782]
Event: 23.291 Thread 0x0000021daadfb440 Implicit null exception at 0x0000021d9cb02bf4 to 0x0000021d9cb03170
Event: 24.591 Thread 0x0000021daadfb440 Exception <a 'sun/nio/fs/WindowsException'{0x0000000085077d40}> (0x0000000085077d40) 
thrown [./open/src/hotspot/share/prims/jni.cpp, line 578]
Event: 24.648 Thread 0x0000021daadfb440 Exception <a 'java/lang/IncompatibleClassChangeError'{0x00000000850a4500}: Found class java.lang.Object, but interface was expected> (0x00000000850a4500) 
thrown [./open/src/hotspot/share/interpreter/linkResolver.cpp, line 848]
Event: 43.038 Thread 0x0000021daadfb440 Exception <a 'java/lang/NoSuchMethodError'{0x000000008532e078}: 'void java.lang.invoke.DirectMethodHandle$Holder.invokeStatic(java.lang.Object, java.lang.Object, java.lang.Object, int, java.lang.Object)'> (0x000000008532e078) 
thrown [./open/src/hotspot/share/interpreter/linkResolver.cpp, line 782]
Event: 62.677 Thread 0x0000021daadfb440 Implicit null exception at 0x0000021d9cccfaf8 to 0x0000021d9ccd01b4
Event: 62.677 Thread 0x0000021daadfb440 Implicit null exception at 0x0000021d9ccd0978 to 0x0000021d9ccd0fe0

Events (20 events):
Event: 64.752 Executing VM operation: G1Concurrent
Event: 64.767 Executing VM operation: G1Concurrent done
Event: 64.830 Executing VM operation: G1Concurrent
Event: 64.830 Executing VM operation: G1Concurrent done
Event: 65.075 Executing VM operation: G1CollectForAllocation
Event: 65.079 Executing VM operation: G1CollectForAllocation done
Event: 65.106 Executing VM operation: G1CollectForAllocation
Event: 65.133 Executing VM operation: G1CollectForAllocation done
Event: 65.581 Executing VM operation: G1CollectForAllocation
Event: 65.596 Executing VM operation: G1CollectForAllocation done
Event: 65.835 Executing VM operation: G1CollectForAllocation
Event: 65.848 Executing VM operation: G1CollectForAllocation done
Event: 65.923 Thread 0x0000021dad324d50 Thread exited: 0x0000021dad324d50
Event: 65.970 Executing VM operation: G1Concurrent
Event: 65.981 Executing VM operation: G1Concurrent done
Event: 66.048 Executing VM operation: G1Concurrent
Event: 66.048 Executing VM operation: G1Concurrent done
Event: 66.177 Executing VM operation: G1CollectForAllocation
Event: 66.191 Executing VM operation: G1CollectForAllocation done
Event: 66.223 Executing VM operation: G1CollectForAllocation


Dynamic libraries:
0x00007ff690dd0000 - 0x00007ff690ddf000 	C:\Program Files\Java\jdk-15.0.1\bin\java.exe
0x00007ffc09320000 - 0x00007ffc09510000 	C:\Windows\SYSTEM32\ntdll.dll
0x00007ffc07c10000 - 0x00007ffc07cc2000 	C:\Windows\System32\KERNEL32.DLL
0x00007ffc06500000 - 0x00007ffc067a5000 	C:\Windows\System32\KERNELBASE.dll
0x00007ffc07270000 - 0x00007ffc0736a000 	C:\Windows\System32\ucrtbase.dll
0x00007ffbec180000 - 0x00007ffbec198000 	C:\Program Files\Java\jdk-15.0.1\bin\jli.dll
0x00007ffc07870000 - 0x00007ffc07913000 	C:\Windows\System32\ADVAPI32.dll
0x00007ffc08ed0000 - 0x00007ffc08f6e000 	C:\Windows\System32\msvcrt.dll
0x00007ffc08c80000 - 0x00007ffc08d17000 	C:\Windows\System32\sechost.dll
0x00007ffc07410000 - 0x00007ffc0752f000 	C:\Windows\System32\RPCRT4.dll
0x00007ffc090c0000 - 0x00007ffc09254000 	C:\Windows\System32\USER32.dll
0x00007ffc06290000 - 0x00007ffc062b1000 	C:\Windows\System32\win32u.dll
0x00007ffc073e0000 - 0x00007ffc07406000 	C:\Windows\System32\GDI32.dll
0x00007ffc06360000 - 0x00007ffc064f8000 	C:\Windows\System32\gdi32full.dll
0x00007ffc062c0000 - 0x00007ffc0635e000 	C:\Windows\System32\msvcp_win.dll
0x00007ffbf9bc0000 - 0x00007ffbf9e44000 	C:\Windows\WinSxS\amd64_microsoft.windows.common-controls_6595b64144ccf1df_6.0.18362.1556_none_9e7e372fe45e41d5\COMCTL32.dll
0x00007ffc07530000 - 0x00007ffc07866000 	C:\Windows\System32\combase.dll
0x00007ffc067d0000 - 0x00007ffc06851000 	C:\Windows\System32\bcryptPrimitives.dll
0x00007ffbfe100000 - 0x00007ffbfe10a000 	C:\Windows\SYSTEM32\VERSION.dll
0x00007ffbea760000 - 0x00007ffbea779000 	C:\Program Files\Java\jdk-15.0.1\bin\VCRUNTIME140.dll
0x00007ffc083d0000 - 0x00007ffc083fe000 	C:\Windows\System32\IMM32.DLL
0x00007ffbef8f0000 - 0x00007ffbef8fc000 	C:\Program Files\Java\jdk-15.0.1\bin\vcruntime140_1.dll
0x00007ffbde0a0000 - 0x00007ffbde131000 	C:\Program Files\Java\jdk-15.0.1\bin\msvcp140.dll
0x00007ffbc0bc0000 - 0x00007ffbc171e000 	C:\Program Files\Java\jdk-15.0.1\bin\server\jvm.dll
0x00007ffc090b0000 - 0x00007ffc090b8000 	C:\Windows\System32\PSAPI.DLL
0x00007ffc00810000 - 0x00007ffc00819000 	C:\Windows\SYSTEM32\WSOCK32.dll
0x00007ffc08f70000 - 0x00007ffc08fdf000 	C:\Windows\System32\WS2_32.dll
0x00007ffbfd4f0000 - 0x00007ffbfd514000 	C:\Windows\SYSTEM32\WINMM.dll
0x00007ffbfcde0000 - 0x00007ffbfce0d000 	C:\Windows\SYSTEM32\WINMMBASE.dll
0x00007ffc06a70000 - 0x00007ffc06aba000 	C:\Windows\System32\cfgmgr32.dll
0x00007ffc06270000 - 0x00007ffc06281000 	C:\Windows\System32\kernel.appcore.dll
0x00007ffbef0a0000 - 0x00007ffbef0aa000 	C:\Program Files\Java\jdk-15.0.1\bin\jimage.dll
0x00007ffc01230000 - 0x00007ffc01424000 	C:\Windows\SYSTEM32\DBGHELP.DLL
0x00007ffc01200000 - 0x00007ffc0122a000 	C:\Windows\SYSTEM32\dbgcore.DLL
0x00007ffbde070000 - 0x00007ffbde095000 	C:\Program Files\Java\jdk-15.0.1\bin\java.dll
0x00007ffc07ce0000 - 0x00007ffc083c7000 	C:\Windows\System32\SHELL32.dll
0x00007ffc08470000 - 0x00007ffc08518000 	C:\Windows\System32\shcore.dll
0x00007ffc06af0000 - 0x00007ffc0726b000 	C:\Windows\System32\windows.storage.dll
0x00007ffc061e0000 - 0x00007ffc061fe000 	C:\Windows\System32\profapi.dll
0x00007ffc06220000 - 0x00007ffc0626a000 	C:\Windows\System32\powrprof.dll
0x00007ffc061d0000 - 0x00007ffc061e0000 	C:\Windows\System32\UMPDC.dll
0x00007ffc08af0000 - 0x00007ffc08b42000 	C:\Windows\System32\shlwapi.dll
0x00007ffc067b0000 - 0x00007ffc067c7000 	C:\Windows\System32\cryptsp.dll
0x00007ffbe6110000 - 0x00007ffbe6129000 	C:\Program Files\Java\jdk-15.0.1\bin\net.dll
0x00007ffc01f20000 - 0x00007ffc0201a000 	C:\Windows\SYSTEM32\WINHTTP.dll
0x00007ffc059b0000 - 0x00007ffc05a17000 	C:\Windows\system32\mswsock.dll
0x00007ffbe5ca0000 - 0x00007ffbe5cb2000 	C:\Program Files\Java\jdk-15.0.1\bin\nio.dll
0x00007ffbd9560000 - 0x00007ffbd9578000 	C:\Program Files\Java\jdk-15.0.1\bin\zip.dll
0x00007ffbeeda0000 - 0x00007ffbeedb0000 	C:\Program Files\Java\jdk-15.0.1\bin\verify.dll
0x00007ffbde200000 - 0x00007ffbde227000 	C:\Users\Abdulla\.gradle\native\c976cfcca226fdd4bee4412e95191dd41148b7504f9625baeda1d523bc39a967\windows-amd64\native-platform.dll
0x00007ffbeed40000 - 0x00007ffbeed49000 	C:\Program Files\Java\jdk-15.0.1\bin\management.dll
0x00007ffbee2c0000 - 0x00007ffbee2cb000 	C:\Program Files\Java\jdk-15.0.1\bin\management_ext.dll
0x00007ffc05530000 - 0x00007ffc05563000 	C:\Windows\system32\rsaenh.dll
0x00007ffc06ac0000 - 0x00007ffc06ae6000 	C:\Windows\System32\bcrypt.dll
0x00007ffc060f0000 - 0x00007ffc06115000 	C:\Windows\SYSTEM32\USERENV.dll
0x00007ffc05b80000 - 0x00007ffc05b8c000 	C:\Windows\SYSTEM32\CRYPTBASE.dll
0x00007ffc056c0000 - 0x00007ffc056fa000 	C:\Windows\SYSTEM32\IPHLPAPI.DLL
0x00007ffc073d0000 - 0x00007ffc073d8000 	C:\Windows\System32\NSI.dll
0x00007ffc01da0000 - 0x00007ffc01db6000 	C:\Windows\SYSTEM32\dhcpcsvc6.DLL
0x00007ffc02290000 - 0x00007ffc022ac000 	C:\Windows\SYSTEM32\dhcpcsvc.DLL
0x00007ffc05700000 - 0x00007ffc057cb000 	C:\Windows\SYSTEM32\DNSAPI.dll
0x00007ffc00910000 - 0x00007ffc0091d000 	C:\Program Files\Java\jdk-15.0.1\bin\sunmscapi.dll
0x00007ffc06910000 - 0x00007ffc06a61000 	C:\Windows\System32\CRYPT32.dll
0x00007ffc06200000 - 0x00007ffc06212000 	C:\Windows\System32\MSASN1.dll
0x00007ffc05c90000 - 0x00007ffc05cb6000 	C:\Windows\SYSTEM32\ncrypt.dll
0x00007ffc05c50000 - 0x00007ffc05c8b000 	C:\Windows\SYSTEM32\NTASN1.dll
0x00007ffbfee60000 - 0x00007ffbfee6a000 	C:\Windows\System32\rasadhlp.dll
0x00007ffc016f0000 - 0x00007ffc01767000 	C:\Windows\System32\fwpuclnt.dll

dbghelp: loaded successfully - version: 4.0.5 - missing functions: none
symbol engine: initialized successfully - sym options: 0x614 - pdb path: .;C:\Program Files\Java\jdk-15.0.1\bin;C:\Windows\SYSTEM32;C:\Windows\WinSxS\amd64_microsoft.windows.common-controls_6595b64144ccf1df_6.0.18362.1556_none_9e7e372fe45e41d5;C:\Program Files\Java\jdk-15.0.1\bin\server;C:\Users\Abdulla\.gradle\native\c976cfcca226fdd4bee4412e95191dd41148b7504f9625baeda1d523bc39a967\windows-amd64

VM Arguments:
jvm_args: --add-opens=java.base/java.util=ALL-UNNAMED --add-opens=java.base/java.lang=ALL-UNNAMED --add-opens=java.base/java.lang.invoke=ALL-UNNAMED --add-opens=java.prefs/java.util.prefs=ALL-UNNAMED -Xmx2048m -Dfile.encoding=windows-1256 -Duser.country=US -Duser.language=en -Duser.variant 
java_command: org.gradle.launcher.daemon.bootstrap.GradleDaemon 6.3
java_class_path (initial): C:\Users\Abdulla\.gradle\wrapper\dists\gradle-6.3-all\b4awcolw9l59x95tu1obfh9i8\gradle-6.3\lib\gradle-launcher-6.3.jar
Launcher Type: SUN_STANDARD

[Global flags]
     intx CICompilerCount                          = 2                                         {product} {ergonomic}
     uint ConcGCThreads                            = 1                                         {product} {ergonomic}
     uint G1ConcRefinementThreads                  = 2                                         {product} {ergonomic}
   size_t G1HeapRegionSize                         = 1048576                                   {product} {ergonomic}
    uintx GCDrainStackTargetSize                   = 64                                        {product} {ergonomic}
   size_t InitialHeapSize                          = 121634816                                 {product} {ergonomic}
   size_t MarkStackSize                            = 4194304                                   {product} {ergonomic}
   size_t MaxHeapSize                              = 2147483648                                {product} {command line}
   size_t MaxNewSize                               = 1287651328                                {product} {ergonomic}
   size_t MinHeapDeltaBytes                        = 1048576                                   {product} {ergonomic}
   size_t MinHeapSize                              = 8388608                                   {product} {ergonomic}
    uintx NonNMethodCodeHeapSize                   = 5826188                                {pd product} {ergonomic}
    uintx NonProfiledCodeHeapSize                  = 122916026                              {pd product} {ergonomic}
    uintx ProfiledCodeHeapSize                     = 122916026                              {pd product} {ergonomic}
    uintx ReservedCodeCacheSize                    = 251658240                              {pd product} {ergonomic}
     bool SegmentedCodeCache                       = true                                      {product} {ergonomic}
   size_t SoftMaxHeapSize                          = 2147483648                             {manageable} {ergonomic}
     bool UseCompressedClassPointers               = true                                 {lp64_product} {ergonomic}
     bool UseCompressedOops                        = true                                 {lp64_product} {ergonomic}
     bool UseG1GC                                  = true                                      {product} {ergonomic}
     bool UseLargePagesIndividualAllocation        = false                                  {pd product} {ergonomic}

Logging:
Log output configuration:
 #0: stdout all=warning uptime,level,tags
 #1: stderr all=off uptime,level,tags

Environment Variables:
JAVA_HOME=C:\Program Files\Java\jdk-15.0.1
PATH=C:\Program Files\Common Files\Oracle\Java\javapath;C:\Windows\system32;C:\Windows;C:\Windows\System32\Wbem;C:\Windows\System32\WindowsPowerShell\v1.0\;C:\Windows\System32\OpenSSH\;C:\Program Files (x86)\Microsoft SQL Server\120\DTS\Binn\;C:\Program Files (x86)\Microsoft SQL Server\Client SDK\ODBC\110\Tools\Binn\;C:\Program Files (x86)\Microsoft SQL Server\120\Tools\Binn\;C:\Program Files (x86)\Microsoft SQL Server\120\Tools\Binn\ManagementStudio\;C:\program Files\java\jdk-15.0.1\bin;C:\Program Files\Git\cmd;C:\Users\Abdulla\AppData\Local\Microsoft\WindowsApps;;C:\Users\Abdulla\AppData\Local\Programs\Microsoft VS Code\bin
USERNAME=Abdulla
OS=Windows_NT
PROCESSOR_IDENTIFIER=AMD64 Family 21 Model 16 Stepping 1, AuthenticAMD



---------------  S Y S T E M  ---------------

OS:
 Windows 10 , 64 bit Build 18362 (10.0.18362.1500)
OS uptime: 1 days 0:12 hours

CPU: total 2 (initial active 2) (2 cores per cpu, 1 threads per core) family 21 model 16 stepping 1 microcode 0x0, cmov, cx8, fxsr, mmx, sse, sse2, sse3, ssse3, sse4.1, sse4.2, popcnt, vzeroupper, avx, aes, clmul, 3dnowpref, lzcnt, sse4a, tsc, tscinvbit, tscinv, bmi1, fma, clflush

Memory: 4k page, system-wide physical 7369M (720M free)
TotalPageFile size 7369M (AvailPageFile size 18M)
current process WorkingSet (physical memory assigned to process): 354M, peak: 354M
current process commit charge ("private bytes"): 461M, peak: 490M

vm_info: Java HotSpot(TM) 64-Bit Server VM (15.0.1+9-18) for windows-amd64 JRE (15.0.1+9-18), built on Sep 15 2020 14:43:54 by "mach5one" with unknown MS VC++:1925

END.
